TN:
SF:/home/runner/work/AEB-stellantis-project/AEB-stellantis-project/src/decision/aeb_fsm.c
FN:134,151,fsm_init
FN:153,381,fsm_step
FN:31,51,state_to_decel_target
FN:56,74,state_to_alert_level
FN:81,132,evaluate_desired_state
FNDA:36,fsm_init
FNDA:1726,fsm_step
FNDA:1711,state_to_decel_target
FNDA:1711,state_to_alert_level
FNDA:1720,evaluate_desired_state
FNF:5
FNH:5
BRDA:35,0,0,8
BRDA:35,0,1,2
BRDA:35,0,2,42
BRDA:35,0,3,1659
BRDA:60,0,0,369
BRDA:60,0,1,1342
BRDA:60,0,2,8
BRDA:60,0,3,361
BRDA:64,0,0,359
BRDA:64,0,1,2
BRDA:64,0,2,42
BRDA:64,0,3,317
BRDA:87,0,0,341
BRDA:87,0,1,1379
BRDA:92,0,0,2
BRDA:92,0,1,1377
BRDA:97,0,0,3
BRDA:97,0,1,1374
BRDA:101,0,0,1
BRDA:101,0,1,1373
BRDA:105,0,0,27
BRDA:105,0,1,1346
BRDA:110,0,0,104
BRDA:110,0,1,1242
BRDA:114,0,0,5
BRDA:114,0,1,1237
BRDA:118,0,0,1
BRDA:118,0,1,1236
BRDA:122,0,0,1211
BRDA:122,0,1,25
BRDA:136,0,0,36
BRDA:136,0,1,0
BRDA:172,0,0,1726
BRDA:172,0,1,0
BRDA:172,0,2,1724
BRDA:172,0,3,2
BRDA:172,0,4,1723
BRDA:172,0,5,1
BRDA:173,0,0,1722
BRDA:173,0,1,1
BRDA:173,0,2,1721
BRDA:173,0,3,1
BRDA:174,0,0,1
BRDA:174,0,1,1720
BRDA:184,0,0,1719
BRDA:184,0,1,1
BRDA:196,0,0,0
BRDA:196,0,1,1720
BRDA:205,0,0,1719
BRDA:205,0,1,1
BRDA:205,0,2,1
BRDA:205,0,3,1718
BRDA:224,0,0,1716
BRDA:224,0,1,2
BRDA:224,0,2,1714
BRDA:224,0,3,2
BRDA:225,0,0,1
BRDA:225,0,1,1713
BRDA:227,0,0,5
BRDA:227,0,1,1713
BRDA:227,0,2,3
BRDA:227,0,3,2
BRDA:242,0,0,1712
BRDA:242,0,1,3
BRDA:243,0,0,1
BRDA:243,0,1,1711
BRDA:245,0,0,4
BRDA:245,0,1,1711
BRDA:247,0,0,2
BRDA:247,0,1,2
BRDA:247,0,2,1
BRDA:247,0,3,1
BRDA:266,0,0,304
BRDA:266,0,1,1333
BRDA:266,0,2,44
BRDA:266,0,3,30
BRDA:270,0,0,303
BRDA:270,0,1,1
BRDA:271,0,0,1
BRDA:271,0,1,302
BRDA:280,0,0,50
BRDA:280,0,1,1283
BRDA:283,0,0,2
BRDA:283,0,1,48
BRDA:290,0,0,1281
BRDA:290,0,1,2
BRDA:290,0,2,1279
BRDA:290,0,3,2
BRDA:291,0,0,84
BRDA:291,0,1,1195
BRDA:294,0,0,8
BRDA:294,0,1,80
BRDA:318,0,0,1
BRDA:318,0,1,43
BRDA:324,0,0,20
BRDA:324,0,1,23
BRDA:328,0,0,1
BRDA:328,0,1,19
BRDA:345,0,0,15
BRDA:345,0,1,15
BRDA:349,0,0,14
BRDA:349,0,1,1
BRDA:349,0,2,13
BRDA:349,0,3,1
BRDA:350,0,0,2
BRDA:350,0,1,11
BRDA:366,0,0,33
BRDA:366,0,1,1678
BRDA:378,0,0,354
BRDA:378,0,1,1357
BRDA:378,0,2,52
BRDA:378,0,3,302
BRF:112
BRH:109
DA:31,1711
DA:33,1711
DA:35,1711
DA:36,8
DA:37,8
DA:38,8
DA:39,2
DA:40,2
DA:41,2
DA:42,42
DA:43,42
DA:44,42
DA:45,1659
DA:46,1659
DA:47,1659
DA:50,1711
DA:56,1711
DA:58,1711
DA:60,1711
DA:62,1350
DA:64,361
DA:66,44
DA:70,317
DA:73,1711
DA:81,1720
DA:84,1720
DA:87,1720
DA:89,341
DA:92,1379
DA:94,2
DA:97,1377
DA:99,3
DA:101,1374
DA:103,1
DA:105,1373
DA:107,27
DA:110,1346
DA:112,104
DA:114,1242
DA:116,5
DA:118,1237
DA:120,1
DA:122,1236
DA:124,1211
DA:128,25
DA:131,1720
DA:134,36
DA:136,36
DA:139,36
DA:140,36
DA:141,36
DA:142,36
DA:143,36
DA:144,36
DA:147,36
DA:148,36
DA:149,36
DA:151,36
DA:153,1726
DA:162,1726
DA:163,1726
DA:172,1726
DA:173,1723
DA:174,1721
DA:176,6
DA:184,1720
DA:186,1720
DA:196,1720
DA:198,0
DA:199,0
DA:202,1720
DA:205,1720
DA:207,2
DA:208,2
DA:209,2
DA:210,2
DA:211,2
DA:212,2
DA:213,2
DA:214,2
DA:215,2
DA:216,2
DA:223,5152
DA:224,3432
DA:225,1714
DA:227,1718
DA:229,3
DA:230,3
DA:231,3
DA:232,3
DA:233,3
DA:234,3
DA:235,3
DA:236,3
DA:237,3
DA:242,3427
DA:243,1712
DA:245,1715
DA:247,4
DA:249,1
DA:250,1
DA:254,3
DA:256,4
DA:257,4
DA:258,4
DA:259,4
DA:260,4
DA:264,1711
DA:266,1711
DA:268,304
DA:269,304
DA:270,304
DA:271,303
DA:273,2
DA:274,2
DA:276,304
DA:278,1333
DA:279,1333
DA:280,1333
DA:282,50
DA:283,50
DA:285,2
DA:286,2
DA:287,2
DA:290,1283
DA:291,1279
DA:294,88
DA:296,8
DA:297,8
DA:306,1333
DA:308,44
DA:318,44
DA:321,1
DA:322,1
DA:324,43
DA:327,20
DA:328,20
DA:330,1
DA:331,1
DA:336,23
DA:338,44
DA:340,30
DA:342,30
DA:343,30
DA:345,30
DA:347,15
DA:349,15
DA:350,13
DA:354,4
DA:362,30
DA:366,1711
DA:368,33
DA:372,1678
DA:376,1711
DA:377,1711
DA:378,1711
DA:379,1711
DA:380,1711
LF:158
LH:156
end_of_record
TN:
SF:/home/runner/work/AEB-stellantis-project/AEB-stellantis-project/src/decision/aeb_ttc.c
FN:14,41,ttc_calc
FN:43,70,d_brake_calc
FN:72,88,ttc_process
FNDA:6,ttc_calc
FNDA:5,d_brake_calc
FNDA:5,ttc_process
FNF:3
FNH:3
BRDA:19,0,0,4
BRDA:19,0,1,2
BRDA:22,0,0,3
BRDA:22,0,1,1
BRDA:33,0,0,1
BRDA:33,0,1,2
BRDA:50,0,0,0
BRDA:50,0,1,5
BRDA:64,0,0,0
BRDA:64,0,1,5
BRDA:76,0,0,4
BRDA:76,0,1,1
BRDA:76,0,2,1
BRDA:76,0,3,3
BRDA:83,0,0,2
BRDA:83,0,1,1
BRF:16
BRH:14
DA:14,6
DA:16,6
DA:19,6
DA:22,4
DA:24,3
DA:33,3
DA:35,1
DA:40,6
DA:43,5
DA:50,5
DA:52,0
DA:56,5
DA:64,5
DA:66,0
DA:69,5
DA:72,5
DA:76,5
DA:78,2
DA:83,3
DA:86,3
DA:87,3
LF:21
LH:19
end_of_record
TN:
SF:/home/runner/work/AEB-stellantis-project/AEB-stellantis-project/tests/test_decision.c
FN:119,154,test_fsm_override
FN:160,173,test_deceleration_values
FN:179,217,main
FN:31,41,test_ttc_normal
FN:43,53,test_ttc_critical
FN:55,65,test_ttc_not_closing
FN:67,72,test_dbrake_normal
FN:74,78,test_dbrake_zero
FN:84,89,test_fsm_initial
FN:91,117,test_fsm_fault
FNDA:1,test_fsm_override
FNDA:1,test_deceleration_values
FNDA:1,main
FNDA:1,test_ttc_normal
FNDA:1,test_ttc_critical
FNDA:1,test_ttc_not_closing
FNDA:1,test_dbrake_normal
FNDA:1,test_dbrake_zero
FNDA:1,test_fsm_initial
FNDA:1,test_fsm_fault
FNF:10
FNH:10
BRDA:40,0,0,1
BRDA:40,0,1,0
BRDA:52,0,0,1
BRDA:52,0,1,0
BRDA:64,0,0,1
BRDA:64,0,1,0
BRDA:71,0,0,1
BRDA:71,0,1,0
BRDA:77,0,0,1
BRDA:77,0,1,0
BRDA:88,0,0,1
BRDA:88,0,1,0
BRDA:116,0,0,1
BRDA:116,0,1,0
BRDA:144,0,0,100
BRDA:144,0,1,1
BRDA:153,0,0,1
BRDA:153,0,1,0
BRDA:172,0,0,1
BRDA:172,0,1,0
BRDA:207,0,0,1
BRDA:207,0,1,0
BRF:22
BRH:12
DA:31,1
DA:33,1
DA:39,1
DA:40,1
DA:41,1
DA:43,1
DA:45,1
DA:51,1
DA:52,1
DA:53,1
DA:55,1
DA:57,1
DA:63,1
DA:64,1
DA:65,1
DA:67,1
DA:69,1
DA:70,1
DA:71,1
DA:72,1
DA:74,1
DA:76,1
DA:77,1
DA:78,1
DA:84,1
DA:87,1
DA:88,1
DA:89,1
DA:91,1
DA:93,1
DA:99,1
DA:103,1
DA:109,1
DA:110,1
DA:113,1
DA:114,1
DA:116,1
DA:117,1
DA:119,1
DA:121,1
DA:127,1
DA:133,1
DA:141,1
DA:144,101
DA:146,100
DA:150,1
DA:151,1
DA:153,1
DA:154,1
DA:160,1
DA:165,1
DA:172,1
DA:173,1
DA:179,1
DA:181,1
DA:182,1
DA:183,1
DA:184,1
DA:185,1
DA:186,1
DA:188,1
DA:189,1
DA:190,1
DA:191,1
DA:192,1
DA:193,1
DA:195,1
DA:196,1
DA:197,1
DA:198,1
DA:200,1
DA:201,1
DA:203,1
DA:204,1
DA:205,1
DA:207,1
DA:209,1
DA:213,0
DA:216,1
LF:79
LH:78
end_of_record
TN:
SF:/home/runner/work/AEB-stellantis-project/AEB-stellantis-project/tests/test_decision_mcdc.c
FN:102,107,test_A1_ttc_clamp_max
FN:109,114,test_A2_ttc_distance_zero
FN:116,121,test_A3_ttc_distance_negative
FN:123,133,test_A4_ttc_process_null_perception
FN:135,143,test_A5_ttc_process_null_output
FN:149,161,test_B1_fsm_delta_zero
FN:163,175,test_B2_fsm_delta_negative
FN:177,188,test_B3_fsm_null_perception
FN:190,201,test_B4_fsm_null_driver
FN:203,214,test_B5_fsm_null_ttc
FN:216,224,test_B6_fsm_null_output
FN:233,251,test_C1_desired_not_closing
FN:253,265,test_C2_desired_dbrake_ge_distance
FN:267,279,test_C3_distance_floor_L3
FN:281,293,test_C4_distance_floor_L2
FN:295,307,test_C5_distance_floor_L1
FN:309,321,test_C6_ttc_band_L3
FN:323,337,test_C7_ttc_band_L2
FN:339,351,test_C8_ttc_band_L1
FN:353,365,test_C9_ttc_band_warning
FN:367,384,test_C10_ttc_above_warning
FN:390,402,test_D1_speed_below_min
FN:404,416,test_D2_speed_above_max
FN:418,435,test_D3_stop_during_braking
FN:441,459,test_E1_postbrake_timeout
FN:461,474,test_E2_postbrake_accel_release
FN:476,494,test_E3_postbrake_holds
FN:500,517,test_F1_warning_debounce_progress
FN:523,536,test_G2_brake_escalate
FN:538,556,test_G3_brake_deescalate
FN:562,574,test_H1_standby_to_warning
FN:576,588,test_H2_standby_forces_warning_before_brake
FN:594,607,test_I1_steering_override_positive
FN:609,621,test_I2_steering_override_negative
FN:627,639,test_J1_aeb_disabled_to_off
FN:647,661,test_K1_post_brake_ignores_brake_pedal
FN:66,96,setup_warning
FN:663,677,test_K2_post_brake_ignores_steering
FN:679,694,test_K3_speed_below_stop_in_standby
FN:696,711,test_K4_standby_to_brake_l1_via_warning
FN:717,791,main
FNDA:1,test_A1_ttc_clamp_max
FNDA:1,test_A2_ttc_distance_zero
FNDA:1,test_A3_ttc_distance_negative
FNDA:1,test_A4_ttc_process_null_perception
FNDA:1,test_A5_ttc_process_null_output
FNDA:1,test_B1_fsm_delta_zero
FNDA:1,test_B2_fsm_delta_negative
FNDA:1,test_B3_fsm_null_perception
FNDA:1,test_B4_fsm_null_driver
FNDA:1,test_B5_fsm_null_ttc
FNDA:1,test_B6_fsm_null_output
FNDA:1,test_C1_desired_not_closing
FNDA:1,test_C2_desired_dbrake_ge_distance
FNDA:1,test_C3_distance_floor_L3
FNDA:1,test_C4_distance_floor_L2
FNDA:1,test_C5_distance_floor_L1
FNDA:1,test_C6_ttc_band_L3
FNDA:1,test_C7_ttc_band_L2
FNDA:1,test_C8_ttc_band_L1
FNDA:1,test_C9_ttc_band_warning
FNDA:1,test_C10_ttc_above_warning
FNDA:1,test_D1_speed_below_min
FNDA:1,test_D2_speed_above_max
FNDA:1,test_D3_stop_during_braking
FNDA:1,test_E1_postbrake_timeout
FNDA:1,test_E2_postbrake_accel_release
FNDA:1,test_E3_postbrake_holds
FNDA:1,test_F1_warning_debounce_progress
FNDA:1,test_G2_brake_escalate
FNDA:1,test_G3_brake_deescalate
FNDA:1,test_H1_standby_to_warning
FNDA:1,test_H2_standby_forces_warning_before_brake
FNDA:1,test_I1_steering_override_positive
FNDA:1,test_I2_steering_override_negative
FNDA:1,test_J1_aeb_disabled_to_off
FNDA:1,test_K1_post_brake_ignores_brake_pedal
FNDA:14,setup_warning
FNDA:1,test_K2_post_brake_ignores_steering
FNDA:1,test_K3_speed_below_stop_in_standby
FNDA:1,test_K4_standby_to_brake_l1_via_warning
FNDA:1,main
FNF:41
FNH:41
BRDA:92,0,0,1194
BRDA:92,0,1,14
BRDA:106,0,0,1
BRDA:106,0,1,0
BRDA:113,0,0,1
BRDA:113,0,1,0
BRDA:120,0,0,1
BRDA:120,0,1,0
BRDA:131,0,0,1
BRDA:131,0,1,0
BRDA:131,0,2,1
BRDA:131,0,3,0
BRDA:131,0,4,1
BRDA:131,0,5,0
BRDA:160,0,0,1
BRDA:160,0,1,0
BRDA:174,0,0,1
BRDA:174,0,1,0
BRDA:187,0,0,1
BRDA:187,0,1,0
BRDA:200,0,0,1
BRDA:200,0,1,0
BRDA:213,0,0,1
BRDA:213,0,1,0
BRDA:245,0,0,25
BRDA:245,0,1,1
BRDA:249,0,0,1
BRDA:249,0,1,0
BRDA:263,0,0,1
BRDA:263,0,1,0
BRDA:277,0,0,1
BRDA:277,0,1,0
BRDA:291,0,0,1
BRDA:291,0,1,0
BRDA:305,0,0,1
BRDA:305,0,1,0
BRDA:319,0,0,1
BRDA:319,0,1,0
BRDA:335,0,0,1
BRDA:335,0,1,0
BRDA:349,0,0,1
BRDA:349,0,1,0
BRDA:363,0,0,1
BRDA:363,0,1,0
BRDA:378,0,0,25
BRDA:378,0,1,1
BRDA:382,0,0,1
BRDA:382,0,1,0
BRDA:400,0,0,1
BRDA:400,0,1,0
BRDA:400,0,2,1
BRDA:400,0,3,0
BRDA:414,0,0,1
BRDA:414,0,1,0
BRDA:433,0,0,1
BRDA:433,0,1,0
BRDA:453,0,0,202
BRDA:453,0,1,1
BRDA:457,0,0,1
BRDA:457,0,1,0
BRDA:472,0,0,1
BRDA:472,0,1,0
BRDA:488,0,0,100
BRDA:488,0,1,1
BRDA:492,0,0,1
BRDA:492,0,1,0
BRDA:511,0,0,10
BRDA:511,0,1,1
BRDA:515,0,0,1
BRDA:515,0,1,0
BRDA:534,0,0,1
BRDA:534,0,1,0
BRDA:550,0,0,25
BRDA:550,0,1,1
BRDA:554,0,0,1
BRDA:554,0,1,0
BRDA:572,0,0,1
BRDA:572,0,1,0
BRDA:586,0,0,1
BRDA:586,0,1,0
BRDA:605,0,0,1
BRDA:605,0,1,0
BRDA:619,0,0,1
BRDA:619,0,1,0
BRDA:637,0,0,1
BRDA:637,0,1,0
BRDA:659,0,0,1
BRDA:659,0,1,0
BRDA:675,0,0,1
BRDA:675,0,1,0
BRDA:692,0,0,1
BRDA:692,0,1,0
BRDA:692,0,2,1
BRDA:692,0,3,0
BRDA:709,0,0,1
BRDA:709,0,1,0
BRF:96
BRH:55
DA:66,14
DA:68,14
DA:74,14
DA:80,14
DA:85,14
DA:88,14
DA:90,14
DA:92,1208
DA:94,1194
DA:96,14
DA:102,1
DA:105,1
DA:106,1
DA:107,1
DA:109,1
DA:112,1
DA:113,1
DA:114,1
DA:116,1
DA:119,1
DA:120,1
DA:121,1
DA:123,1
DA:126,1
DA:127,1
DA:128,1
DA:129,1
DA:131,1
DA:133,1
DA:135,1
DA:137,1
DA:140,1
DA:142,1
DA:143,1
DA:149,1
DA:151,1
DA:152,1
DA:153,1
DA:157,1
DA:158,1
DA:159,1
DA:160,1
DA:161,1
DA:163,1
DA:165,1
DA:166,1
DA:167,1
DA:171,1
DA:172,1
DA:173,1
DA:174,1
DA:175,1
DA:177,1
DA:179,1
DA:180,1
DA:184,1
DA:185,1
DA:186,1
DA:187,1
DA:188,1
DA:190,1
DA:192,1
DA:193,1
DA:197,1
DA:198,1
DA:199,1
DA:200,1
DA:201,1
DA:203,1
DA:205,1
DA:206,1
DA:210,1
DA:211,1
DA:212,1
DA:213,1
DA:214,1
DA:216,1
DA:218,1
DA:219,1
DA:220,1
DA:222,1
DA:223,1
DA:224,1
DA:233,1
DA:237,1
DA:238,1
DA:239,1
DA:243,1
DA:245,26
DA:247,25
DA:249,1
DA:251,1
DA:253,1
DA:256,1
DA:257,1
DA:258,1
DA:261,1
DA:262,1
DA:263,1
DA:265,1
DA:267,1
DA:270,1
DA:271,1
DA:272,1
DA:275,1
DA:276,1
DA:277,1
DA:279,1
DA:281,1
DA:284,1
DA:285,1
DA:286,1
DA:289,1
DA:290,1
DA:291,1
DA:293,1
DA:295,1
DA:298,1
DA:299,1
DA:300,1
DA:303,1
DA:304,1
DA:305,1
DA:307,1
DA:309,1
DA:312,1
DA:313,1
DA:314,1
DA:317,1
DA:318,1
DA:319,1
DA:321,1
DA:323,1
DA:326,1
DA:327,1
DA:328,1
DA:331,1
DA:332,1
DA:335,1
DA:337,1
DA:339,1
DA:342,1
DA:343,1
DA:344,1
DA:347,1
DA:348,1
DA:349,1
DA:351,1
DA:353,1
DA:356,1
DA:357,1
DA:358,1
DA:361,1
DA:362,1
DA:363,1
DA:365,1
DA:367,1
DA:370,1
DA:371,1
DA:372,1
DA:376,1
DA:378,26
DA:380,25
DA:382,1
DA:384,1
DA:390,1
DA:393,1
DA:394,1
DA:395,1
DA:398,1
DA:399,1
DA:400,1
DA:402,1
DA:404,1
DA:407,1
DA:408,1
DA:409,1
DA:412,1
DA:413,1
DA:414,1
DA:416,1
DA:418,1
DA:424,1
DA:425,1
DA:426,1
DA:430,1
DA:431,1
DA:432,1
DA:433,1
DA:435,1
DA:441,1
DA:444,1
DA:445,1
DA:446,1
DA:450,1
DA:451,1
DA:453,203
DA:455,202
DA:457,1
DA:459,1
DA:461,1
DA:464,1
DA:465,1
DA:466,1
DA:469,1
DA:470,1
DA:471,1
DA:472,1
DA:474,1
DA:476,1
DA:479,1
DA:480,1
DA:481,1
DA:485,1
DA:486,1
DA:488,101
DA:490,100
DA:492,1
DA:494,1
DA:500,1
DA:503,1
DA:504,1
DA:505,1
DA:509,1
DA:511,11
DA:513,10
DA:515,1
DA:517,1
DA:523,1
DA:526,1
DA:527,1
DA:528,1
DA:531,1
DA:532,1
DA:533,1
DA:534,1
DA:536,1
DA:538,1
DA:541,1
DA:542,1
DA:543,1
DA:547,1
DA:548,1
DA:550,26
DA:552,25
DA:554,1
DA:556,1
DA:562,1
DA:565,1
DA:566,1
DA:567,1
DA:570,1
DA:571,1
DA:572,1
DA:574,1
DA:576,1
DA:579,1
DA:580,1
DA:581,1
DA:584,1
DA:585,1
DA:586,1
DA:588,1
DA:594,1
DA:597,1
DA:598,1
DA:599,1
DA:602,1
DA:604,1
DA:605,1
DA:607,1
DA:609,1
DA:612,1
DA:613,1
DA:614,1
DA:617,1
DA:618,1
DA:619,1
DA:621,1
DA:627,1
DA:630,1
DA:631,1
DA:632,1
DA:635,1
DA:636,1
DA:637,1
DA:639,1
DA:647,1
DA:651,1
DA:652,1
DA:653,1
DA:656,1
DA:657,1
DA:658,1
DA:659,1
DA:661,1
DA:663,1
DA:667,1
DA:668,1
DA:669,1
DA:672,1
DA:673,1
DA:674,1
DA:675,1
DA:677,1
DA:679,1
DA:685,1
DA:686,1
DA:687,1
DA:690,1
DA:691,1
DA:692,1
DA:694,1
DA:696,1
DA:702,1
DA:703,1
DA:704,1
DA:707,1
DA:708,1
DA:709,1
DA:711,1
DA:717,1
DA:719,1
DA:720,1
DA:721,1
DA:722,1
DA:723,1
DA:725,1
DA:726,1
DA:727,1
DA:728,1
DA:729,1
DA:730,1
DA:732,1
DA:733,1
DA:734,1
DA:735,1
DA:736,1
DA:737,1
DA:738,1
DA:740,1
DA:741,1
DA:742,1
DA:743,1
DA:744,1
DA:745,1
DA:746,1
DA:747,1
DA:748,1
DA:749,1
DA:750,1
DA:752,1
DA:753,1
DA:754,1
DA:755,1
DA:757,1
DA:758,1
DA:759,1
DA:760,1
DA:762,1
DA:763,1
DA:765,1
DA:766,1
DA:767,1
DA:769,1
DA:770,1
DA:771,1
DA:773,1
DA:774,1
DA:775,1
DA:777,1
DA:778,1
DA:780,1
DA:781,1
DA:782,1
DA:783,1
DA:784,1
DA:786,1
DA:787,1
DA:788,1
DA:790,1
LF:381
LH:381
end_of_record
