TN:
SF:/home/runner/work/AEB-stellantis-project/AEB-stellantis-project/src/decision/aeb_fsm.c
FN:134,151,fsm_init
FN:153,379,fsm_step
FN:31,51,state_to_decel_target
FN:56,74,state_to_alert_level
FN:81,132,evaluate_desired_state
FNDA:36,fsm_init
FNDA:1726,fsm_step
FNDA:1711,state_to_decel_target
FNDA:1711,state_to_alert_level
FNDA:1720,evaluate_desired_state
FNF:5
FNH:5
BRDA:35,0,0,8
BRDA:35,0,1,2
BRDA:35,0,2,42
BRDA:35,0,3,1659
BRDA:60,0,0,369
BRDA:60,0,1,1342
BRDA:60,0,2,8
BRDA:60,0,3,361
BRDA:64,0,0,359
BRDA:64,0,1,2
BRDA:64,0,2,42
BRDA:64,0,3,317
BRDA:87,0,0,341
BRDA:87,0,1,1379
BRDA:92,0,0,2
BRDA:92,0,1,1377
BRDA:97,0,0,3
BRDA:97,0,1,1374
BRDA:101,0,0,1
BRDA:101,0,1,1373
BRDA:105,0,0,27
BRDA:105,0,1,1346
BRDA:110,0,0,104
BRDA:110,0,1,1242
BRDA:114,0,0,5
BRDA:114,0,1,1237
BRDA:118,0,0,1
BRDA:118,0,1,1236
BRDA:122,0,0,1211
BRDA:122,0,1,25
BRDA:136,0,0,36
BRDA:136,0,1,0
BRDA:172,0,0,1726
BRDA:172,0,1,0
BRDA:172,0,2,1724
BRDA:172,0,3,2
BRDA:172,0,4,1723
BRDA:172,0,5,1
BRDA:173,0,0,1722
BRDA:173,0,1,1
BRDA:173,0,2,1721
BRDA:173,0,3,1
BRDA:174,0,0,1
BRDA:174,0,1,1720
BRDA:186,0,0,1719
BRDA:186,0,1,1
BRDA:198,0,0,0
BRDA:198,0,1,1720
BRDA:207,0,0,1719
BRDA:207,0,1,1
BRDA:207,0,2,1
BRDA:207,0,3,1718
BRDA:222,0,0,1716
BRDA:222,0,1,2
BRDA:223,0,0,1714
BRDA:223,0,1,2
BRDA:224,0,0,1
BRDA:224,0,1,1713
BRDA:226,0,0,5
BRDA:226,0,1,1713
BRDA:226,0,2,3
BRDA:226,0,3,2
BRDA:240,0,0,1712
BRDA:240,0,1,3
BRDA:241,0,0,1
BRDA:241,0,1,1711
BRDA:243,0,0,4
BRDA:243,0,1,1711
BRDA:245,0,0,2
BRDA:245,0,1,2
BRDA:245,0,2,1
BRDA:245,0,3,1
BRDA:264,0,0,304
BRDA:264,0,1,1333
BRDA:264,0,2,44
BRDA:264,0,3,30
BRDA:268,0,0,303
BRDA:268,0,1,1
BRDA:269,0,0,1
BRDA:269,0,1,302
BRDA:278,0,0,50
BRDA:278,0,1,1283
BRDA:281,0,0,2
BRDA:281,0,1,48
BRDA:288,0,0,1281
BRDA:288,0,1,2
BRDA:288,0,2,1279
BRDA:288,0,3,2
BRDA:289,0,0,84
BRDA:289,0,1,1195
BRDA:292,0,0,8
BRDA:292,0,1,80
BRDA:316,0,0,1
BRDA:316,0,1,43
BRDA:322,0,0,20
BRDA:322,0,1,23
BRDA:326,0,0,1
BRDA:326,0,1,19
BRDA:343,0,0,15
BRDA:343,0,1,15
BRDA:347,0,0,14
BRDA:347,0,1,1
BRDA:347,0,2,13
BRDA:347,0,3,1
BRDA:348,0,0,2
BRDA:348,0,1,11
BRDA:364,0,0,33
BRDA:364,0,1,1678
BRDA:376,0,0,354
BRDA:376,0,1,1357
BRDA:376,0,2,52
BRDA:376,0,3,302
BRF:112
BRH:109
DA:31,1711
DA:33,1711
DA:35,1711
DA:36,8
DA:37,8
DA:38,8
DA:39,2
DA:40,2
DA:41,2
DA:42,42
DA:43,42
DA:44,42
DA:45,1659
DA:46,1659
DA:47,1659
DA:50,1711
DA:56,1711
DA:58,1711
DA:60,1711
DA:62,1350
DA:64,361
DA:66,44
DA:70,317
DA:73,1711
DA:81,1720
DA:84,1720
DA:87,1720
DA:89,341
DA:92,1379
DA:94,2
DA:97,1377
DA:99,3
DA:101,1374
DA:103,1
DA:105,1373
DA:107,27
DA:110,1346
DA:112,104
DA:114,1242
DA:116,5
DA:118,1237
DA:120,1
DA:122,1236
DA:124,1211
DA:128,25
DA:131,1720
DA:134,36
DA:136,36
DA:139,36
DA:140,36
DA:141,36
DA:142,36
DA:143,36
DA:144,36
DA:147,36
DA:148,36
DA:149,36
DA:151,36
DA:153,1726
DA:162,1726
DA:163,1726
DA:172,1726
DA:173,1723
DA:174,1721
DA:176,6
DA:186,1720
DA:188,1720
DA:198,1720
DA:200,0
DA:201,0
DA:204,1720
DA:207,1720
DA:209,2
DA:210,2
DA:211,2
DA:212,2
DA:213,2
DA:214,2
DA:215,2
DA:216,2
DA:217,2
DA:218,2
DA:222,3434
DA:223,1716
DA:224,1714
DA:226,1718
DA:228,3
DA:229,3
DA:230,3
DA:231,3
DA:232,3
DA:233,3
DA:234,3
DA:235,3
DA:236,3
DA:240,3427
DA:241,1712
DA:243,1715
DA:245,4
DA:247,1
DA:248,1
DA:252,3
DA:254,4
DA:255,4
DA:256,4
DA:257,4
DA:258,4
DA:262,1711
DA:264,1711
DA:266,304
DA:267,304
DA:268,304
DA:269,303
DA:271,2
DA:272,2
DA:274,304
DA:276,1333
DA:277,1333
DA:278,1333
DA:280,50
DA:281,50
DA:283,2
DA:284,2
DA:285,2
DA:288,1283
DA:289,1279
DA:292,88
DA:294,8
DA:295,8
DA:304,1333
DA:306,44
DA:316,44
DA:319,1
DA:320,1
DA:322,43
DA:325,20
DA:326,20
DA:328,1
DA:329,1
DA:334,23
DA:336,44
DA:338,30
DA:340,30
DA:341,30
DA:343,30
DA:345,15
DA:347,15
DA:348,13
DA:352,4
DA:360,30
DA:364,1711
DA:366,33
DA:370,1678
DA:374,1711
DA:375,1711
DA:376,1711
DA:377,1711
DA:378,1711
LF:158
LH:156
end_of_record
TN:
SF:/home/runner/work/AEB-stellantis-project/AEB-stellantis-project/src/decision/aeb_ttc.c
FN:14,41,ttc_calc
FN:43,70,d_brake_calc
FN:72,88,ttc_process
FNDA:6,ttc_calc
FNDA:5,d_brake_calc
FNDA:5,ttc_process
FNF:3
FNH:3
BRDA:19,0,0,4
BRDA:19,0,1,2
BRDA:22,0,0,3
BRDA:22,0,1,1
BRDA:33,0,0,1
BRDA:33,0,1,2
BRDA:50,0,0,0
BRDA:50,0,1,5
BRDA:64,0,0,0
BRDA:64,0,1,5
BRDA:76,0,0,4
BRDA:76,0,1,1
BRDA:76,0,2,1
BRDA:76,0,3,3
BRDA:83,0,0,2
BRDA:83,0,1,1
BRF:16
BRH:14
DA:14,6
DA:16,6
DA:19,6
DA:22,4
DA:24,3
DA:33,3
DA:35,1
DA:40,6
DA:43,5
DA:50,5
DA:52,0
DA:56,5
DA:64,5
DA:66,0
DA:69,5
DA:72,5
DA:76,5
DA:78,2
DA:83,3
DA:86,3
DA:87,3
LF:21
LH:19
end_of_record
