TN:
SF:/home/runner/work/AEB-stellantis-project/AEB-stellantis-project/src/decision/aeb_fsm.c
FN:135,152,fsm_init
FN:154,408,fsm_step
FN:32,52,state_to_decel_target
FN:57,75,state_to_alert_level
FN:82,133,evaluate_desired_state
FNDA:38,fsm_init
FNDA:1829,fsm_step
FNDA:1812,state_to_decel_target
FNDA:1812,state_to_alert_level
FNDA:1823,evaluate_desired_state
FNF:5
FNH:5
BRDA:36,0,0,8
BRDA:36,0,1,21
BRDA:36,0,2,43
BRDA:36,0,3,1740
BRDA:61,0,0,389
BRDA:61,0,1,1423
BRDA:61,0,2,8
BRDA:61,0,3,381
BRDA:65,0,0,360
BRDA:65,0,1,21
BRDA:65,0,2,43
BRDA:65,0,3,317
BRDA:88,0,0,342
BRDA:88,0,1,1481
BRDA:93,0,0,4
BRDA:93,0,1,1477
BRDA:98,0,0,3
BRDA:98,0,1,1474
BRDA:102,0,0,101
BRDA:102,0,1,1373
BRDA:106,0,0,27
BRDA:106,0,1,1346
BRDA:111,0,0,104
BRDA:111,0,1,1242
BRDA:115,0,0,5
BRDA:115,0,1,1237
BRDA:119,0,0,1
BRDA:119,0,1,1236
BRDA:123,0,0,1211
BRDA:123,0,1,25
BRDA:137,0,0,38
BRDA:137,0,1,0
BRDA:173,0,0,1829
BRDA:173,0,1,0
BRDA:173,0,2,1827
BRDA:173,0,3,2
BRDA:173,0,4,1826
BRDA:173,0,5,1
BRDA:174,0,0,1825
BRDA:174,0,1,1
BRDA:174,0,2,1824
BRDA:174,0,3,1
BRDA:175,0,0,1
BRDA:175,0,1,1823
BRDA:187,0,0,1822
BRDA:187,0,1,1
BRDA:199,0,0,0
BRDA:199,0,1,1823
BRDA:208,0,0,1822
BRDA:208,0,1,1
BRDA:208,0,2,1
BRDA:208,0,3,1821
BRDA:223,0,0,1819
BRDA:223,0,1,2
BRDA:224,0,0,1817
BRDA:224,0,1,2
BRDA:225,0,0,1
BRDA:225,0,1,1816
BRDA:227,0,0,5
BRDA:227,0,1,1816
BRDA:227,0,2,3
BRDA:227,0,3,2
BRDA:241,0,0,1812
BRDA:241,0,1,6
BRDA:242,0,0,1
BRDA:242,0,1,1811
BRDA:244,0,0,7
BRDA:244,0,1,1811
BRDA:254,0,0,3
BRDA:254,0,1,4
BRDA:254,0,2,2
BRDA:254,0,3,1
BRDA:267,0,0,1
BRDA:267,0,1,4
BRDA:267,0,2,0
BRDA:267,0,3,1
BRDA:293,0,0,304
BRDA:293,0,1,1414
BRDA:293,0,2,63
BRDA:293,0,3,31
BRDA:297,0,0,303
BRDA:297,0,1,1
BRDA:298,0,0,1
BRDA:298,0,1,302
BRDA:307,0,0,50
BRDA:307,0,1,1364
BRDA:310,0,0,2
BRDA:310,0,1,48
BRDA:317,0,0,1362
BRDA:317,0,1,2
BRDA:317,0,2,1279
BRDA:317,0,3,83
BRDA:318,0,0,84
BRDA:318,0,1,1195
BRDA:321,0,0,9
BRDA:321,0,1,160
BRDA:345,0,0,2
BRDA:345,0,1,61
BRDA:351,0,0,20
BRDA:351,0,1,41
BRDA:355,0,0,1
BRDA:355,0,1,19
BRDA:372,0,0,15
BRDA:372,0,1,16
BRDA:376,0,0,15
BRDA:376,0,1,1
BRDA:376,0,2,13
BRDA:376,0,3,2
BRDA:377,0,0,2
BRDA:377,0,1,11
BRDA:393,0,0,36
BRDA:393,0,1,1776
BRDA:405,0,0,374
BRDA:405,0,1,1438
BRDA:405,0,2,72
BRDA:405,0,3,302
BRF:116
BRH:112
DA:32,1812
DA:34,1812
DA:36,1812
DA:37,8
DA:38,8
DA:39,8
DA:40,21
DA:41,21
DA:42,21
DA:43,43
DA:44,43
DA:45,43
DA:46,1740
DA:47,1740
DA:48,1740
DA:51,1812
DA:57,1812
DA:59,1812
DA:61,1812
DA:63,1431
DA:65,381
DA:67,64
DA:71,317
DA:74,1812
DA:82,1823
DA:85,1823
DA:88,1823
DA:90,342
DA:93,1481
DA:95,4
DA:98,1477
DA:100,3
DA:102,1474
DA:104,101
DA:106,1373
DA:108,27
DA:111,1346
DA:113,104
DA:115,1242
DA:117,5
DA:119,1237
DA:121,1
DA:123,1236
DA:125,1211
DA:129,25
DA:132,1823
DA:135,38
DA:137,38
DA:140,38
DA:141,38
DA:142,38
DA:143,38
DA:144,38
DA:145,38
DA:148,38
DA:149,38
DA:150,38
DA:152,38
DA:154,1829
DA:163,1829
DA:164,1829
DA:173,1829
DA:174,1826
DA:175,1824
DA:177,6
DA:187,1823
DA:189,1823
DA:199,1823
DA:201,0
DA:202,0
DA:205,1823
DA:208,1823
DA:210,2
DA:211,2
DA:212,2
DA:213,2
DA:214,2
DA:215,2
DA:216,2
DA:217,2
DA:218,2
DA:219,2
DA:223,3640
DA:224,1819
DA:225,1817
DA:227,1821
DA:229,3
DA:230,3
DA:231,3
DA:232,3
DA:233,3
DA:234,3
DA:235,3
DA:236,3
DA:237,3
DA:241,3630
DA:242,1812
DA:244,1818
DA:254,7
DA:259,2
DA:260,2
DA:261,2
DA:262,2
DA:263,2
DA:264,2
DA:265,2
DA:267,5
DA:275,4
DA:276,4
DA:277,4
DA:278,4
DA:279,4
DA:280,4
DA:291,1812
DA:293,1812
DA:295,304
DA:296,304
DA:297,304
DA:298,303
DA:300,2
DA:301,2
DA:303,304
DA:305,1414
DA:306,1414
DA:307,1414
DA:309,50
DA:310,50
DA:312,2
DA:313,2
DA:314,2
DA:317,1364
DA:318,1279
DA:321,169
DA:323,9
DA:324,9
DA:333,1414
DA:335,63
DA:345,63
DA:348,2
DA:349,2
DA:351,61
DA:354,20
DA:355,20
DA:357,1
DA:358,1
DA:363,41
DA:365,63
DA:367,31
DA:369,31
DA:370,31
DA:372,31
DA:374,15
DA:376,16
DA:377,13
DA:381,5
DA:389,31
DA:393,1812
DA:395,36
DA:399,1776
DA:403,1812
DA:404,1812
DA:405,1812
DA:406,1812
DA:407,1812
LF:164
LH:162
end_of_record
TN:
SF:/home/runner/work/AEB-stellantis-project/AEB-stellantis-project/src/decision/aeb_ttc.c
FN:14,41,ttc_calc
FN:43,70,d_brake_calc
FN:72,88,ttc_process
FNDA:6,ttc_calc
FNDA:5,d_brake_calc
FNDA:5,ttc_process
FNF:3
FNH:3
BRDA:19,0,0,4
BRDA:19,0,1,2
BRDA:22,0,0,3
BRDA:22,0,1,1
BRDA:33,0,0,1
BRDA:33,0,1,2
BRDA:50,0,0,0
BRDA:50,0,1,5
BRDA:64,0,0,0
BRDA:64,0,1,5
BRDA:76,0,0,4
BRDA:76,0,1,1
BRDA:76,0,2,1
BRDA:76,0,3,3
BRDA:83,0,0,2
BRDA:83,0,1,1
BRF:16
BRH:14
DA:14,6
DA:16,6
DA:19,6
DA:22,4
DA:24,3
DA:33,3
DA:35,1
DA:40,6
DA:43,5
DA:50,5
DA:52,0
DA:56,5
DA:64,5
DA:66,0
DA:69,5
DA:72,5
DA:76,5
DA:78,2
DA:83,3
DA:86,3
DA:87,3
LF:21
LH:19
end_of_record
