        -:    0:Source:/workspaces/AEB-stellantis-project/src/perception/aeb_perception.c
        -:    0:Graph:aeb_perception.gcno
        -:    0:Data:aeb_perception.gcda
        -:    0:Runs:2
        -:    1:/**
        -:    2: * @file  aeb_perception.c
        -:    3: * @brief AEB Perception module implementation.
        -:    4: */
        -:    5:
        -:    6:#include "aeb_perception.h"
        -:    7:#include "aeb_config.h"
        -:    8:#include <stddef.h>
        -:    9:
        -:   10:#define FABSF(x) (((x) < 0.0f) ? -(x) : (x))
        -:   11:
function clampf called 1764 returned 100% blocks executed 100%
     1764:   12:static float32_t clampf(float32_t v, float32_t lo, float32_t hi)
        -:   13:{
     1764:   14:    if (v < lo) { return lo; }
branch  0 taken 5 (fallthrough)
branch  1 taken 1759
condition outcomes covered 2/2
     1759:   15:    if (v > hi) { return hi; }
branch  0 taken 71 (fallthrough)
branch  1 taken 1688
condition outcomes covered 2/2
     1688:   16:    return v;
        -:   17:}
        -:   18:
        -:   19:/* --- LiDAR fault detector (chart_26) --- */
        -:   20:
        -:   21:typedef struct {
        -:   22:    float32_t prev_d;
        -:   23:    uint8_t   ctr;
        -:   24:    uint8_t   is_first;
        -:   25:} lidar_state_t;
        -:   26:
        -:   27:static lidar_state_t s_lidar;
        -:   28:
function lidar_state_reset called 27 returned 100% blocks executed 100%
       27:   29:static void lidar_state_reset(lidar_state_t *s)
        -:   30:{
       27:   31:    s->prev_d   = 0.0f;
       27:   32:    s->ctr      = 0U;
       27:   33:    s->is_first = 1U;
       27:   34:}
        -:   35:
function lidar_fault_detect called 880 returned 100% blocks executed 100%
      880:   36:static uint8_t lidar_fault_detect(float32_t d_l)
        -:   37:{
        -:   38:    uint8_t bad;
        -:   39:    uint8_t fault;
        -:   40:
      880:   41:    bad = ((d_l < LIDAR_DIST_MIN) || (d_l > LIDAR_DIST_MAX)) ? 1U : 0U;
branch  0 taken 875 (fallthrough)
branch  1 taken 5
branch  2 taken 315 (fallthrough)
branch  3 taken 560
condition outcomes covered 4/4
        -:   42:
      880:   43:    if ((s_lidar.is_first == 0U) && (bad == 0U)) {
branch  0 taken 853 (fallthrough)
branch  1 taken 27
branch  2 taken 539 (fallthrough)
branch  3 taken 314
condition outcomes covered 4/4
      539:   44:        if (FABSF(d_l - s_lidar.prev_d) > DIST_ROC_LIMIT) {
branch  0 taken 10 (fallthrough)
branch  1 taken 529
branch  2 taken 22 (fallthrough)
branch  3 taken 517
condition outcomes covered 2/2
condition outcomes covered 2/2
       22:   45:            bad = 1U;
        -:   46:        }
        -:   47:    }
        -:   48:
      880:   49:    if (bad != 0U) {
branch  0 taken 342 (fallthrough)
branch  1 taken 538
condition outcomes covered 2/2
      342:   50:        if (s_lidar.ctr < 255U) { s_lidar.ctr++; }
branch  0 taken 296 (fallthrough)
branch  1 taken 46
condition outcomes covered 2/2
        -:   51:    } else {
      538:   52:        s_lidar.ctr = 0U;
        -:   53:    }
        -:   54:
      880:   55:    s_lidar.prev_d   = d_l;
      880:   56:    s_lidar.is_first = 0U;
        -:   57:
      880:   58:    fault = (s_lidar.ctr >= (uint8_t)SENSOR_FAULT_CYCLES) ? 1U : 0U;
branch  0 taken 322 (fallthrough)
branch  1 taken 558
condition outcomes covered 2/2
      880:   59:    return fault;
        -:   60:}
        -:   61:
        -:   62:/* --- Radar fault detector (chart_33) --- */
        -:   63:
        -:   64:typedef struct {
        -:   65:    float32_t prev_d;
        -:   66:    float32_t prev_vr;
        -:   67:    uint8_t   ctr;
        -:   68:    uint8_t   is_first;
        -:   69:} radar_state_t;
        -:   70:
        -:   71:static radar_state_t s_radar;
        -:   72:
function radar_state_reset called 27 returned 100% blocks executed 100%
       27:   73:static void radar_state_reset(radar_state_t *s)
        -:   74:{
       27:   75:    s->prev_d   = 0.0f;
       27:   76:    s->prev_vr  = 0.0f;
       27:   77:    s->ctr      = 0U;
       27:   78:    s->is_first = 1U;
       27:   79:}
        -:   80:
function radar_fault_detect called 880 returned 100% blocks executed 100%
      880:   81:static uint8_t radar_fault_detect(float32_t d_r, float32_t vr_r)
        -:   82:{
        -:   83:    uint8_t bad;
        -:   84:    uint8_t fault;
        -:   85:
     1374:   86:    bad = ((d_r < RADAR_DIST_MIN) || (d_r > RADAR_DIST_MAX) ||
branch  0 taken 875 (fallthrough)
branch  1 taken 5
branch  2 taken 544 (fallthrough)
branch  3 taken 331
branch  4 taken 50 (fallthrough)
branch  5 taken 494
branch  6 taken 0
branch  7 taken 50
condition outcomes covered 9/10
condition  3 not covered (true)
      494:   87:           (FABSF(vr_r) > MAX_REL_VEL)) ? 1U : 0U;
branch  0 taken 5 (fallthrough)
branch  1 taken 489
        -:   88:
      880:   89:    if ((s_radar.is_first == 0U) && (bad == 0U)) {
branch  0 taken 853 (fallthrough)
branch  1 taken 27
branch  2 taken 518 (fallthrough)
branch  3 taken 335
condition outcomes covered 4/4
      518:   90:        if ((FABSF(d_r  - s_radar.prev_d)  > DIST_ROC_LIMIT) ||
branch  0 taken 9 (fallthrough)
branch  1 taken 509
branch  2 taken 0
branch  3 taken 9
branch  4 taken 492 (fallthrough)
branch  5 taken 17
condition outcomes covered 10/12
condition  1 not covered (false)
condition  4 not covered (false)
      492:   91:            (FABSF(vr_r - s_radar.prev_vr) > VEL_ROC_LIMIT)) {
branch  0 taken 1 (fallthrough)
branch  1 taken 491
branch  2 taken 1
branch  3 taken 0
branch  4 taken 4 (fallthrough)
branch  5 taken 487
       31:   92:            bad = 1U;
        -:   93:        }
        -:   94:    }
        -:   95:
      880:   96:    if (bad != 0U) {
branch  0 taken 372 (fallthrough)
branch  1 taken 508
condition outcomes covered 2/2
      372:   97:        if (s_radar.ctr < 255U) { s_radar.ctr++; }
branch  0 taken 326 (fallthrough)
branch  1 taken 46
condition outcomes covered 2/2
        -:   98:    } else {
      508:   99:        s_radar.ctr = 0U;
        -:  100:    }
        -:  101:
      880:  102:    s_radar.prev_d   = d_r;
      880:  103:    s_radar.prev_vr  = vr_r;
      880:  104:    s_radar.is_first = 0U;
        -:  105:
      880:  106:    fault = (s_radar.ctr >= (uint8_t)SENSOR_FAULT_CYCLES) ? 1U : 0U;
branch  0 taken 350 (fallthrough)
branch  1 taken 530
condition outcomes covered 2/2
      880:  107:    return fault;
        -:  108:}
        -:  109:
        -:  110:/* --- Kalman fusion (chart_41) ---
        -:  111: *
        -:  112: * State: x = [distance, v_rel]'
        -:  113: * F = | 1  -dt |    Q = diag(Q_d, Q_v)
        -:  114: *     | 0   1  |
        -:  115: *
        -:  116: * Sequential update:
        -:  117: *   1) LiDAR:  H = [1,0],  R = R_lidar
        -:  118: *   2) Radar:  H = I_2x2,  R = diag(R_radar_d, R_radar_v)
        -:  119: *
        -:  120: * Confidence: both=1.0, radar-only=0.7, lidar-only=0.5, none=0.0
        -:  121: *             scaled by max(0, 1 - tr(P)/2)
        -:  122: */
        -:  123:
        -:  124:typedef struct {
        -:  125:    float32_t x[2];
        -:  126:    float32_t P[2][2];
        -:  127:    uint8_t   initialized;
        -:  128:} kalman_state_t;
        -:  129:
        -:  130:static kalman_state_t s_kalman;
        -:  131:
function kalman_state_reset called 27 returned 100% blocks executed 100%
       27:  132:static void kalman_state_reset(kalman_state_t *s)
        -:  133:{
       27:  134:    s->x[0] = 0.0f;
       27:  135:    s->x[1] = 0.0f;
       27:  136:    s->P[0][0] = KALMAN_P0_D;  s->P[0][1] = 0.0f;
       27:  137:    s->P[1][0] = 0.0f;         s->P[1][1] = KALMAN_P0_V;
       27:  138:    s->initialized = 0U;
       27:  139:}
        -:  140:
function kalman_fusion called 880 returned 100% blocks executed 94%
      880:  141:static void kalman_fusion(
        -:  142:    float32_t d_l, float32_t d_r, float32_t vr_r,
        -:  143:    uint8_t l_fault, uint8_t r_fault, uint8_t fi,
        -:  144:    float32_t *out_d, float32_t *out_v, float32_t *out_conf)
        -:  145:{
      880:  146:    uint8_t l_ok = ((l_fault == 0U) && (fi == 0U)) ? 1U : 0U;
branch  0 taken 558 (fallthrough)
branch  1 taken 322
branch  2 taken 555 (fallthrough)
branch  3 taken 3
condition outcomes covered 4/4
      880:  147:    uint8_t r_ok = ((r_fault == 0U) && (fi == 0U)) ? 1U : 0U;
branch  0 taken 530 (fallthrough)
branch  1 taken 350
branch  2 taken 527 (fallthrough)
branch  3 taken 3
condition outcomes covered 4/4
        -:  148:
        -:  149:    /* Seed state on first call: x = [d_r, vr_r] */
      880:  150:    if (s_kalman.initialized == 0U) {
branch  0 taken 27 (fallthrough)
branch  1 taken 853
condition outcomes covered 2/2
       27:  151:        s_kalman.x[0] = d_r;
       27:  152:        s_kalman.x[1] = vr_r;
       27:  153:        s_kalman.initialized = 1U;
        -:  154:    }
        -:  155:
        -:  156:    /* --- PREDICT: xp = F*x, Pp = F*P*F' + Q --- */
      880:  157:    float32_t dt = AEB_DT;
      880:  158:    float32_t xp0 = s_kalman.x[0] - (dt * s_kalman.x[1]);
      880:  159:    float32_t xp1 = s_kalman.x[1];
        -:  160:
      880:  161:    float32_t A00 = s_kalman.P[0][0] - (dt * s_kalman.P[1][0]);
      880:  162:    float32_t A01 = s_kalman.P[0][1] - (dt * s_kalman.P[1][1]);
      880:  163:    float32_t A10 = s_kalman.P[1][0];
      880:  164:    float32_t A11 = s_kalman.P[1][1];
        -:  165:
      880:  166:    float32_t Pp00 = (A00 - (dt * A01)) + KALMAN_Q_D;
      880:  167:    float32_t Pp01 = A01;
      880:  168:    float32_t Pp10 = A10 - (dt * A11);
      880:  169:    float32_t Pp11 = A11 + KALMAN_Q_V;
        -:  170:
        -:  171:    /* --- UPDATE 1: LiDAR (H=[1,0], scalar) --- */
      880:  172:    float32_t x1_0 = xp0;
      880:  173:    float32_t x1_1 = xp1;
      880:  174:    float32_t P1_00 = Pp00;
      880:  175:    float32_t P1_01 = Pp01;
      880:  176:    float32_t P1_10 = Pp10;
      880:  177:    float32_t P1_11 = Pp11;
        -:  178:
      880:  179:    if (l_ok != 0U) {
branch  0 taken 555 (fallthrough)
branch  1 taken 325
condition outcomes covered 2/2
      555:  180:        float32_t S_l  = Pp00 + KALMAN_R_LIDAR;
      555:  181:        float32_t K0   = Pp00 / S_l;
      555:  182:        float32_t K1   = Pp10 / S_l;
      555:  183:        float32_t innov = d_l - xp0;
        -:  184:
      555:  185:        x1_0 = xp0 + (K0 * innov);
      555:  186:        x1_1 = xp1 + (K1 * innov);
        -:  187:
      555:  188:        float32_t imK0 = 1.0f - K0;
      555:  189:        P1_00 = imK0 * Pp00;
      555:  190:        P1_01 = imK0 * Pp01;
      555:  191:        P1_10 = (-K1 * Pp00) + Pp10;
      555:  192:        P1_11 = (-K1 * Pp01) + Pp11;
        -:  193:    }
        -:  194:
        -:  195:    /* --- UPDATE 2: Radar (H=I_2x2, 2x2 inverse) --- */
      880:  196:    float32_t x2_0 = x1_0;
      880:  197:    float32_t x2_1 = x1_1;
      880:  198:    float32_t P2_00 = P1_00;
      880:  199:    float32_t P2_01 = P1_01;
      880:  200:    float32_t P2_10 = P1_10;
      880:  201:    float32_t P2_11 = P1_11;
        -:  202:
      880:  203:    if (r_ok != 0U) {
branch  0 taken 527 (fallthrough)
branch  1 taken 353
condition outcomes covered 2/2
      527:  204:        float32_t S00 = P1_00 + KALMAN_R_RADAR_D;
      527:  205:        float32_t S01 = P1_01;
      527:  206:        float32_t S10 = P1_10;
      527:  207:        float32_t S11 = P1_11 + KALMAN_R_RADAR_V;
        -:  208:
      527:  209:        float32_t det = (S00 * S11) - (S01 * S10);
        -:  210:
     527*:  211:        if (FABSF(det) > 1e-9f) {
branch  0 taken 0 (fallthrough)
branch  1 taken 527
branch  2 taken 527 (fallthrough)
branch  3 taken 0
condition outcomes covered 1/2
condition  0 not covered (true)
condition outcomes covered 1/2
condition  0 not covered (false)
      527:  212:            float32_t inv_det = 1.0f / det;
      527:  213:            float32_t Si00 =  S11 * inv_det;
      527:  214:            float32_t Si01 = -S01 * inv_det;
      527:  215:            float32_t Si10 = -S10 * inv_det;
      527:  216:            float32_t Si11 =  S00 * inv_det;
        -:  217:
      527:  218:            float32_t K00 = (P1_00 * Si00) + (P1_01 * Si10);
      527:  219:            float32_t K01 = (P1_00 * Si01) + (P1_01 * Si11);
      527:  220:            float32_t K10 = (P1_10 * Si00) + (P1_11 * Si10);
      527:  221:            float32_t K11 = (P1_10 * Si01) + (P1_11 * Si11);
        -:  222:
      527:  223:            float32_t inn0 = d_r  - x1_0;
      527:  224:            float32_t inn1 = vr_r - x1_1;
        -:  225:
      527:  226:            x2_0 = x1_0 + (K00 * inn0) + (K01 * inn1);
      527:  227:            x2_1 = x1_1 + (K10 * inn0) + (K11 * inn1);
        -:  228:
      527:  229:            float32_t imK00 = 1.0f - K00;
      527:  230:            float32_t imK11 = 1.0f - K11;
        -:  231:
      527:  232:            P2_00 = (imK00 * P1_00) + ((-K01) * P1_10);
      527:  233:            P2_01 = (imK00 * P1_01) + ((-K01) * P1_11);
      527:  234:            P2_10 = ((-K10) * P1_00) + (imK11 * P1_10);
      527:  235:            P2_11 = ((-K10) * P1_01) + (imK11 * P1_11);
        -:  236:        }
        -:  237:    }
        -:  238:
        -:  239:    /* Persist state */
      880:  240:    s_kalman.x[0]    = x2_0;
      880:  241:    s_kalman.x[1]    = x2_1;
      880:  242:    s_kalman.P[0][0] = P2_00;
      880:  243:    s_kalman.P[0][1] = P2_01;
      880:  244:    s_kalman.P[1][0] = P2_10;
      880:  245:    s_kalman.P[1][1] = P2_11;
        -:  246:
        -:  247:    /* Confidence */
      880:  248:    if ((l_ok == 0U) && (r_ok == 0U)) {
branch  0 taken 325 (fallthrough)
branch  1 taken 555
branch  2 taken 23 (fallthrough)
branch  3 taken 302
condition outcomes covered 4/4
       23:  249:        *out_conf = 0.0f;
        -:  250:    } else {
        -:  251:        float32_t base;
      857:  252:        if ((l_ok != 0U) && (r_ok != 0U)) {
branch  0 taken 555 (fallthrough)
branch  1 taken 302
branch  2 taken 225 (fallthrough)
branch  3 taken 330
condition outcomes covered 4/4
      225:  253:            base = 1.0f;
      632:  254:        } else if (r_ok != 0U) {
branch  0 taken 302 (fallthrough)
branch  1 taken 330
condition outcomes covered 2/2
      302:  255:            base = 0.7f;
        -:  256:        } else {
      330:  257:            base = 0.5f;
        -:  258:        }
      857:  259:        float32_t trace_P = P2_00 + P2_11;
      857:  260:        float32_t quality = 1.0f - (trace_P / 2.0f);
     857*:  261:        if (quality < 0.0f) { quality = 0.0f; }
branch  0 taken 0 (fallthrough)
branch  1 taken 857
condition outcomes covered 1/2
condition  0 not covered (true)
      857:  262:        *out_conf = base * quality;
        -:  263:    }
        -:  264:
      880:  265:    *out_d = clampf(x2_0, DIST_MIN_OUTPUT, DIST_MAX_OUTPUT);
call    0 returned 880
      880:  266:    *out_v = clampf(x2_1, -MAX_REL_VEL,   MAX_REL_VEL);
call    0 returned 880
      880:  267:}
        -:  268:
        -:  269:/* --- Public API --- */
        -:  270:
function perception_init called 27 returned 100% blocks executed 100%
       27:  271:void perception_init(void)
        -:  272:{
       27:  273:    lidar_state_reset(&s_lidar);
call    0 returned 27
       27:  274:    radar_state_reset(&s_radar);
call    0 returned 27
       27:  275:    kalman_state_reset(&s_kalman);
call    0 returned 27
       27:  276:}
        -:  277:
function perception_step called 882 returned 100% blocks executed 100%
      882:  278:void perception_step(const raw_sensor_input_t *in, perception_output_t *out)
        -:  279:{
        -:  280:    uint8_t   l_fault;
        -:  281:    uint8_t   r_fault;
        -:  282:    float32_t fused_d;
        -:  283:    float32_t fused_v;
        -:  284:    float32_t conf;
        -:  285:
      882:  286:    out->v_ego      = in->v_ego;
      882:  287:    out->fault_flag = 0U;
        -:  288:
        -:  289:    /* CAN timeout: hold last Kalman estimate, flag all faults */
      882:  290:    if (in->can_timeout != 0U) {
branch  0 taken 2 (fallthrough)
branch  1 taken 880
condition outcomes covered 2/2
        2:  291:        out->fault_flag = AEB_FAULT_LIDAR | AEB_FAULT_RADAR | AEB_FAULT_CAN_TO;
        2:  292:        out->distance   = clampf(s_kalman.x[0], DIST_MIN_OUTPUT, DIST_MAX_OUTPUT);
call    0 returned 2
        2:  293:        out->v_rel      = clampf(s_kalman.x[1], -MAX_REL_VEL, MAX_REL_VEL);
call    0 returned 2
        2:  294:        out->confidence = 0.0f;
        2:  295:        return;
        -:  296:    }
        -:  297:
        -:  298:    /* Sensor fault detection */
      880:  299:    l_fault = lidar_fault_detect(in->lidar_d);
call    0 returned 880
      880:  300:    r_fault = radar_fault_detect(in->radar_d, in->radar_vr);
call    0 returned 880
        -:  301:
      880:  302:    if (l_fault != 0U) { out->fault_flag |= AEB_FAULT_LIDAR; }
branch  0 taken 322 (fallthrough)
branch  1 taken 558
condition outcomes covered 2/2
      880:  303:    if (r_fault != 0U) { out->fault_flag |= AEB_FAULT_RADAR; }
branch  0 taken 350 (fallthrough)
branch  1 taken 530
condition outcomes covered 2/2
        -:  304:
        -:  305:    /* Kalman fusion (runs even if both faulty for dead-reckoning) */
      880:  306:    kalman_fusion(in->lidar_d, in->radar_d, in->radar_vr,
      880:  307:                  l_fault, r_fault, in->fi,
call    0 returned 880
        -:  308:                  &fused_d, &fused_v, &conf);
        -:  309:
        -:  310:    /* Fault injection propagation (NFR-SAF-005) */
      880:  311:    if (in->fi != 0U) {
branch  0 taken 3 (fallthrough)
branch  1 taken 877
condition outcomes covered 2/2
        3:  312:        out->fault_flag |= AEB_FAULT_LIDAR | AEB_FAULT_RADAR;
        -:  313:    }
        -:  314:
      880:  315:    out->distance   = fused_d;
      880:  316:    out->v_rel      = fused_v;
      880:  317:    out->confidence = conf;
        -:  318:}
