TN:
SF:/home/runner/work/AEB-stellantis-project/AEB-stellantis-project/src/perception/aeb_perception.c
FN:13,18,clampf
FN:137,144,kalman_state_reset
FN:146,274,kalman_fusion
FN:278,283,perception_init
FN:285,331,perception_step
FN:30,35,lidar_state_reset
FN:37,63,lidar_fault_detect
FN:76,82,radar_state_reset
FN:84,113,radar_fault_detect
FNDA:3736,clampf
FNDA:54,kalman_state_reset
FNDA:1866,kalman_fusion
FNDA:54,perception_init
FNDA:1868,perception_step
FNDA:54,lidar_state_reset
FNDA:1866,lidar_fault_detect
FNDA:54,radar_state_reset
FNDA:1866,radar_fault_detect
FNF:9
FNH:9
BRDA:15,0,0,5
BRDA:15,0,1,3731
BRDA:16,0,0,157
BRDA:16,0,1,3574
BRDA:42,0,0,1637
BRDA:42,0,1,229
BRDA:42,0,2,1628
BRDA:42,0,3,9
BRDA:43,0,0,595
BRDA:43,0,1,1033
BRDA:45,0,0,995
BRDA:45,0,1,871
BRDA:45,0,2,991
BRDA:45,0,3,4
BRDA:46,0,0,0
BRDA:46,0,1,991
BRDA:46,0,2,13
BRDA:46,0,3,978
BRDA:51,0,0,846
BRDA:51,0,1,1020
BRDA:52,0,0,799
BRDA:52,0,1,47
BRDA:61,0,0,804
BRDA:61,0,1,1062
BRDA:89,0,0,1641
BRDA:89,0,1,225
BRDA:89,0,2,1636
BRDA:89,0,3,5
BRDA:89,0,4,1631
BRDA:89,0,5,5
BRDA:89,0,6,71
BRDA:89,0,7,969
BRDA:90,0,0,1040
BRDA:90,0,1,591
BRDA:90,0,2,0
BRDA:90,0,3,71
BRDA:91,0,0,6
BRDA:91,0,1,963
BRDA:93,0,0,1219
BRDA:93,0,1,647
BRDA:93,0,2,992
BRDA:93,0,3,227
BRDA:94,0,0,4
BRDA:94,0,1,988
BRDA:94,0,2,1
BRDA:94,0,3,3
BRDA:94,0,4,968
BRDA:94,0,5,20
BRDA:95,0,0,4
BRDA:95,0,1,965
BRDA:95,0,2,3
BRDA:95,0,3,1
BRDA:95,0,4,10
BRDA:95,0,5,955
BRDA:100,0,0,868
BRDA:100,0,1,998
BRDA:101,0,0,821
BRDA:101,0,1,47
BRDA:111,0,0,816
BRDA:111,0,1,1050
BRDA:151,0,0,1062
BRDA:151,0,1,804
BRDA:151,0,2,1059
BRDA:151,0,3,3
BRDA:151,0,4,1053
BRDA:151,0,5,6
BRDA:152,0,0,1050
BRDA:152,0,1,816
BRDA:152,0,2,1047
BRDA:152,0,3,3
BRDA:153,0,0,1042
BRDA:153,0,1,5
BRDA:153,0,2,1039
BRDA:153,0,3,3
BRDA:157,0,0,60
BRDA:157,0,1,1806
BRDA:157,0,2,55
BRDA:157,0,3,5
BRDA:157,0,4,50
BRDA:157,0,5,5
BRDA:186,0,0,1053
BRDA:186,0,1,813
BRDA:210,0,0,1039
BRDA:210,0,1,827
BRDA:218,0,0,0
BRDA:218,0,1,1039
BRDA:218,0,2,1039
BRDA:218,0,3,0
BRDA:255,0,0,813
BRDA:255,0,1,1053
BRDA:255,0,2,226
BRDA:255,0,3,587
BRDA:259,0,0,1053
BRDA:259,0,1,587
BRDA:259,0,2,452
BRDA:259,0,3,601
BRDA:261,0,0,587
BRDA:261,0,1,601
BRDA:268,0,0,0
BRDA:268,0,1,1640
BRDA:295,0,0,1866
BRDA:295,0,1,2
BRDA:303,0,0,2
BRDA:303,0,1,1866
BRDA:315,0,0,804
BRDA:315,0,1,1062
BRDA:316,0,0,816
BRDA:316,0,1,1050
BRDA:324,0,0,3
BRDA:324,0,1,1863
BRF:110
BRH:105
DA:13,3736
DA:15,3736
DA:16,3731
DA:17,3574
DA:30,54
DA:32,54
DA:33,54
DA:34,54
DA:35,54
DA:37,1866
DA:42,3494
DA:43,1628
DA:45,1866
DA:46,991
DA:47,13
DA:51,1866
DA:52,846
DA:56,1020
DA:57,1020
DA:58,1020
DA:61,1866
DA:62,1866
DA:76,54
DA:78,54
DA:79,54
DA:80,54
DA:81,54
DA:82,54
DA:84,1866
DA:89,4537
DA:90,1702
DA:91,969
DA:93,1866
DA:94,992
DA:95,969
DA:96,36
DA:100,1866
DA:101,868
DA:105,998
DA:106,998
DA:107,998
DA:108,998
DA:111,1866
DA:112,1866
DA:137,54
DA:139,54
DA:140,54
DA:141,54
DA:142,54
DA:143,54
DA:144,54
DA:146,1866
DA:151,1866
DA:152,2913
DA:153,1047
DA:157,1866
DA:158,50
DA:159,50
DA:160,50
DA:164,1866
DA:165,1866
DA:166,1866
DA:168,1866
DA:169,1866
DA:170,1866
DA:171,1866
DA:173,1866
DA:174,1866
DA:175,1866
DA:176,1866
DA:179,1866
DA:180,1866
DA:181,1866
DA:182,1866
DA:183,1866
DA:184,1866
DA:186,1866
DA:187,1053
DA:188,1053
DA:189,1053
DA:190,1053
DA:192,1053
DA:193,1053
DA:195,1053
DA:196,1053
DA:197,1053
DA:198,1053
DA:199,1053
DA:203,1866
DA:204,1866
DA:205,1866
DA:206,1866
DA:207,1866
DA:208,1866
DA:210,1866
DA:211,1039
DA:212,1039
DA:213,1039
DA:214,1039
DA:216,1039
DA:218,1039
DA:219,1039
DA:220,1039
DA:221,1039
DA:222,1039
DA:223,1039
DA:225,1039
DA:226,1039
DA:227,1039
DA:228,1039
DA:230,1039
DA:231,1039
DA:233,1039
DA:234,1039
DA:236,1039
DA:237,1039
DA:239,1039
DA:240,1039
DA:241,1039
DA:242,1039
DA:247,1866
DA:248,1866
DA:249,1866
DA:250,1866
DA:251,1866
DA:252,1866
DA:255,1866
DA:256,226
DA:259,1640
DA:260,452
DA:261,1188
DA:262,587
DA:264,601
DA:266,1640
DA:267,1640
DA:268,1640
DA:269,1640
DA:272,1866
DA:273,1866
DA:274,1866
DA:278,54
DA:280,54
DA:281,54
DA:282,54
DA:283,54
DA:285,1868
DA:293,1868
DA:295,1868
DA:296,1866
DA:298,2
DA:299,2
DA:303,1868
DA:304,2
DA:305,2
DA:306,2
DA:307,2
DA:308,2
DA:312,1866
DA:313,1866
DA:315,1866
DA:316,1866
DA:319,1866
DA:320,1866
DA:324,1866
DA:325,3
DA:328,1866
DA:329,1866
DA:330,1866
LF:168
LH:168
end_of_record
TN:
SF:/home/runner/work/AEB-stellantis-project/AEB-stellantis-project/tests/test_perception.c
FN:107,134,test_lidar_counter_resets_on_good_frame
FN:140,155,test_radar_fault_latches_at_cycle3
FN:162,181,test_radar_no_fault_single_bad_vr
FN:187,207,test_can_timeout_sets_fault_flags
FN:214,231,test_kalman_convergence
FN:237,257,test_output_clamp_min_distance
FN:263,282,test_output_clamp_max_distance
FN:290,313,test_fault_injection_disables_sensors
FN:319,343,test_confidence_both_sensors_gt_one_sensor
FN:349,362,test_no_fault_on_good_data
FN:368,386,test_output_clamp_rel_velocity
FN:392,404,test_ego_velocity_passthrough
FN:410,436,test_lidar_roc_triggers_counter
FN:443,468,test_radar_roc_triggers_counter
FN:475,499,test_init_resets_state
FN:48,58,make_good_input
FN:509,539,test_can_timeout_preserves_counters
FN:549,564,test_lidar_counter_saturation
FN:570,585,test_radar_counter_saturation
FN:593,614,test_confidence_radar_only
FN:631,648,test_radar_vel_roc_triggers_fault
FN:64,80,test_lidar_no_fault_before_latch
FN:661,690,test_radar_roc_decreasing_distance
FN:704,723,test_radar_vel_roc_decreasing_vr
FN:732,748,test_radar_negative_velocity_in_range
FN:758,776,test_radar_small_velocity_decrease_no_roc
FN:786,802,test_radar_negative_vr_near_dist_min
FN:807,843,main
FN:86,101,test_lidar_fault_latches_at_cycle3
FNDA:1,test_lidar_counter_resets_on_good_frame
FNDA:1,test_radar_fault_latches_at_cycle3
FNDA:1,test_radar_no_fault_single_bad_vr
FNDA:1,test_can_timeout_sets_fault_flags
FNDA:1,test_kalman_convergence
FNDA:1,test_output_clamp_min_distance
FNDA:1,test_output_clamp_max_distance
FNDA:1,test_fault_injection_disables_sensors
FNDA:1,test_confidence_both_sensors_gt_one_sensor
FNDA:1,test_no_fault_on_good_data
FNDA:1,test_output_clamp_rel_velocity
FNDA:1,test_ego_velocity_passthrough
FNDA:1,test_lidar_roc_triggers_counter
FNDA:1,test_radar_roc_triggers_counter
FNDA:1,test_init_resets_state
FNDA:29,make_good_input
FNDA:1,test_can_timeout_preserves_counters
FNDA:1,test_lidar_counter_saturation
FNDA:1,test_radar_counter_saturation
FNDA:1,test_confidence_radar_only
FNDA:1,test_radar_vel_roc_triggers_fault
FNDA:1,test_lidar_no_fault_before_latch
FNDA:1,test_radar_roc_decreasing_distance
FNDA:1,test_radar_vel_roc_decreasing_vr
FNDA:1,test_radar_negative_velocity_in_range
FNDA:1,test_radar_small_velocity_decrease_no_roc
FNDA:1,test_radar_negative_vr_near_dist_min
FNDA:1,main
FNDA:1,test_lidar_fault_latches_at_cycle3
FNF:29
FNH:29
BRDA:75,0,0,2
BRDA:75,0,1,1
BRDA:78,0,0,1
BRDA:78,0,1,0
BRDA:96,0,0,3
BRDA:96,0,1,1
BRDA:99,0,0,1
BRDA:99,0,1,0
BRDA:132,0,0,1
BRDA:132,0,1,0
BRDA:150,0,0,3
BRDA:150,0,1,1
BRDA:153,0,0,1
BRDA:153,0,1,0
BRDA:179,0,0,1
BRDA:179,0,1,0
BRDA:203,0,0,1
BRDA:203,0,1,0
BRDA:204,0,0,1
BRDA:204,0,1,0
BRDA:205,0,0,1
BRDA:205,0,1,0
BRDA:206,0,0,1
BRDA:206,0,1,0
BRDA:226,0,0,50
BRDA:226,0,1,1
BRDA:229,0,0,0
BRDA:229,0,1,1
BRDA:229,0,2,1
BRDA:229,0,3,0
BRDA:252,0,0,5
BRDA:252,0,1,1
BRDA:255,0,0,1
BRDA:255,0,1,0
BRDA:277,0,0,50
BRDA:277,0,1,1
BRDA:280,0,0,1
BRDA:280,0,1,0
BRDA:305,0,0,1
BRDA:305,0,1,0
BRDA:307,0,0,1
BRDA:307,0,1,0
BRDA:311,0,0,1
BRDA:311,0,1,0
BRDA:329,0,0,20
BRDA:329,0,1,1
BRDA:337,0,0,20
BRDA:337,0,1,1
BRDA:341,0,0,1
BRDA:341,0,1,0
BRDA:358,0,0,20
BRDA:358,0,1,1
BRDA:361,0,0,1
BRDA:361,0,1,0
BRDA:380,0,0,30
BRDA:380,0,1,1
BRDA:383,0,0,1
BRDA:383,0,1,0
BRDA:383,0,2,1
BRDA:383,0,3,0
BRDA:403,0,0,1
BRDA:403,0,1,0
BRDA:434,0,0,1
BRDA:434,0,1,0
BRDA:466,0,0,1
BRDA:466,0,1,0
BRDA:485,0,0,3
BRDA:485,0,1,1
BRDA:488,0,0,1
BRDA:488,0,1,0
BRDA:494,0,0,5
BRDA:494,0,1,1
BRDA:497,0,0,1
BRDA:497,0,1,0
BRDA:523,0,0,1
BRDA:523,0,1,0
BRDA:537,0,0,1
BRDA:537,0,1,0
BRDA:559,0,0,256
BRDA:559,0,1,1
BRDA:562,0,0,1
BRDA:562,0,1,0
BRDA:580,0,0,256
BRDA:580,0,1,1
BRDA:583,0,0,1
BRDA:583,0,1,0
BRDA:603,0,0,20
BRDA:603,0,1,1
BRDA:606,0,0,1
BRDA:606,0,1,0
BRDA:608,0,0,1
BRDA:608,0,1,0
BRDA:610,0,0,1
BRDA:610,0,1,0
BRDA:612,0,0,1
BRDA:612,0,1,0
BRDA:646,0,0,1
BRDA:646,0,1,0
BRDA:677,0,0,1
BRDA:677,0,1,0
BRDA:688,0,0,1
BRDA:688,0,1,0
BRDA:721,0,0,1
BRDA:721,0,1,0
BRDA:743,0,0,10
BRDA:743,0,1,1
BRDA:746,0,0,1
BRDA:746,0,1,0
BRDA:771,0,0,5
BRDA:771,0,1,1
BRDA:774,0,0,1
BRDA:774,0,1,0
BRDA:797,0,0,10
BRDA:797,0,1,1
BRDA:800,0,0,1
BRDA:800,0,1,0
BRF:116
BRH:76
DA:48,29
DA:51,29
DA:52,29
DA:53,29
DA:54,29
DA:55,29
DA:56,29
DA:57,29
DA:64,1
DA:70,1
DA:71,1
DA:74,1
DA:75,3
DA:76,2
DA:78,1
DA:80,1
DA:86,1
DA:92,1
DA:93,1
DA:94,1
DA:96,4
DA:97,3
DA:99,1
DA:101,1
DA:107,1
DA:112,1
DA:113,1
DA:117,1
DA:118,1
DA:119,1
DA:120,1
DA:123,1
DA:124,1
DA:127,1
DA:128,1
DA:129,1
DA:130,1
DA:132,1
DA:134,1
DA:140,1
DA:146,1
DA:147,1
DA:148,1
DA:150,4
DA:151,3
DA:153,1
DA:155,1
DA:162,1
DA:167,1
DA:168,1
DA:171,1
DA:172,1
DA:175,1
DA:176,1
DA:177,1
DA:179,1
DA:181,1
DA:187,1
DA:192,1
DA:195,1
DA:196,1
DA:197,1
DA:200,1
DA:201,1
DA:203,1
DA:204,1
DA:205,1
DA:206,1
DA:207,1
DA:214,1
DA:220,1
DA:221,1
DA:222,1
DA:223,1
DA:224,1
DA:226,51
DA:227,50
DA:229,1
DA:231,1
DA:237,1
DA:243,1
DA:244,1
DA:247,1
DA:248,1
DA:249,1
DA:252,6
DA:253,5
DA:255,1
DA:257,1
DA:263,1
DA:269,1
DA:270,1
DA:273,1
DA:274,1
DA:275,1
DA:277,51
DA:278,50
DA:280,1
DA:282,1
DA:290,1
DA:295,1
DA:296,1
DA:297,1
DA:300,1
DA:301,1
DA:302,1
DA:305,1
DA:307,1
DA:311,1
DA:313,1
DA:319,1
DA:327,1
DA:328,1
DA:329,21
DA:330,20
DA:334,1
DA:335,1
DA:336,1
DA:337,21
DA:338,20
DA:341,1
DA:343,1
DA:349,1
DA:355,1
DA:356,1
DA:358,21
DA:359,20
DA:361,1
DA:362,1
DA:368,1
DA:374,1
DA:375,1
DA:377,1
DA:378,1
DA:380,31
DA:381,30
DA:383,1
DA:386,1
DA:392,1
DA:397,1
DA:398,1
DA:399,1
DA:401,1
DA:403,1
DA:404,1
DA:410,1
DA:415,1
DA:416,1
DA:419,1
DA:420,1
DA:427,1
DA:428,1
DA:429,1
DA:430,1
DA:431,1
DA:432,1
DA:434,1
DA:436,1
DA:443,1
DA:448,1
DA:449,1
DA:452,1
DA:459,1
DA:460,1
DA:461,1
DA:462,1
DA:463,1
DA:464,1
DA:466,1
DA:468,1
DA:475,1
DA:482,1
DA:483,1
DA:484,1
DA:485,4
DA:486,3
DA:488,1
DA:492,1
DA:493,1
DA:494,6
DA:495,5
DA:497,1
DA:499,1
DA:509,1
DA:514,1
DA:515,1
DA:518,1
DA:521,1
DA:522,1
DA:523,1
DA:528,1
DA:529,1
DA:534,1
DA:535,1
DA:536,1
DA:537,1
DA:539,1
DA:549,1
DA:555,1
DA:556,1
DA:557,1
DA:559,257
DA:560,256
DA:562,1
DA:564,1
DA:570,1
DA:576,1
DA:577,1
DA:578,1
DA:580,257
DA:581,256
DA:583,1
DA:585,1
DA:593,1
DA:599,1
DA:600,1
DA:601,1
DA:603,21
DA:604,20
DA:606,1
DA:608,1
DA:610,1
DA:612,1
DA:614,1
DA:631,1
DA:636,1
DA:637,1
DA:640,1
DA:642,1
DA:643,1
DA:644,1
DA:646,1
DA:648,1
DA:661,1
DA:666,1
DA:667,1
DA:670,1
DA:671,1
DA:675,1
DA:676,1
DA:677,1
DA:682,1
DA:683,1
DA:684,1
DA:685,1
DA:686,1
DA:687,1
DA:688,1
DA:690,1
DA:704,1
DA:709,1
DA:710,1
DA:713,1
DA:714,1
DA:715,1
DA:717,1
DA:718,1
DA:719,1
DA:721,1
DA:723,1
DA:732,1
DA:738,1
DA:739,1
DA:740,1
DA:741,1
DA:743,11
DA:744,10
DA:746,1
DA:748,1
DA:758,1
DA:764,1
DA:765,1
DA:766,1
DA:769,1
DA:770,1
DA:771,6
DA:772,5
DA:774,1
DA:776,1
DA:786,1
DA:792,1
DA:793,1
DA:794,1
DA:795,1
DA:797,11
DA:798,10
DA:800,1
DA:802,1
DA:807,1
DA:809,1
DA:811,1
DA:812,1
DA:813,1
DA:814,1
DA:815,1
DA:816,1
DA:817,1
DA:818,1
DA:819,1
DA:820,1
DA:821,1
DA:822,1
DA:823,1
DA:824,1
DA:825,1
DA:826,1
DA:827,1
DA:828,1
DA:830,1
DA:831,1
DA:832,1
DA:833,1
DA:834,1
DA:835,1
DA:836,1
DA:837,1
DA:838,1
DA:840,1
DA:842,1
LF:319
LH:319
end_of_record
TN:
SF:/home/runner/work/AEB-stellantis-project/AEB-stellantis-project/tests/test_perception_mcdc.c
FN:116,136,test_G1_lidar_counter_saturation
FN:138,157,test_G1_radar_counter_saturation
FN:169,186,test_G2_radar_velocity_out_of_range
FN:200,224,test_G3a_radar_distance_roc_only
FN:226,250,test_G3b_radar_velocity_roc_only
FN:276,309,test_G4_kalman_no_radar_update
FN:328,357,test_G5_confidence_quality_clamp
FN:375,389,test_G6a_kalman_init_nan_d_r
FN:391,405,test_G6b_kalman_init_nan_vr_r
FN:407,421,test_G6c_kalman_init_both_valid
FN:435,452,test_G7a_lidar_nan
FN:454,471,test_G7b_lidar_inf
FN:486,503,test_G8a_radar_nan_d_r
FN:505,522,test_G8b_radar_neg_inf_vr_r
FN:535,549,test_G9_vego_nan
FN:566,590,test_G10_clamp_distance_max
FN:605,620,test_G11_clamp_vrel_max
FN:632,651,test_G12_radar_dist_max_sole
FN:665,691,test_G13a_radar_dist_roc_mcdc
FN:693,719,test_G13b_radar_vel_roc_mcdc
FN:732,747,test_G14_det_guard_proxy
FN:763,778,test_G15_quality_clamp_proxy
FN:790,804,test_G16_vego_inf
FN:817,834,test_G17a_lidar_above_max
FN:836,853,test_G17b_lidar_below_min
FN:858,946,main
FN:91,101,make_good_input
FNDA:1,test_G1_lidar_counter_saturation
FNDA:1,test_G1_radar_counter_saturation
FNDA:1,test_G2_radar_velocity_out_of_range
FNDA:1,test_G3a_radar_distance_roc_only
FNDA:1,test_G3b_radar_velocity_roc_only
FNDA:1,test_G4_kalman_no_radar_update
FNDA:1,test_G5_confidence_quality_clamp
FNDA:1,test_G6a_kalman_init_nan_d_r
FNDA:1,test_G6b_kalman_init_nan_vr_r
FNDA:1,test_G6c_kalman_init_both_valid
FNDA:1,test_G7a_lidar_nan
FNDA:1,test_G7b_lidar_inf
FNDA:1,test_G8a_radar_nan_d_r
FNDA:1,test_G8b_radar_neg_inf_vr_r
FNDA:1,test_G9_vego_nan
FNDA:1,test_G10_clamp_distance_max
FNDA:1,test_G11_clamp_vrel_max
FNDA:1,test_G12_radar_dist_max_sole
FNDA:1,test_G13a_radar_dist_roc_mcdc
FNDA:1,test_G13b_radar_vel_roc_mcdc
FNDA:1,test_G14_det_guard_proxy
FNDA:1,test_G15_quality_clamp_proxy
FNDA:1,test_G16_vego_inf
FNDA:1,test_G17a_lidar_above_max
FNDA:1,test_G17b_lidar_below_min
FNDA:1,main
FNDA:26,make_good_input
FNF:27
FNH:27
BRDA:125,0,0,300
BRDA:125,0,1,1
BRDA:129,0,0,1
BRDA:129,0,1,0
BRDA:134,0,0,1
BRDA:134,0,1,0
BRDA:147,0,0,300
BRDA:147,0,1,1
BRDA:151,0,0,1
BRDA:151,0,1,0
BRDA:155,0,0,1
BRDA:155,0,1,0
BRDA:180,0,0,4
BRDA:180,0,1,1
BRDA:184,0,0,1
BRDA:184,0,1,0
BRDA:216,0,0,3
BRDA:216,0,1,1
BRDA:222,0,0,1
BRDA:222,0,1,0
BRDA:241,0,0,3
BRDA:241,0,1,1
BRDA:244,0,0,0
BRDA:244,0,1,3
BRDA:248,0,0,1
BRDA:248,0,1,0
BRDA:292,0,0,5
BRDA:292,0,1,1
BRDA:305,0,0,1
BRDA:305,0,1,0
BRDA:307,0,0,1
BRDA:307,0,1,0
BRDA:338,0,0,20
BRDA:338,0,1,1
BRDA:339,0,0,10
BRDA:339,0,1,10
BRDA:349,0,0,1
BRDA:349,0,1,19
BRDA:350,0,0,20
BRDA:350,0,1,0
BRDA:353,0,0,1
BRDA:353,0,1,0
BRDA:355,0,0,1
BRDA:355,0,1,0
BRDA:385,0,0,1
BRDA:385,0,1,0
BRDA:387,0,0,1
BRDA:387,0,1,0
BRDA:401,0,0,1
BRDA:401,0,1,0
BRDA:403,0,0,1
BRDA:403,0,1,0
BRDA:417,0,0,1
BRDA:417,0,1,0
BRDA:419,0,0,1
BRDA:419,0,1,0
BRDA:444,0,0,4
BRDA:444,0,1,1
BRDA:448,0,0,1
BRDA:448,0,1,0
BRDA:450,0,0,1
BRDA:450,0,1,0
BRDA:463,0,0,4
BRDA:463,0,1,1
BRDA:467,0,0,1
BRDA:467,0,1,0
BRDA:469,0,0,1
BRDA:469,0,1,0
BRDA:495,0,0,4
BRDA:495,0,1,1
BRDA:499,0,0,1
BRDA:499,0,1,0
BRDA:501,0,0,1
BRDA:501,0,1,0
BRDA:514,0,0,4
BRDA:514,0,1,1
BRDA:518,0,0,1
BRDA:518,0,1,0
BRDA:520,0,0,1
BRDA:520,0,1,0
BRDA:545,0,0,1
BRDA:545,0,1,0
BRDA:547,0,0,1
BRDA:547,0,1,0
BRDA:583,0,0,220
BRDA:583,0,1,1
BRDA:588,0,0,1
BRDA:588,0,1,0
BRDA:618,0,0,1
BRDA:618,0,1,0
BRDA:643,0,0,4
BRDA:643,0,1,1
BRDA:647,0,0,1
BRDA:647,0,1,0
BRDA:649,0,0,1
BRDA:649,0,1,0
BRDA:685,0,0,2
BRDA:685,0,1,1
BRDA:689,0,0,1
BRDA:689,0,1,0
BRDA:713,0,0,2
BRDA:713,0,1,1
BRDA:717,0,0,1
BRDA:717,0,1,0
BRDA:739,0,0,100
BRDA:739,0,1,1
BRDA:743,0,0,1
BRDA:743,0,1,0
BRDA:745,0,0,1
BRDA:745,0,1,0
BRDA:771,0,0,50
BRDA:771,0,1,1
BRDA:773,0,0,1
BRDA:773,0,1,49
BRDA:776,0,0,1
BRDA:776,0,1,0
BRDA:800,0,0,1
BRDA:800,0,1,0
BRDA:802,0,0,1
BRDA:802,0,1,0
BRDA:826,0,0,4
BRDA:826,0,1,1
BRDA:830,0,0,1
BRDA:830,0,1,0
BRDA:832,0,0,1
BRDA:832,0,1,0
BRDA:845,0,0,4
BRDA:845,0,1,1
BRDA:849,0,0,1
BRDA:849,0,1,0
BRDA:851,0,0,1
BRDA:851,0,1,0
BRF:132
BRH:88
DA:91,26
DA:94,26
DA:95,26
DA:96,26
DA:97,26
DA:98,26
DA:99,26
DA:100,26
DA:116,1
DA:118,1
DA:121,1
DA:124,1
DA:125,301
DA:126,300
DA:129,1
DA:133,1
DA:134,1
DA:136,1
DA:138,1
DA:140,1
DA:143,1
DA:146,1
DA:147,301
DA:148,300
DA:151,1
DA:154,1
DA:155,1
DA:157,1
DA:169,1
DA:171,1
DA:174,1
DA:177,1
DA:178,1
DA:180,5
DA:181,4
DA:184,1
DA:186,1
DA:200,1
DA:202,1
DA:205,1
DA:208,1
DA:211,1
DA:212,1
DA:213,1
DA:216,4
DA:217,3
DA:218,3
DA:219,3
DA:222,1
DA:224,1
DA:226,1
DA:228,1
DA:231,1
DA:234,1
DA:237,1
DA:238,1
DA:239,1
DA:241,4
DA:242,3
DA:243,3
DA:244,3
DA:245,3
DA:248,1
DA:250,1
DA:276,1
DA:278,1
DA:281,1
DA:284,1
DA:290,1
DA:291,1
DA:292,6
DA:293,5
DA:298,1
DA:299,1
DA:300,1
DA:301,1
DA:302,1
DA:305,1
DA:307,1
DA:309,1
DA:328,1
DA:330,1
DA:332,1
DA:333,1
DA:335,1
DA:338,21
DA:339,20
DA:340,10
DA:341,10
DA:342,10
DA:344,10
DA:345,10
DA:346,10
DA:348,20
DA:349,20
DA:350,20
DA:353,1
DA:355,1
DA:357,1
DA:375,1
DA:377,1
DA:380,1
DA:382,1
DA:383,1
DA:385,1
DA:387,1
DA:389,1
DA:391,1
DA:393,1
DA:396,1
DA:398,1
DA:399,1
DA:401,1
DA:403,1
DA:405,1
DA:407,1
DA:409,1
DA:412,1
DA:415,1
DA:417,1
DA:419,1
DA:421,1
DA:435,1
DA:437,1
DA:440,1
DA:442,1
DA:444,5
DA:445,4
DA:448,1
DA:450,1
DA:452,1
DA:454,1
DA:456,1
DA:459,1
DA:461,1
DA:463,5
DA:464,4
DA:467,1
DA:469,1
DA:471,1
DA:486,1
DA:488,1
DA:491,1
DA:493,1
DA:495,5
DA:496,4
DA:499,1
DA:501,1
DA:503,1
DA:505,1
DA:507,1
DA:510,1
DA:512,1
DA:514,5
DA:515,4
DA:518,1
DA:520,1
DA:522,1
DA:535,1
DA:537,1
DA:540,1
DA:542,1
DA:543,1
DA:545,1
DA:547,1
DA:549,1
DA:566,1
DA:568,1
DA:571,1
DA:575,1
DA:576,1
DA:577,1
DA:578,1
DA:582,1
DA:583,221
DA:584,220
DA:588,1
DA:590,1
DA:605,1
DA:607,1
DA:610,1
DA:614,1
DA:615,1
DA:618,1
DA:620,1
DA:632,1
DA:634,1
DA:637,1
DA:639,1
DA:640,1
DA:641,1
DA:643,5
DA:644,4
DA:647,1
DA:649,1
DA:651,1
DA:665,1
DA:667,1
DA:670,1
DA:673,1
DA:676,1
DA:677,1
DA:678,1
DA:681,1
DA:682,1
DA:683,1
DA:685,3
DA:686,2
DA:689,1
DA:691,1
DA:693,1
DA:695,1
DA:698,1
DA:701,1
DA:704,1
DA:705,1
DA:706,1
DA:709,1
DA:710,1
DA:711,1
DA:713,3
DA:714,2
DA:717,1
DA:719,1
DA:732,1
DA:734,1
DA:737,1
DA:739,101
DA:740,100
DA:743,1
DA:745,1
DA:747,1
DA:763,1
DA:765,1
DA:767,1
DA:769,1
DA:771,51
DA:772,50
DA:773,50
DA:776,1
DA:778,1
DA:790,1
DA:792,1
DA:795,1
DA:797,1
DA:798,1
DA:800,1
DA:802,1
DA:804,1
DA:817,1
DA:819,1
DA:822,1
DA:824,1
DA:826,5
DA:827,4
DA:830,1
DA:832,1
DA:834,1
DA:836,1
DA:838,1
DA:841,1
DA:843,1
DA:845,5
DA:846,4
DA:849,1
DA:851,1
DA:853,1
DA:858,1
DA:860,1
DA:861,1
DA:862,1
DA:863,1
DA:865,1
DA:866,1
DA:867,1
DA:868,1
DA:870,1
DA:871,1
DA:872,1
DA:874,1
DA:875,1
DA:876,1
DA:877,1
DA:879,1
DA:880,1
DA:881,1
DA:883,1
DA:884,1
DA:885,1
DA:887,1
DA:888,1
DA:889,1
DA:890,1
DA:891,1
DA:893,1
DA:894,1
DA:895,1
DA:896,1
DA:898,1
DA:899,1
DA:900,1
DA:901,1
DA:903,1
DA:904,1
DA:905,1
DA:907,1
DA:908,1
DA:909,1
DA:911,1
DA:912,1
DA:913,1
DA:915,1
DA:916,1
DA:917,1
DA:919,1
DA:920,1
DA:921,1
DA:922,1
DA:924,1
DA:925,1
DA:926,1
DA:928,1
DA:929,1
DA:930,1
DA:932,1
DA:933,1
DA:934,1
DA:936,1
DA:937,1
DA:938,1
DA:939,1
DA:941,1
DA:942,1
DA:943,1
DA:945,1
LF:335
LH:335
end_of_record
