TN:
SF:/home/runner/work/AEB-stellantis-project/AEB-stellantis-project/src/perception/aeb_perception.c
FN:13,18,clampf
FN:137,144,kalman_state_reset
FN:146,274,kalman_fusion
FN:278,283,perception_init
FN:285,331,perception_step
FN:30,35,lidar_state_reset
FN:37,63,lidar_fault_detect
FN:76,82,radar_state_reset
FN:84,113,radar_fault_detect
FNDA:3736,clampf
FNDA:54,kalman_state_reset
FNDA:1866,kalman_fusion
FNDA:54,perception_init
FNDA:1868,perception_step
FNDA:54,lidar_state_reset
FNDA:1866,lidar_fault_detect
FNDA:54,radar_state_reset
FNDA:1866,radar_fault_detect
FNF:9
FNH:9
BRDA:15,0,0,5
BRDA:15,0,1,3731
BRDA:16,0,0,157
BRDA:16,0,1,3574
BRDA:42,0,0,1637
BRDA:42,0,1,229
BRDA:42,0,2,1628
BRDA:42,0,3,9
BRDA:43,0,0,595
BRDA:43,0,1,1033
BRDA:45,0,0,995
BRDA:45,0,1,871
BRDA:45,0,2,991
BRDA:45,0,3,4
BRDA:46,0,0,0
BRDA:46,0,1,991
BRDA:46,0,2,13
BRDA:46,0,3,978
BRDA:51,0,0,846
BRDA:51,0,1,1020
BRDA:52,0,0,799
BRDA:52,0,1,47
BRDA:61,0,0,804
BRDA:61,0,1,1062
BRDA:89,0,0,1641
BRDA:89,0,1,225
BRDA:89,0,2,1636
BRDA:89,0,3,5
BRDA:89,0,4,1631
BRDA:89,0,5,5
BRDA:89,0,6,71
BRDA:89,0,7,969
BRDA:90,0,0,1040
BRDA:90,0,1,591
BRDA:90,0,2,0
BRDA:90,0,3,71
BRDA:91,0,0,6
BRDA:91,0,1,963
BRDA:93,0,0,1219
BRDA:93,0,1,647
BRDA:93,0,2,992
BRDA:93,0,3,227
BRDA:94,0,0,4
BRDA:94,0,1,988
BRDA:94,0,2,1
BRDA:94,0,3,3
BRDA:94,0,4,968
BRDA:94,0,5,20
BRDA:95,0,0,4
BRDA:95,0,1,965
BRDA:95,0,2,3
BRDA:95,0,3,1
BRDA:95,0,4,10
BRDA:95,0,5,955
BRDA:100,0,0,868
BRDA:100,0,1,998
BRDA:101,0,0,821
BRDA:101,0,1,47
BRDA:111,0,0,816
BRDA:111,0,1,1050
BRDA:151,0,0,1062
BRDA:151,0,1,804
BRDA:151,0,2,1059
BRDA:151,0,3,3
BRDA:151,0,4,1053
BRDA:151,0,5,6
BRDA:152,0,0,1050
BRDA:152,0,1,816
BRDA:152,0,2,1047
BRDA:152,0,3,3
BRDA:153,0,0,1042
BRDA:153,0,1,5
BRDA:153,0,2,1039
BRDA:153,0,3,3
BRDA:157,0,0,60
BRDA:157,0,1,1806
BRDA:157,0,2,55
BRDA:157,0,3,5
BRDA:157,0,4,50
BRDA:157,0,5,5
BRDA:186,0,0,1053
BRDA:186,0,1,813
BRDA:210,0,0,1039
BRDA:210,0,1,827
BRDA:218,0,0,0
BRDA:218,0,1,1039
BRDA:218,0,2,1039
BRDA:218,0,3,0
BRDA:255,0,0,813
BRDA:255,0,1,1053
BRDA:255,0,2,226
BRDA:255,0,3,587
BRDA:259,0,0,1053
BRDA:259,0,1,587
BRDA:259,0,2,452
BRDA:259,0,3,601
BRDA:261,0,0,587
BRDA:261,0,1,601
BRDA:268,0,0,0
BRDA:268,0,1,1640
BRDA:295,0,0,1866
BRDA:295,0,1,2
BRDA:303,0,0,2
BRDA:303,0,1,1866
BRDA:315,0,0,804
BRDA:315,0,1,1062
BRDA:316,0,0,816
BRDA:316,0,1,1050
BRDA:324,0,0,3
BRDA:324,0,1,1863
BRF:110
BRH:105
DA:13,3736
DA:15,3736
DA:16,3731
DA:17,3574
DA:30,54
DA:32,54
DA:33,54
DA:34,54
DA:35,54
DA:37,1866
DA:42,3494
DA:43,1628
DA:45,1866
DA:46,991
DA:47,13
DA:51,1866
DA:52,846
DA:56,1020
DA:57,1020
DA:58,1020
DA:61,1866
DA:62,1866
DA:76,54
DA:78,54
DA:79,54
DA:80,54
DA:81,54
DA:82,54
DA:84,1866
DA:89,4537
DA:90,1702
DA:91,969
DA:93,1866
DA:94,992
DA:95,969
DA:96,36
DA:100,1866
DA:101,868
DA:105,998
DA:106,998
DA:107,998
DA:108,998
DA:111,1866
DA:112,1866
DA:137,54
DA:139,54
DA:140,54
DA:141,54
DA:142,54
DA:143,54
DA:144,54
DA:146,1866
DA:151,1866
DA:152,2913
DA:153,1047
DA:157,1866
DA:158,50
DA:159,50
DA:160,50
DA:164,1866
DA:165,1866
DA:166,1866
DA:168,1866
DA:169,1866
DA:170,1866
DA:171,1866
DA:173,1866
DA:174,1866
DA:175,1866
DA:176,1866
DA:179,1866
DA:180,1866
DA:181,1866
DA:182,1866
DA:183,1866
DA:184,1866
DA:186,1866
DA:187,1053
DA:188,1053
DA:189,1053
DA:190,1053
DA:192,1053
DA:193,1053
DA:195,1053
DA:196,1053
DA:197,1053
DA:198,1053
DA:199,1053
DA:203,1866
DA:204,1866
DA:205,1866
DA:206,1866
DA:207,1866
DA:208,1866
DA:210,1866
DA:211,1039
DA:212,1039
DA:213,1039
DA:214,1039
DA:216,1039
DA:218,1039
DA:219,1039
DA:220,1039
DA:221,1039
DA:222,1039
DA:223,1039
DA:225,1039
DA:226,1039
DA:227,1039
DA:228,1039
DA:230,1039
DA:231,1039
DA:233,1039
DA:234,1039
DA:236,1039
DA:237,1039
DA:239,1039
DA:240,1039
DA:241,1039
DA:242,1039
DA:247,1866
DA:248,1866
DA:249,1866
DA:250,1866
DA:251,1866
DA:252,1866
DA:255,1866
DA:256,226
DA:259,1640
DA:260,452
DA:261,1188
DA:262,587
DA:264,601
DA:266,1640
DA:267,1640
DA:268,1640
DA:269,1640
DA:272,1866
DA:273,1866
DA:274,1866
DA:278,54
DA:280,54
DA:281,54
DA:282,54
DA:283,54
DA:285,1868
DA:293,1868
DA:295,1868
DA:296,1866
DA:298,2
DA:299,2
DA:303,1868
DA:304,2
DA:305,2
DA:306,2
DA:307,2
DA:308,2
DA:312,1866
DA:313,1866
DA:315,1866
DA:316,1866
DA:319,1866
DA:320,1866
DA:324,1866
DA:325,3
DA:328,1866
DA:329,1866
DA:330,1866
LF:168
LH:168
end_of_record
