<?xml version='1.0' encoding='utf-8'?>
<!DOCTYPE coverage SYSTEM 'http://cobertura.sourceforge.net/xml/coverage-04.dtd'>
<coverage line-rate="1.0" branch-rate="1.0" lines-covered="85" lines-valid="85" branches-covered="37" branches-valid="37" complexity="0.0" timestamp="1777575699" version="gcovr 8.6"><sources><source>/home/runner/work/AEB-stellantis-project/AEB-stellantis-project</source></sources><packages><package name="src.execution" line-rate="1.0" branch-rate="1.0" complexity="0.0"><classes><class name="aeb_alert_c" filename="src/execution/aeb_alert.c" line-rate="1.0" branch-rate="1.0" complexity="0.0"><methods><method name="abs_f32" signature="" line-rate="1.0" branch-rate="1.0" complexity="0.0"><lines><line number="45" hits="5" branch="false"/><line number="47" hits="5" branch="false"/><line number="49" hits="5" branch="true" condition-coverage="100% (2/2)"><conditions><condition number="0" type="jump" coverage="100%"/></conditions></line><line number="51" hits="1" branch="false"/><line number="54" hits="5" branch="false"/></lines></method><method name="alert_map" signature="" line-rate="1.0" branch-rate="1.0" complexity="0.0"><lines><line number="61" hits="15" branch="false"/><line number="64" hits="15" branch="true" condition-coverage="100% (2/2)"><conditions><condition number="0" type="jump" coverage="100%"/></conditions></line><line number="89" hits="8" branch="true" condition-coverage="100% (5/5)"><conditions><condition number="0" type="jump" coverage="100%"/></conditions></line><line number="91" hits="1" branch="false"/><line number="92" hits="1" branch="false"/><line number="93" hits="1" branch="false"/><line number="94" hits="1" branch="false"/><line number="95" hits="1" branch="false"/><line number="97" hits="1" branch="false"/><line number="98" hits="1" branch="false"/><line number="99" hits="1" branch="false"/><line number="100" hits="1" branch="false"/><line number="101" hits="1" branch="false"/><line number="103" hits="1" branch="false"/><line number="104" hits="1" branch="false"/><line number="105" hits="1" branch="false"/><line number="106" hits="1" branch="false"/><line number="107" hits="1" branch="false"/><line number="109" hits="1" branch="false"/><line number="110" hits="1" branch="false"/><line number="111" hits="1" branch="false"/><line number="112" hits="1" branch="false"/><line number="113" hits="1" branch="false"/><line number="115" hits="4" branch="false"/><line number="119" hits="4" branch="false"/><line number="120" hits="4" branch="false"/><line number="121" hits="4" branch="false"/><line number="122" hits="4" branch="false"/><line number="125" hits="15" branch="false"/></lines></method><method name="override_detect" signature="" line-rate="1.0" branch-rate="1.0" complexity="0.0"><lines><line number="127" hits="7" branch="false"/><line number="146" hits="7" branch="false"/><line number="148" hits="7" branch="true" condition-coverage="100% (2/2)"><conditions><condition number="0" type="jump" coverage="100%"/></conditions></line><line number="150" hits="2" branch="false"/><line number="152" hits="5" branch="true" condition-coverage="100% (2/2)"><conditions><condition number="0" type="jump" coverage="100%"/></conditions></line><line number="154" hits="2" branch="false"/><line number="158" hits="3" branch="false"/><line number="161" hits="7" branch="false"/></lines></method></methods><lines><line number="45" hits="5" branch="false"/><line number="47" hits="5" branch="false"/><line number="49" hits="5" branch="true" condition-coverage="100% (2/2)"><conditions><condition number="0" type="jump" coverage="100%"/></conditions></line><line number="51" hits="1" branch="false"/><line number="54" hits="5" branch="false"/><line number="61" hits="15" branch="false"/><line number="64" hits="15" branch="true" condition-coverage="100% (2/2)"><conditions><condition number="0" type="jump" coverage="100%"/></conditions></line><line number="89" hits="8" branch="true" condition-coverage="100% (5/5)"><conditions><condition number="0" type="jump" coverage="100%"/></conditions></line><line number="91" hits="1" branch="false"/><line number="92" hits="1" branch="false"/><line number="93" hits="1" branch="false"/><line number="94" hits="1" branch="false"/><line number="95" hits="1" branch="false"/><line number="97" hits="1" branch="false"/><line number="98" hits="1" branch="false"/><line number="99" hits="1" branch="false"/><line number="100" hits="1" branch="false"/><line number="101" hits="1" branch="false"/><line number="103" hits="1" branch="false"/><line number="104" hits="1" branch="false"/><line number="105" hits="1" branch="false"/><line number="106" hits="1" branch="false"/><line number="107" hits="1" branch="false"/><line number="109" hits="1" branch="false"/><line number="110" hits="1" branch="false"/><line number="111" hits="1" branch="false"/><line number="112" hits="1" branch="false"/><line number="113" hits="1" branch="false"/><line number="115" hits="4" branch="false"/><line number="119" hits="4" branch="false"/><line number="120" hits="4" branch="false"/><line number="121" hits="4" branch="false"/><line number="122" hits="4" branch="false"/><line number="125" hits="15" branch="false"/><line number="127" hits="7" branch="false"/><line number="146" hits="7" branch="false"/><line number="148" hits="7" branch="true" condition-coverage="100% (2/2)"><conditions><condition number="0" type="jump" coverage="100%"/></conditions></line><line number="150" hits="2" branch="false"/><line number="152" hits="5" branch="true" condition-coverage="100% (2/2)"><conditions><condition number="0" type="jump" coverage="100%"/></conditions></line><line number="154" hits="2" branch="false"/><line number="158" hits="3" branch="false"/><line number="161" hits="7" branch="false"/></lines></class><class name="aeb_pid_c" filename="src/execution/aeb_pid.c" line-rate="1.0" branch-rate="1.0" complexity="0.0"><methods><method name="clamp_f32" signature="" line-rate="1.0" branch-rate="1.0" complexity="0.0"><lines><line number="58" hits="45532" branch="false"/><line number="60" hits="45532" branch="false"/><line number="62" hits="45532" branch="true" condition-coverage="100% (2/2)"><conditions><condition number="0" type="jump" coverage="100%"/></conditions></line><line number="64" hits="2" branch="false"/><line number="66" hits="45530" branch="true" condition-coverage="100% (2/2)"><conditions><condition number="0" type="jump" coverage="100%"/></conditions></line><line number="68" hits="255" branch="false"/><line number="75" hits="45532" branch="false"/></lines></method><method name="pid_init" signature="" line-rate="1.0" branch-rate="1.0" complexity="0.0"><lines><line number="82" hits="17" branch="false"/><line number="84" hits="17" branch="false"/><line number="85" hits="17" branch="false"/><line number="86" hits="17" branch="false"/></lines></method><method name="pid_brake_step" signature="" line-rate="1.0" branch-rate="1.0" complexity="0.0"><lines><line number="88" hits="11392" branch="false"/><line number="91" hits="11392" branch="false"/><line number="92" hits="11392" branch="false"/><line number="93" hits="11392" branch="false"/><line number="94" hits="11392" branch="false"/><line number="95" hits="11392" branch="false"/><line number="96" hits="11392" branch="false"/><line number="99" hits="11392" branch="true" condition-coverage="100% (2/2)"><conditions><condition number="0" type="jump" coverage="100%"/></conditions></line><line number="109" hits="22679" branch="true" condition-coverage="100% (2/2)"><conditions><condition number="0" type="jump" coverage="100%"/></conditions></line><line number="110" hits="11288" branch="true" condition-coverage="100% (2/2)"><conditions><condition number="0" type="jump" coverage="100%"/></conditions></line><line number="111" hits="11256" branch="true" condition-coverage="100% (2/2)"><conditions><condition number="0" type="jump" coverage="100%"/></conditions></line><line number="112" hits="5" branch="true" condition-coverage="100% (2/2)"><conditions><condition number="0" type="jump" coverage="100%"/></conditions></line><line number="114" hits="11391" branch="false"/><line number="115" hits="11391" branch="true" condition-coverage="100% (4/4)"><conditions><condition number="0" type="jump" coverage="100%"/></conditions></line><line number="117" hits="11391" branch="true" condition-coverage="100% (6/6)"><conditions><condition number="0" type="jump" coverage="100%"/></conditions></line><line number="120" hits="8" branch="false"/><line number="121" hits="8" branch="false"/><line number="136" hits="11383" branch="false"/><line number="139" hits="11383" branch="false"/><line number="142" hits="11383" branch="false"/><line number="143" hits="11383" branch="false"/><line number="146" hits="11383" branch="false"/><line number="157" hits="11383" branch="false"/><line number="160" hits="11383" branch="false"/><line number="163" hits="11383" branch="false"/><line number="164" hits="11383" branch="false"/><line number="165" hits="11383" branch="false"/><line number="168" hits="11383" branch="false"/><line number="171" hits="11383" branch="false"/><line number="183" hits="11391" branch="false"/><line number="184" hits="11391" branch="false"/><line number="186" hits="11392" branch="false"/></lines></method></methods><lines><line number="58" hits="45532" branch="false"/><line number="60" hits="45532" branch="false"/><line number="62" hits="45532" branch="true" condition-coverage="100% (2/2)"><conditions><condition number="0" type="jump" coverage="100%"/></conditions></line><line number="64" hits="2" branch="false"/><line number="66" hits="45530" branch="true" condition-coverage="100% (2/2)"><conditions><condition number="0" type="jump" coverage="100%"/></conditions></line><line number="68" hits="255" branch="false"/><line number="75" hits="45532" branch="false"/><line number="82" hits="17" branch="false"/><line number="84" hits="17" branch="false"/><line number="85" hits="17" branch="false"/><line number="86" hits="17" branch="false"/><line number="88" hits="11392" branch="false"/><line number="91" hits="11392" branch="false"/><line number="92" hits="11392" branch="false"/><line number="93" hits="11392" branch="false"/><line number="94" hits="11392" branch="false"/><line number="95" hits="11392" branch="false"/><line number="96" hits="11392" branch="false"/><line number="99" hits="11392" branch="true" condition-coverage="100% (2/2)"><conditions><condition number="0" type="jump" coverage="100%"/></conditions></line><line number="109" hits="22679" branch="true" condition-coverage="100% (2/2)"><conditions><condition number="0" type="jump" coverage="100%"/></conditions></line><line number="110" hits="11288" branch="true" condition-coverage="100% (2/2)"><conditions><condition number="0" type="jump" coverage="100%"/></conditions></line><line number="111" hits="11256" branch="true" condition-coverage="100% (2/2)"><conditions><condition number="0" type="jump" coverage="100%"/></conditions></line><line number="112" hits="5" branch="true" condition-coverage="100% (2/2)"><conditions><condition number="0" type="jump" coverage="100%"/></conditions></line><line number="114" hits="11391" branch="false"/><line number="115" hits="11391" branch="true" condition-coverage="100% (4/4)"><conditions><condition number="0" type="jump" coverage="100%"/></conditions></line><line number="117" hits="11391" branch="true" condition-coverage="100% (6/6)"><conditions><condition number="0" type="jump" coverage="100%"/></conditions></line><line number="120" hits="8" branch="false"/><line number="121" hits="8" branch="false"/><line number="136" hits="11383" branch="false"/><line number="139" hits="11383" branch="false"/><line number="142" hits="11383" branch="false"/><line number="143" hits="11383" branch="false"/><line number="146" hits="11383" branch="false"/><line number="157" hits="11383" branch="false"/><line number="160" hits="11383" branch="false"/><line number="163" hits="11383" branch="false"/><line number="164" hits="11383" branch="false"/><line number="165" hits="11383" branch="false"/><line number="168" hits="11383" branch="false"/><line number="171" hits="11383" branch="false"/><line number="183" hits="11391" branch="false"/><line number="184" hits="11391" branch="false"/><line number="186" hits="11392" branch="false"/></lines></class></classes></package></packages></coverage>