TN:
SF:/home/runner/work/AEB-stellantis-project/AEB-stellantis-project/src/execution/aeb_alert.c
FN:127,162,override_detect
FN:45,55,abs_f32
FN:61,125,alert_map
FNDA:7,override_detect
FNDA:5,abs_f32
FNDA:15,alert_map
FNF:3
FNH:3
BRDA:49,0,0,1
BRDA:49,0,1,4
BRDA:64,0,0,8
BRDA:64,0,1,7
BRDA:89,0,0,1
BRDA:89,0,1,1
BRDA:89,0,2,1
BRDA:89,0,3,1
BRDA:89,0,4,4
BRDA:148,0,0,2
BRDA:148,0,1,5
BRDA:152,0,0,2
BRDA:152,0,1,3
BRF:13
BRH:13
DA:45,5
DA:47,5
DA:49,5
DA:51,1
DA:54,5
DA:61,15
DA:64,15
DA:89,8
DA:91,1
DA:92,1
DA:93,1
DA:94,1
DA:95,1
DA:97,1
DA:98,1
DA:99,1
DA:100,1
DA:101,1
DA:103,1
DA:104,1
DA:105,1
DA:106,1
DA:107,1
DA:109,1
DA:110,1
DA:111,1
DA:112,1
DA:113,1
DA:115,4
DA:119,4
DA:120,4
DA:121,4
DA:122,4
DA:125,15
DA:127,7
DA:146,7
DA:148,7
DA:150,2
DA:152,5
DA:154,2
DA:158,3
DA:161,7
LF:42
LH:42
end_of_record
TN:
SF:/home/runner/work/AEB-stellantis-project/AEB-stellantis-project/src/execution/aeb_pid.c
FN:57,75,clamp_f32
FN:81,85,pid_init
FN:87,188,pid_brake_step
FNDA:45532,clamp_f32
FNDA:15,pid_init
FNDA:11390,pid_brake_step
FNF:3
FNH:3
BRDA:61,0,0,2
BRDA:61,0,1,45530
BRDA:65,0,0,255
BRDA:65,0,1,45275
BRDA:98,0,0,11389
BRDA:98,0,1,1
BRDA:119,0,0,11385
BRDA:119,0,1,4
BRDA:119,0,2,2
BRDA:119,0,3,11383
BRF:10
BRH:10
DA:57,45532
DA:59,45532
DA:61,45532
DA:63,2
DA:65,45530
DA:67,255
DA:74,45532
DA:81,15
DA:83,15
DA:84,15
DA:85,15
DA:87,11390
DA:90,11390
DA:91,11390
DA:92,11390
DA:93,11390
DA:94,11390
DA:95,11390
DA:98,11390
DA:119,11389
DA:122,6
DA:123,6
DA:138,11383
DA:141,11383
DA:144,11383
DA:145,11383
DA:148,11383
DA:159,11383
DA:162,11383
DA:165,11383
DA:166,11383
DA:167,11383
DA:170,11383
DA:173,11383
DA:185,11389
DA:186,11389
DA:188,11390
LF:37
LH:37
end_of_record
