TN:
SF:/home/runner/work/AEB-stellantis-project/AEB-stellantis-project/src/execution/aeb_alert.c
FN:127,162,override_detect
FN:45,55,abs_f32
FN:61,125,alert_map
FNDA:7,override_detect
FNDA:5,abs_f32
FNDA:15,alert_map
FNF:3
FNH:3
BRDA:49,0,0,1
BRDA:49,0,1,4
BRDA:64,0,0,8
BRDA:64,0,1,7
BRDA:89,0,0,1
BRDA:89,0,1,1
BRDA:89,0,2,1
BRDA:89,0,3,1
BRDA:89,0,4,4
BRDA:148,0,0,2
BRDA:148,0,1,5
BRDA:152,0,0,2
BRDA:152,0,1,3
BRF:13
BRH:13
DA:45,5
DA:47,5
DA:49,5
DA:51,1
DA:54,5
DA:61,15
DA:64,15
DA:89,8
DA:91,1
DA:92,1
DA:93,1
DA:94,1
DA:95,1
DA:97,1
DA:98,1
DA:99,1
DA:100,1
DA:101,1
DA:103,1
DA:104,1
DA:105,1
DA:106,1
DA:107,1
DA:109,1
DA:110,1
DA:111,1
DA:112,1
DA:113,1
DA:115,4
DA:119,4
DA:120,4
DA:121,4
DA:122,4
DA:125,15
DA:127,7
DA:146,7
DA:148,7
DA:150,2
DA:152,5
DA:154,2
DA:158,3
DA:161,7
LF:42
LH:42
end_of_record
TN:
SF:/home/runner/work/AEB-stellantis-project/AEB-stellantis-project/src/execution/aeb_pid.c
FN:57,75,clamp_f32
FN:81,85,pid_init
FN:87,188,pid_brake_step
FNDA:45532,clamp_f32
FNDA:15,pid_init
FNDA:11390,pid_brake_step
FNF:3
FNH:3
BRDA:61,0,0,2
BRDA:61,0,1,45530
BRDA:65,0,0,255
BRDA:65,0,1,45275
BRDA:98,0,0,11389
BRDA:98,0,1,1
BRDA:119,0,0,11385
BRDA:119,0,1,4
BRDA:119,0,2,2
BRDA:119,0,3,11383
BRF:10
BRH:10
DA:57,45532
DA:59,45532
DA:61,45532
DA:63,2
DA:65,45530
DA:67,255
DA:74,45532
DA:81,15
DA:83,15
DA:84,15
DA:85,15
DA:87,11390
DA:90,11390
DA:91,11390
DA:92,11390
DA:93,11390
DA:94,11390
DA:95,11390
DA:98,11390
DA:119,11389
DA:122,6
DA:123,6
DA:138,11383
DA:141,11383
DA:144,11383
DA:145,11383
DA:148,11383
DA:159,11383
DA:162,11383
DA:165,11383
DA:166,11383
DA:167,11383
DA:170,11383
DA:173,11383
DA:185,11389
DA:186,11389
DA:188,11390
LF:37
LH:37
end_of_record
TN:
SF:/home/runner/work/AEB-stellantis-project/AEB-stellantis-project/tests/test_alert.c
FN:100,113,test_alert_brake_l1
FN:118,129,test_alert_brake_l2
FN:134,145,test_alert_brake_l3
FN:150,163,test_alert_post_brake
FN:168,179,test_alert_invalid_state
FN:188,193,test_override_none
FN:198,203,test_override_brake_pedal
FN:208,213,test_override_steering_positive
FN:218,223,test_override_steering_negative
FN:228,233,test_override_steering_boundary
FN:238,243,test_override_steering_below
FN:248,253,test_override_both
FN:259,290,main
FN:48,61,test_alert_off
FN:66,77,test_alert_standby
FN:82,95,test_alert_warning
FNDA:1,test_alert_brake_l1
FNDA:1,test_alert_brake_l2
FNDA:1,test_alert_brake_l3
FNDA:1,test_alert_post_brake
FNDA:1,test_alert_invalid_state
FNDA:1,test_override_none
FNDA:1,test_override_brake_pedal
FNDA:1,test_override_steering_positive
FNDA:1,test_override_steering_negative
FNDA:1,test_override_steering_boundary
FNDA:1,test_override_steering_below
FNDA:1,test_override_both
FNDA:1,main
FNDA:1,test_alert_off
FNDA:1,test_alert_standby
FNDA:1,test_alert_warning
FNF:16
FNH:16
BRDA:55,0,0,1
BRDA:55,0,1,0
BRDA:57,0,0,1
BRDA:57,0,1,0
BRDA:59,0,0,1
BRDA:59,0,1,0
BRDA:73,0,0,1
BRDA:73,0,1,0
BRDA:75,0,0,1
BRDA:75,0,1,0
BRDA:89,0,0,1
BRDA:89,0,1,0
BRDA:91,0,0,1
BRDA:91,0,1,0
BRDA:93,0,0,1
BRDA:93,0,1,0
BRDA:107,0,0,1
BRDA:107,0,1,0
BRDA:109,0,0,1
BRDA:109,0,1,0
BRDA:111,0,0,1
BRDA:111,0,1,0
BRDA:125,0,0,1
BRDA:125,0,1,0
BRDA:127,0,0,1
BRDA:127,0,1,0
BRDA:141,0,0,1
BRDA:141,0,1,0
BRDA:143,0,0,1
BRDA:143,0,1,0
BRDA:157,0,0,1
BRDA:157,0,1,0
BRDA:159,0,0,1
BRDA:159,0,1,0
BRDA:161,0,0,1
BRDA:161,0,1,0
BRDA:175,0,0,1
BRDA:175,0,1,0
BRDA:177,0,0,1
BRDA:177,0,1,0
BRDA:192,0,0,1
BRDA:192,0,1,0
BRDA:202,0,0,1
BRDA:202,0,1,0
BRDA:212,0,0,1
BRDA:212,0,1,0
BRDA:222,0,0,1
BRDA:222,0,1,0
BRDA:232,0,0,1
BRDA:232,0,1,0
BRDA:242,0,0,1
BRDA:242,0,1,0
BRDA:252,0,0,1
BRDA:252,0,1,0
BRF:54
BRH:27
DA:48,1
DA:50,1
DA:52,1
DA:53,1
DA:55,1
DA:57,1
DA:59,1
DA:61,1
DA:66,1
DA:68,1
DA:70,1
DA:71,1
DA:73,1
DA:75,1
DA:77,1
DA:82,1
DA:84,1
DA:86,1
DA:87,1
DA:89,1
DA:91,1
DA:93,1
DA:95,1
DA:100,1
DA:102,1
DA:104,1
DA:105,1
DA:107,1
DA:109,1
DA:111,1
DA:113,1
DA:118,1
DA:120,1
DA:122,1
DA:123,1
DA:125,1
DA:127,1
DA:129,1
DA:134,1
DA:136,1
DA:138,1
DA:139,1
DA:141,1
DA:143,1
DA:145,1
DA:150,1
DA:152,1
DA:154,1
DA:155,1
DA:157,1
DA:159,1
DA:161,1
DA:163,1
DA:168,1
DA:170,1
DA:172,1
DA:173,1
DA:175,1
DA:177,1
DA:179,1
DA:188,1
DA:190,1
DA:191,1
DA:192,1
DA:193,1
DA:198,1
DA:200,1
DA:201,1
DA:202,1
DA:203,1
DA:208,1
DA:210,1
DA:211,1
DA:212,1
DA:213,1
DA:218,1
DA:220,1
DA:221,1
DA:222,1
DA:223,1
DA:228,1
DA:230,1
DA:231,1
DA:232,1
DA:233,1
DA:238,1
DA:240,1
DA:241,1
DA:242,1
DA:243,1
DA:248,1
DA:250,1
DA:251,1
DA:252,1
DA:253,1
DA:259,1
DA:261,1
DA:262,1
DA:263,1
DA:266,1
DA:267,1
DA:268,1
DA:269,1
DA:270,1
DA:271,1
DA:272,1
DA:273,1
DA:276,1
DA:277,1
DA:278,1
DA:279,1
DA:280,1
DA:281,1
DA:282,1
DA:284,1
DA:285,1
DA:287,1
DA:289,1
LF:118
LH:118
end_of_record
TN:
SF:/home/runner/work/AEB-stellantis-project/AEB-stellantis-project/tests/test_alert_mcdc.c
FN:50,70,test_mcdc_alert_map_null_output
FN:73,88,main
FNDA:1,test_mcdc_alert_map_null_output
FNDA:1,main
FNF:2
FNH:2
DA:50,1
DA:52,1
DA:56,1
DA:58,1
DA:62,1
DA:63,1
DA:64,1
DA:65,1
DA:66,1
DA:67,1
DA:69,1
DA:70,1
DA:73,1
DA:75,1
DA:76,1
DA:77,1
DA:78,1
DA:80,1
DA:82,1
DA:83,1
DA:85,1
DA:87,1
LF:22
LH:22
end_of_record
TN:
SF:/home/runner/work/AEB-stellantis-project/AEB-stellantis-project/tests/test_pid.c
FN:103,121,test_pid_brake_l1_produces_output
FN:126,146,test_pid_output_clamping
FN:151,181,test_pid_jerk_limiting
FN:186,222,test_pid_steady_state_convergence
FN:227,246,test_pid_max_braking_capability
FN:255,282,test_pid_post_brake_hold
FN:287,312,test_pid_reset_on_standby
FN:317,343,test_pid_no_abrupt_jumps
FN:348,363,test_pid_bar_conversion
FN:369,394,main
FN:56,68,test_pid_no_braking_in_standby
FN:73,83,test_pid_no_braking_in_off
FN:88,98,test_pid_no_braking_in_warning
FNDA:1,test_pid_brake_l1_produces_output
FNDA:1,test_pid_output_clamping
FNDA:1,test_pid_jerk_limiting
FNDA:1,test_pid_steady_state_convergence
FNDA:1,test_pid_max_braking_capability
FNDA:1,test_pid_post_brake_hold
FNDA:1,test_pid_reset_on_standby
FNDA:1,test_pid_no_abrupt_jumps
FNDA:1,test_pid_bar_conversion
FNDA:1,main
FNDA:1,test_pid_no_braking_in_standby
FNDA:1,test_pid_no_braking_in_off
FNDA:1,test_pid_no_braking_in_warning
FNF:13
FNH:13
BRDA:64,0,0,1
BRDA:64,0,1,0
BRDA:66,0,0,1
BRDA:66,0,1,0
BRDA:81,0,0,1
BRDA:81,0,1,0
BRDA:96,0,0,1
BRDA:96,0,1,0
BRDA:112,0,0,50
BRDA:112,0,1,1
BRDA:117,0,0,1
BRDA:117,0,1,0
BRDA:119,0,0,1
BRDA:119,0,1,0
BRDA:135,0,0,500
BRDA:135,0,1,1
BRDA:140,0,0,1
BRDA:140,0,1,0
BRDA:142,0,0,1
BRDA:142,0,1,0
BRDA:144,0,0,1
BRDA:144,0,1,0
BRDA:163,0,0,100
BRDA:163,0,1,1
BRDA:167,0,0,0
BRDA:167,0,1,100
BRDA:170,0,0,0
BRDA:170,0,1,100
BRDA:179,0,0,1
BRDA:179,0,1,0
BRDA:198,0,0,300
BRDA:198,0,1,1
BRDA:206,0,0,1
BRDA:206,0,1,0
BRDA:211,0,0,50
BRDA:211,0,1,1
BRDA:218,0,0,0
BRDA:218,0,1,1
BRDA:220,0,0,1
BRDA:220,0,1,0
BRDA:236,0,0,10000
BRDA:236,0,1,1
BRDA:244,0,0,1
BRDA:244,0,1,0
BRDA:264,0,0,200
BRDA:264,0,1,1
BRDA:274,0,0,1
BRDA:274,0,1,0
BRDA:279,0,0,1
BRDA:279,0,1,0
BRDA:280,0,0,1
BRDA:280,0,1,0
BRDA:296,0,0,50
BRDA:296,0,1,1
BRDA:304,0,0,1
BRDA:304,0,1,0
BRDA:310,0,0,1
BRDA:310,0,1,0
BRDA:328,0,0,100
BRDA:328,0,1,1
BRDA:332,0,0,0
BRDA:332,0,1,100
BRDA:334,0,0,0
BRDA:334,0,1,100
BRDA:341,0,0,1
BRDA:341,0,1,0
BRDA:356,0,0,30
BRDA:356,0,1,1
BRDA:361,0,0,1
BRDA:361,0,1,0
BRF:70
BRH:45
DA:56,1
DA:58,1
DA:60,1
DA:61,1
DA:62,1
DA:64,1
DA:66,1
DA:68,1
DA:73,1
DA:75,1
DA:77,1
DA:78,1
DA:79,1
DA:81,1
DA:83,1
DA:88,1
DA:90,1
DA:92,1
DA:93,1
DA:94,1
DA:96,1
DA:98,1
DA:103,1
DA:105,1
DA:107,1
DA:108,1
DA:111,1
DA:112,51
DA:114,50
DA:117,1
DA:119,1
DA:121,1
DA:126,1
DA:128,1
DA:130,1
DA:131,1
DA:134,1
DA:135,501
DA:137,500
DA:140,1
DA:142,1
DA:144,1
DA:146,1
DA:151,1
DA:153,1
DA:154,1
DA:155,1
DA:156,1
DA:158,1
DA:159,1
DA:162,1
DA:163,101
DA:165,100
DA:166,100
DA:167,100
DA:170,100
DA:172,0
DA:174,0
DA:176,100
DA:179,1
DA:181,1
DA:186,1
DA:188,1
DA:189,1
DA:190,1
DA:191,1
DA:193,1
DA:194,1
DA:197,1
DA:198,301
DA:200,300
DA:201,300
DA:202,300
DA:206,1
DA:210,1
DA:211,51
DA:213,50
DA:214,50
DA:215,50
DA:217,1
DA:218,1
DA:220,1
DA:222,1
DA:227,1
DA:229,1
DA:231,1
DA:232,1
DA:235,1
DA:236,10001
DA:238,10000
DA:242,1
DA:244,1
DA:246,1
DA:255,1
DA:257,1
DA:259,1
DA:260,1
DA:263,1
DA:264,201
DA:266,200
DA:269,1
DA:272,1
DA:274,1
DA:278,1
DA:279,1
DA:280,1
DA:282,1
DA:287,1
DA:289,1
DA:291,1
DA:292,1
DA:295,1
DA:296,51
DA:298,50
DA:302,1
DA:304,1
DA:308,1
DA:310,1
DA:312,1
DA:317,1
DA:319,1
DA:320,1
DA:321,1
DA:322,1
DA:324,1
DA:325,1
DA:327,1
DA:328,101
DA:330,100
DA:331,100
DA:332,100
DA:334,100
DA:336,0
DA:338,100
DA:341,1
DA:343,1
DA:348,1
DA:350,1
DA:352,1
DA:353,1
DA:355,1
DA:356,31
DA:358,30
DA:361,1
DA:363,1
DA:369,1
DA:371,1
DA:372,1
DA:373,1
DA:375,1
DA:376,1
DA:377,1
DA:378,1
DA:379,1
DA:380,1
DA:381,1
DA:382,1
DA:383,1
DA:384,1
DA:385,1
DA:386,1
DA:388,1
DA:389,1
DA:391,1
DA:393,1
LF:165
LH:162
end_of_record
TN:
SF:/home/runner/work/AEB-stellantis-project/AEB-stellantis-project/tests/test_pid_mcdc.c
FN:122,140,test_mcdc_decel_target_zero_in_brake_state
FN:145,162,main
FN:65,83,test_mcdc_clamp_lower_bound
FN:95,106,test_mcdc_null_output_pid_step
FNDA:1,test_mcdc_decel_target_zero_in_brake_state
FNDA:1,main
FNDA:1,test_mcdc_clamp_lower_bound
FNDA:1,test_mcdc_null_output_pid_step
FNF:4
FNH:4
BRDA:79,0,0,1
BRDA:79,0,1,0
BRDA:81,0,0,1
BRDA:81,0,1,0
BRDA:132,0,0,1
BRDA:132,0,1,0
BRDA:138,0,0,1
BRDA:138,0,1,0
BRF:8
BRH:4
DA:65,1
DA:67,1
DA:69,1
DA:70,1
DA:77,1
DA:79,1
DA:81,1
DA:83,1
DA:95,1
DA:97,1
DA:99,1
DA:103,1
DA:105,1
DA:106,1
DA:122,1
DA:124,1
DA:126,1
DA:127,1
DA:130,1
DA:132,1
DA:136,1
DA:138,1
DA:140,1
DA:145,1
DA:147,1
DA:148,1
DA:149,1
DA:150,1
DA:152,1
DA:153,1
DA:154,1
DA:156,1
DA:157,1
DA:159,1
DA:161,1
LF:35
LH:35
end_of_record
