TN:
SF:/home/runner/work/AEB-stellantis-project/AEB-stellantis-project/src/communication/aeb_can.c
FN:107,112,decode_unsigned
FN:118,157,compute_crc4
FN:167,191,can_init
FN:197,292,can_rx_process
FN:27,45,can_pack_signal
FN:298,318,can_check_timeout
FN:324,383,can_tx_brake_cmd
FN:389,443,can_tx_fsm_state
FN:449,476,can_tx_alert
FN:481,488,can_get_rx_data
FN:494,523,can_tx_uds_response
FN:50,68,can_unpack_signal
FN:531,537,can_clear_uds_request_pending
FN:77,105,encode_unsigned
FNDA:21,decode_unsigned
FNDA:173,compute_crc4
FNDA:83,can_init
FNDA:26,can_rx_process
FNDA:1060,can_pack_signal
FNDA:26,can_check_timeout
FNDA:186,can_tx_brake_cmd
FNDA:48,can_tx_fsm_state
FNDA:44,can_tx_alert
FNDA:18,can_get_rx_data
FNDA:5,can_tx_uds_response
FNDA:56,can_unpack_signal
FNDA:4,can_clear_uds_request_pending
FNDA:185,encode_unsigned
FNF:14
FNH:14
BRDA:34,0,0,5802
BRDA:34,0,1,1060
BRDA:57,0,0,617
BRDA:57,0,1,56
BRDA:87,0,0,177
BRDA:87,0,1,8
BRDA:91,0,0,175
BRDA:91,0,1,2
BRDA:91,0,2,173
BRDA:91,0,3,2
BRDA:93,0,0,2
BRDA:93,0,1,171
BRDA:123,0,0,519
BRDA:123,0,1,173
BRDA:128,0,0,2076
BRDA:128,0,1,519
BRDA:130,0,0,1152
BRDA:130,0,1,924
BRDA:142,0,0,2076
BRDA:142,0,1,519
BRDA:144,0,0,1024
BRDA:144,0,1,1052
BRDA:175,0,0,3
BRDA:175,0,1,80
BRDA:202,0,0,22
BRDA:202,0,1,4
BRDA:202,0,2,19
BRDA:202,0,3,3
BRDA:204,0,0,5
BRDA:204,0,1,14
BRDA:206,0,0,3
BRDA:206,0,1,2
BRDA:226,0,0,3
BRDA:226,0,1,11
BRDA:228,0,0,1
BRDA:228,0,1,2
BRDA:247,0,0,5
BRDA:247,0,1,6
BRDA:249,0,0,3
BRDA:249,0,1,2
BRDA:273,0,0,4
BRDA:273,0,1,2
BRDA:278,0,0,3
BRDA:278,0,1,1
BRDA:300,0,0,24
BRDA:300,0,1,2
BRDA:302,0,0,22
BRDA:302,0,1,2
BRDA:313,0,0,8
BRDA:313,0,1,16
BRDA:330,0,0,180
BRDA:330,0,1,6
BRDA:330,0,2,176
BRDA:330,0,3,4
BRDA:330,0,4,3
BRDA:330,0,5,173
BRDA:340,0,0,162
BRDA:340,0,1,11
BRDA:348,0,0,2
BRDA:348,0,1,5
BRDA:348,0,2,2
BRDA:348,0,3,119
BRDA:348,0,4,2
BRDA:348,0,5,39
BRDA:348,0,6,2
BRDA:348,0,7,2
BRDA:370,0,0,10
BRDA:370,0,1,163
BRDA:376,0,0,51
BRDA:376,0,1,122
BRDA:394,0,0,44
BRDA:394,0,1,4
BRDA:394,0,2,3
BRDA:394,0,3,41
BRDA:403,0,0,12
BRDA:403,0,1,29
BRDA:420,0,0,3
BRDA:420,0,1,3
BRDA:420,0,2,2
BRDA:420,0,3,2
BRDA:420,0,4,2
BRDA:431,0,0,2
BRDA:431,0,1,10
BRDA:453,0,0,2
BRDA:453,0,1,42
BRDA:469,0,0,9
BRDA:469,0,1,33
BRDA:484,0,0,16
BRDA:484,0,1,2
BRDA:484,0,2,14
BRDA:484,0,3,2
BRDA:498,0,0,2
BRDA:498,0,1,3
BRDA:516,0,0,2
BRDA:516,0,1,1
BRDA:533,0,0,2
BRDA:533,0,1,2
BRF:97
BRH:97
DA:27,1060
DA:32,1060
DA:34,6862
DA:36,5802
DA:37,5802
DA:38,5802
DA:39,5802
DA:42,5802
DA:43,5802
DA:45,1060
DA:50,56
DA:54,56
DA:55,56
DA:57,673
DA:59,617
DA:60,617
DA:61,617
DA:62,617
DA:64,617
DA:67,56
DA:77,185
DA:85,185
DA:87,185
DA:89,177
DA:91,177
DA:93,173
DA:95,2
DA:99,171
DA:104,185
DA:107,21
DA:111,21
DA:118,173
DA:120,173
DA:121,173
DA:123,692
DA:125,519
DA:127,519
DA:128,2595
DA:130,2076
DA:132,1152
DA:136,924
DA:138,2076
DA:141,519
DA:142,2595
DA:144,2076
DA:146,1024
DA:150,1052
DA:152,2076
DA:156,173
DA:167,83
DA:169,83
DA:172,83
DA:175,83
DA:177,3
DA:182,80
DA:183,80
DA:184,80
DA:185,80
DA:187,80
DA:190,83
DA:197,26
DA:202,26
DA:204,19
DA:206,5
DA:209,3
DA:210,3
DA:214,3
DA:215,3
DA:218,3
DA:219,3
DA:222,3
DA:223,3
DA:226,14
DA:228,3
DA:231,1
DA:232,1
DA:235,1
DA:236,1
DA:239,1
DA:240,1
DA:243,1
DA:244,1
DA:247,11
DA:249,5
DA:252,3
DA:253,3
DA:257,3
DA:258,3
DA:261,3
DA:262,3
DA:265,3
DA:266,3
DA:269,3
DA:270,3
DA:273,6
DA:278,4
DA:280,3
DA:281,3
DA:282,3
DA:283,3
DA:284,3
DA:292,26
DA:298,26
DA:300,26
DA:302,24
DA:304,22
DA:313,24
DA:315,8
DA:318,26
DA:324,186
DA:328,186
DA:330,186
DA:332,13
DA:336,173
DA:337,173
DA:340,173
DA:341,173
DA:344,173
DA:345,173
DA:348,173
DA:350,2
DA:351,5
DA:352,2
DA:353,119
DA:354,2
DA:355,39
DA:356,2
DA:357,2
DA:359,173
DA:362,173
DA:365,173
DA:366,173
DA:369,173
DA:370,173
DA:372,10
DA:376,173
DA:378,51
DA:382,186
DA:389,48
DA:392,48
DA:394,48
DA:396,7
DA:400,41
DA:403,41
DA:405,12
DA:407,12
DA:410,12
DA:413,12
DA:416,12
DA:419,12
DA:420,12
DA:422,3
DA:423,3
DA:424,2
DA:425,2
DA:426,2
DA:428,12
DA:429,12
DA:431,12
DA:433,2
DA:437,10
DA:442,48
DA:449,44
DA:451,44
DA:453,44
DA:455,2
DA:459,42
DA:461,42
DA:464,42
DA:467,42
DA:469,42
DA:471,9
DA:475,44
DA:481,18
DA:484,18
DA:486,14
DA:488,18
DA:494,5
DA:496,5
DA:498,5
DA:500,2
DA:507,3
DA:508,3
DA:509,3
DA:510,3
DA:511,3
DA:512,3
DA:513,3
DA:514,3
DA:516,3
DA:518,2
DA:522,5
DA:531,4
DA:533,4
DA:535,2
DA:537,4
LF:196
LH:196
end_of_record
TN:
SF:/home/runner/work/AEB-stellantis-project/AEB-stellantis-project/stubs/can_hal.c
FN:109,115,can_hal_test_reset
FN:118,121,can_hal_test_force_init_fail
FN:124,127,can_hal_test_force_send_fail
FN:33,45,can_hal_init
FN:47,59,can_hal_add_rx_filter
FN:61,83,can_hal_send
FN:90,93,can_hal_test_get_tx_count
FN:96,106,can_hal_test_get_tx
FNDA:89,can_hal_test_reset
FNDA:6,can_hal_test_force_init_fail
FNDA:113,can_hal_test_force_send_fail
FNDA:83,can_hal_init
FNDA:320,can_hal_add_rx_filter
FNDA:230,can_hal_send
FNDA:6,can_hal_test_get_tx_count
FNDA:26,can_hal_test_get_tx
FNF:8
FNH:8
BRDA:37,0,0,3
BRDA:37,0,1,80
BRDA:51,0,0,320
BRDA:51,0,1,0
BRDA:65,0,0,56
BRDA:65,0,1,174
BRDA:69,0,0,174
BRDA:69,0,1,0
BRDA:69,0,2,174
BRDA:69,0,3,0
BRDA:69,0,4,166
BRDA:69,0,5,8
BRDA:100,0,0,26
BRDA:100,0,1,0
BRF:14
BRH:10
DA:33,83
DA:37,83
DA:39,3
DA:42,80
DA:43,80
DA:44,80
DA:47,320
DA:49,320
DA:51,320
DA:53,320
DA:54,320
DA:55,320
DA:58,320
DA:61,230
DA:63,230
DA:65,230
DA:67,56
DA:69,174
DA:71,166
DA:72,166
DA:73,166
DA:74,166
DA:75,166
DA:82,230
DA:90,6
DA:92,6
DA:96,26
DA:98,26
DA:100,26
DA:102,26
DA:105,26
DA:109,89
DA:111,89
DA:112,89
DA:113,89
DA:114,89
DA:115,89
DA:118,6
DA:120,6
DA:121,6
DA:124,113
DA:126,113
DA:127,113
LF:43
LH:43
end_of_record
TN:
SF:/home/runner/work/AEB-stellantis-project/AEB-stellantis-project/tests/test_can.c
FN:117,134,test_rx_driver_input
FN:136,147,test_rx_yaw_rate
FN:149,158,test_tx_alert
FN:160,169,test_rx_timeout
FN:171,184,test_rx_timeout_reset_on_valid_frame
FN:186,198,test_tx_brake_cmd
FN:200,209,test_tx_fsm_period
FN:211,222,test_tx_brake_cmd_nan_brake_bar
FN:224,235,test_tx_brake_cmd_pos_inf_brake_bar
FN:237,248,test_tx_brake_cmd_neg_inf_brake_bar
FN:250,262,test_tx_brake_cmd_overflow_brake_bar
FN:264,275,test_tx_send_failure
FN:277,288,test_rx_uds_request
FN:290,305,test_tx_uds_response
FN:307,317,test_rx_uds_request_short_dlc
FN:319,332,test_uds_request_ack
FN:338,348,test_tx_brake_cmd_null_params
FN:350,362,test_tx_brake_cmd_alive_counter_wrap
FN:36,39,extract_brake_pressure
FN:364,372,test_tx_fsm_state_null_params
FN:374,377,test_tx_uds_response_null
FN:379,383,test_clear_uds_request_pending_null
FN:385,397,test_encode_unsigned_saturation
FN:399,402,test_tx_alert_null
FN:404,408,test_check_timeout_null
FN:410,422,test_decode_unsigned_via_rx
FN:424,433,test_init_hal_failure_branch
FN:435,446,test_tx_brake_cmd_alive_counter_wrap_to_zero
FN:448,459,test_tx_uds_response_send_failure
FN:45,58,test_signal_roundtrip
FN:461,474,test_clear_uds_request_pending_valid_state
FN:476,486,test_tx_alert_send_failure
FN:488,501,test_brake_mode_all_cases
FN:503,516,test_ttc_thresh_all_cases
FN:518,529,test_tx_fsm_state_hal_send_failure_branch
FN:531,543,test_encode_unsigned_negative_raw_f
FN:545,557,test_encode_unsigned_raw_f_inf
FN:559,568,test_can_rx_process_data_null
FN:570,576,test_can_rx_process_state_null
FN:578,590,test_encode_unsigned_physical_inf
FN:592,604,test_encode_unsigned_raw_f_nan
FN:60,68,test_init_success
FN:606,615,test_tx_brake_cmd_brake_pct_zero
FN:617,626,test_tx_brake_cmd_brake_pct_positive
FN:628,639,test_tx_brake_cmd_alive_counter_wrap_branch
FN:643,661,test_tx_brake_cmd_null_combinations
FN:666,676,test_tx_fsm_state_null_combinations
FN:681,700,test_can_rx_process_null_combinations
FN:70,79,test_init_failure
FN:704,716,test_can_rx_ego_vehicle_invalid_dlc
FN:721,732,test_can_rx_driver_input_invalid_dlc
FN:737,748,test_can_rx_radar_target_invalid_dlc
FN:753,765,test_can_rx_unknown_id
FN:770,784,test_can_check_timeout_miss_count_saturates
FN:789,800,test_can_get_rx_data_null_state
FN:806,817,test_can_get_rx_data_null_out
FN:81,96,test_rx_ego_vehicle
FN:821,890,main
FN:98,115,test_rx_radar_target
FNDA:1,test_rx_driver_input
FNDA:1,test_rx_yaw_rate
FNDA:1,test_tx_alert
FNDA:1,test_rx_timeout
FNDA:1,test_rx_timeout_reset_on_valid_frame
FNDA:1,test_tx_brake_cmd
FNDA:1,test_tx_fsm_period
FNDA:1,test_tx_brake_cmd_nan_brake_bar
FNDA:1,test_tx_brake_cmd_pos_inf_brake_bar
FNDA:1,test_tx_brake_cmd_neg_inf_brake_bar
FNDA:1,test_tx_brake_cmd_overflow_brake_bar
FNDA:1,test_tx_send_failure
FNDA:1,test_rx_uds_request
FNDA:1,test_tx_uds_response
FNDA:1,test_rx_uds_request_short_dlc
FNDA:1,test_uds_request_ack
FNDA:1,test_tx_brake_cmd_null_params
FNDA:1,test_tx_brake_cmd_alive_counter_wrap
FNDA:4,extract_brake_pressure
FNDA:1,test_tx_fsm_state_null_params
FNDA:1,test_tx_uds_response_null
FNDA:1,test_clear_uds_request_pending_null
FNDA:1,test_encode_unsigned_saturation
FNDA:1,test_tx_alert_null
FNDA:1,test_check_timeout_null
FNDA:1,test_decode_unsigned_via_rx
FNDA:1,test_init_hal_failure_branch
FNDA:1,test_tx_brake_cmd_alive_counter_wrap_to_zero
FNDA:1,test_tx_uds_response_send_failure
FNDA:1,test_signal_roundtrip
FNDA:1,test_clear_uds_request_pending_valid_state
FNDA:1,test_tx_alert_send_failure
FNDA:1,test_brake_mode_all_cases
FNDA:1,test_ttc_thresh_all_cases
FNDA:1,test_tx_fsm_state_hal_send_failure_branch
FNDA:1,test_encode_unsigned_negative_raw_f
FNDA:1,test_encode_unsigned_raw_f_inf
FNDA:1,test_can_rx_process_data_null
FNDA:1,test_can_rx_process_state_null
FNDA:1,test_encode_unsigned_physical_inf
FNDA:1,test_encode_unsigned_raw_f_nan
FNDA:1,test_init_success
FNDA:1,test_tx_brake_cmd_brake_pct_zero
FNDA:1,test_tx_brake_cmd_brake_pct_positive
FNDA:1,test_tx_brake_cmd_alive_counter_wrap_branch
FNDA:1,test_tx_brake_cmd_null_combinations
FNDA:1,test_tx_fsm_state_null_combinations
FNDA:1,test_can_rx_process_null_combinations
FNDA:1,test_init_failure
FNDA:1,test_can_rx_ego_vehicle_invalid_dlc
FNDA:1,test_can_rx_driver_input_invalid_dlc
FNDA:1,test_can_rx_radar_target_invalid_dlc
FNDA:1,test_can_rx_unknown_id
FNDA:1,test_can_check_timeout_miss_count_saturates
FNDA:1,test_can_get_rx_data_null_state
FNDA:1,test_can_get_rx_data_null_out
FNDA:1,test_rx_ego_vehicle
FNDA:1,main
FNDA:1,test_rx_radar_target
FNF:59
FNH:59
BRDA:50,0,0,1
BRDA:50,0,1,0
BRDA:53,0,0,1
BRDA:53,0,1,0
BRDA:54,0,0,1
BRDA:54,0,1,0
BRDA:57,0,0,1
BRDA:57,0,1,0
BRDA:65,0,0,1
BRDA:65,0,1,0
BRDA:66,0,0,1
BRDA:66,0,1,0
BRDA:67,0,0,1
BRDA:67,0,1,0
BRDA:76,0,0,1
BRDA:76,0,1,0
BRDA:77,0,0,1
BRDA:77,0,1,0
BRDA:93,0,0,1
BRDA:93,0,1,0
BRDA:94,0,0,1
BRDA:94,0,1,0
BRDA:95,0,0,1
BRDA:95,0,1,0
BRDA:111,0,0,1
BRDA:111,0,1,0
BRDA:112,0,0,1
BRDA:112,0,1,0
BRDA:113,0,0,1
BRDA:113,0,1,0
BRDA:114,0,0,1
BRDA:114,0,1,0
BRDA:130,0,0,1
BRDA:130,0,1,0
BRDA:131,0,0,1
BRDA:131,0,1,0
BRDA:132,0,0,1
BRDA:132,0,1,0
BRDA:133,0,0,1
BRDA:133,0,1,0
BRDA:146,0,0,1
BRDA:146,0,1,0
BRDA:156,0,0,1
BRDA:156,0,1,0
BRDA:157,0,0,1
BRDA:157,0,1,0
BRDA:165,0,0,6
BRDA:165,0,1,1
BRDA:168,0,0,1
BRDA:168,0,1,0
BRDA:176,0,0,5
BRDA:176,0,1,1
BRDA:183,0,0,1
BRDA:183,0,1,0
BRDA:196,0,0,1
BRDA:196,0,1,0
BRDA:197,0,0,1
BRDA:197,0,1,0
BRDA:206,0,0,4
BRDA:206,0,1,0
BRDA:206,0,2,4
BRDA:206,0,3,1
BRDA:207,0,0,1
BRDA:207,0,1,0
BRDA:208,0,0,1
BRDA:208,0,1,0
BRDA:219,0,0,1
BRDA:219,0,1,0
BRDA:221,0,0,1
BRDA:221,0,1,0
BRDA:232,0,0,1
BRDA:232,0,1,0
BRDA:234,0,0,1
BRDA:234,0,1,0
BRDA:245,0,0,1
BRDA:245,0,1,0
BRDA:247,0,0,1
BRDA:247,0,1,0
BRDA:258,0,0,1
BRDA:258,0,1,0
BRDA:261,0,0,1
BRDA:261,0,1,0
BRDA:273,0,0,1
BRDA:273,0,1,0
BRDA:286,0,0,1
BRDA:286,0,1,0
BRDA:287,0,0,1
BRDA:287,0,1,0
BRDA:301,0,0,1
BRDA:301,0,1,0
BRDA:303,0,0,1
BRDA:303,0,1,0
BRDA:304,0,0,1
BRDA:304,0,1,0
BRDA:316,0,0,1
BRDA:316,0,1,0
BRDA:328,0,0,1
BRDA:328,0,1,0
BRDA:331,0,0,1
BRDA:331,0,1,0
BRDA:345,0,0,1
BRDA:345,0,1,0
BRDA:346,0,0,1
BRDA:346,0,1,0
BRDA:347,0,0,1
BRDA:347,0,1,0
BRDA:357,0,0,20
BRDA:357,0,1,1
BRDA:359,0,0,20
BRDA:359,0,1,0
BRDA:361,0,0,1
BRDA:361,0,1,0
BRDA:370,0,0,1
BRDA:370,0,1,0
BRDA:371,0,0,1
BRDA:371,0,1,0
BRDA:376,0,0,1
BRDA:376,0,1,0
BRDA:393,0,0,1
BRDA:393,0,1,0
BRDA:396,0,0,1
BRDA:396,0,1,0
BRDA:401,0,0,1
BRDA:401,0,1,0
BRDA:421,0,0,1
BRDA:421,0,1,0
BRDA:430,0,0,1
BRDA:430,0,1,0
BRDA:431,0,0,1
BRDA:431,0,1,0
BRDA:442,0,0,16
BRDA:442,0,1,1
BRDA:445,0,0,1
BRDA:445,0,1,0
BRDA:457,0,0,1
BRDA:457,0,1,0
BRDA:470,0,0,1
BRDA:470,0,1,0
BRDA:473,0,0,1
BRDA:473,0,1,0
BRDA:484,0,0,1
BRDA:484,0,1,0
BRDA:496,0,0,6
BRDA:496,0,1,1
BRDA:499,0,0,6
BRDA:499,0,1,0
BRDA:510,0,0,4
BRDA:510,0,1,1
BRDA:514,0,0,4
BRDA:514,0,1,0
BRDA:527,0,0,1
BRDA:527,0,1,0
BRDA:539,0,0,1
BRDA:539,0,1,0
BRDA:542,0,0,1
BRDA:542,0,1,0
BRDA:553,0,0,1
BRDA:553,0,1,0
BRDA:556,0,0,1
BRDA:556,0,1,0
BRDA:567,0,0,1
BRDA:567,0,1,0
BRDA:586,0,0,1
BRDA:586,0,1,0
BRDA:589,0,0,1
BRDA:589,0,1,0
BRDA:600,0,0,1
BRDA:600,0,1,0
BRDA:603,0,0,1
BRDA:603,0,1,0
BRDA:614,0,0,1
BRDA:614,0,1,0
BRDA:625,0,0,1
BRDA:625,0,1,0
BRDA:637,0,0,1
BRDA:637,0,1,0
BRDA:638,0,0,1
BRDA:638,0,1,0
BRDA:652,0,0,1
BRDA:652,0,1,0
BRDA:653,0,0,1
BRDA:653,0,1,0
BRDA:654,0,0,1
BRDA:654,0,1,0
BRDA:657,0,0,1
BRDA:657,0,1,0
BRDA:658,0,0,1
BRDA:658,0,1,0
BRDA:659,0,0,1
BRDA:659,0,1,0
BRDA:660,0,0,1
BRDA:660,0,1,0
BRDA:673,0,0,1
BRDA:673,0,1,0
BRDA:674,0,0,1
BRDA:674,0,1,0
BRDA:675,0,0,1
BRDA:675,0,1,0
BRDA:783,0,0,1
BRDA:783,0,1,0
BRF:200
BRH:107
DA:36,4
DA:38,4
DA:45,1
DA:47,1
DA:48,1
DA:49,1
DA:50,1
DA:51,1
DA:52,1
DA:53,1
DA:54,1
DA:55,1
DA:56,1
DA:57,1
DA:58,1
DA:60,1
DA:63,1
DA:64,1
DA:65,1
DA:66,1
DA:67,1
DA:68,1
DA:70,1
DA:73,1
DA:74,1
DA:75,1
DA:76,1
DA:77,1
DA:78,1
DA:79,1
DA:81,1
DA:84,1
DA:85,1
DA:86,1
DA:87,1
DA:88,1
DA:89,1
DA:90,1
DA:92,1
DA:93,1
DA:94,1
DA:95,1
DA:96,1
DA:98,1
DA:101,1
DA:102,1
DA:103,1
DA:104,1
DA:105,1
DA:106,1
DA:107,1
DA:108,1
DA:110,1
DA:111,1
DA:112,1
DA:113,1
DA:114,1
DA:115,1
DA:117,1
DA:120,1
DA:121,1
DA:122,1
DA:123,1
DA:124,1
DA:125,1
DA:126,1
DA:127,1
DA:129,1
DA:130,1
DA:131,1
DA:132,1
DA:133,1
DA:134,1
DA:136,1
DA:139,1
DA:140,1
DA:141,1
DA:142,1
DA:143,1
DA:145,1
DA:146,1
DA:147,1
DA:149,1
DA:152,1
DA:153,1
DA:154,1
DA:155,1
DA:156,1
DA:157,1
DA:158,1
DA:160,1
DA:163,1
DA:164,1
DA:165,7
DA:167,1
DA:168,1
DA:169,1
DA:171,1
DA:174,1
DA:175,1
DA:176,6
DA:177,1
DA:178,1
DA:179,1
DA:180,1
DA:182,1
DA:183,1
DA:184,1
DA:186,1
DA:189,1
DA:190,1
DA:191,1
DA:192,1
DA:193,1
DA:194,1
DA:195,1
DA:196,1
DA:197,1
DA:198,1
DA:200,1
DA:203,1
DA:204,1
DA:205,1
DA:206,5
DA:207,1
DA:208,1
DA:209,1
DA:211,1
DA:214,1
DA:215,1
DA:216,1
DA:217,1
DA:218,1
DA:219,1
DA:220,1
DA:221,1
DA:222,1
DA:224,1
DA:227,1
DA:228,1
DA:229,1
DA:230,1
DA:231,1
DA:232,1
DA:233,1
DA:234,1
DA:235,1
DA:237,1
DA:240,1
DA:241,1
DA:242,1
DA:243,1
DA:244,1
DA:245,1
DA:246,1
DA:247,1
DA:248,1
DA:250,1
DA:253,1
DA:254,1
DA:255,1
DA:256,1
DA:257,1
DA:258,1
DA:259,1
DA:260,1
DA:261,1
DA:262,1
DA:264,1
DA:267,1
DA:268,1
DA:269,1
DA:270,1
DA:271,1
DA:272,1
DA:273,1
DA:274,1
DA:275,1
DA:277,1
DA:280,1
DA:281,1
DA:282,1
DA:283,1
DA:285,1
DA:286,1
DA:287,1
DA:288,1
DA:290,1
DA:293,1
DA:294,1
DA:296,1
DA:297,1
DA:298,1
DA:299,1
DA:300,1
DA:301,1
DA:302,1
DA:303,1
DA:304,1
DA:305,1
DA:307,1
DA:310,1
DA:311,1
DA:312,1
DA:313,1
DA:315,1
DA:316,1
DA:317,1
DA:319,1
DA:322,1
DA:323,1
DA:324,1
DA:325,1
DA:327,1
DA:328,1
DA:329,1
DA:330,1
DA:331,1
DA:332,1
DA:338,1
DA:341,1
DA:342,1
DA:343,1
DA:344,1
DA:345,1
DA:346,1
DA:347,1
DA:348,1
DA:350,1
DA:353,1
DA:354,1
DA:355,1
DA:356,1
DA:357,21
DA:358,20
DA:359,20
DA:361,1
DA:362,1
DA:364,1
DA:367,1
DA:368,1
DA:369,1
DA:370,1
DA:371,1
DA:372,1
DA:374,1
DA:376,1
DA:377,1
DA:379,1
DA:381,1
DA:382,1
DA:383,1
DA:385,1
DA:388,1
DA:389,1
DA:390,1
DA:391,1
DA:392,1
DA:393,1
DA:394,1
DA:395,1
DA:396,1
DA:397,1
DA:399,1
DA:401,1
DA:402,1
DA:404,1
DA:406,1
DA:407,1
DA:408,1
DA:410,1
DA:413,1
DA:414,1
DA:415,1
DA:416,1
DA:417,1
DA:418,1
DA:420,1
DA:421,1
DA:422,1
DA:424,1
DA:427,1
DA:428,1
DA:429,1
DA:430,1
DA:431,1
DA:432,1
DA:433,1
DA:435,1
DA:438,1
DA:439,1
DA:440,1
DA:441,1
DA:442,17
DA:443,16
DA:445,1
DA:446,1
DA:448,1
DA:451,1
DA:452,1
DA:453,1
DA:455,1
DA:456,1
DA:457,1
DA:458,1
DA:459,1
DA:461,1
DA:464,1
DA:465,1
DA:466,1
DA:467,1
DA:469,1
DA:470,1
DA:471,1
DA:472,1
DA:473,1
DA:474,1
DA:476,1
DA:479,1
DA:480,1
DA:481,1
DA:482,1
DA:483,1
DA:484,1
DA:485,1
DA:486,1
DA:488,1
DA:491,1
DA:492,1
DA:493,1
DA:495,1
DA:496,7
DA:497,6
DA:498,6
DA:499,6
DA:501,1
DA:503,1
DA:506,1
DA:507,1
DA:509,1
DA:510,5
DA:511,4
DA:512,4
DA:513,4
DA:514,4
DA:516,1
DA:518,1
DA:521,1
DA:522,1
DA:523,1
DA:524,1
DA:525,1
DA:526,1
DA:527,1
DA:528,1
DA:529,1
DA:531,1
DA:534,1
DA:535,1
DA:536,1
DA:537,1
DA:538,1
DA:539,1
DA:540,1
DA:541,1
DA:542,1
DA:543,1
DA:545,1
DA:548,1
DA:549,1
DA:550,1
DA:551,1
DA:552,1
DA:553,1
DA:554,1
DA:555,1
DA:556,1
DA:557,1
DA:559,1
DA:562,1
DA:563,1
DA:564,1
DA:566,1
DA:567,1
DA:568,1
DA:570,1
DA:572,1
DA:573,1
DA:574,1
DA:575,1
DA:576,1
DA:578,1
DA:581,1
DA:582,1
DA:583,1
DA:584,1
DA:585,1
DA:586,1
DA:587,1
DA:588,1
DA:589,1
DA:590,1
DA:592,1
DA:595,1
DA:596,1
DA:597,1
DA:598,1
DA:599,1
DA:600,1
DA:601,1
DA:602,1
DA:603,1
DA:604,1
DA:606,1
DA:609,1
DA:610,1
DA:611,1
DA:612,1
DA:613,1
DA:614,1
DA:615,1
DA:617,1
DA:620,1
DA:621,1
DA:622,1
DA:623,1
DA:624,1
DA:625,1
DA:626,1
DA:628,1
DA:631,1
DA:632,1
DA:633,1
DA:634,1
DA:635,1
DA:636,1
DA:637,1
DA:638,1
DA:639,1
DA:643,1
DA:646,1
DA:647,1
DA:648,1
DA:649,1
DA:652,1
DA:653,1
DA:654,1
DA:657,1
DA:658,1
DA:659,1
DA:660,1
DA:661,1
DA:666,1
DA:669,1
DA:670,1
DA:671,1
DA:673,1
DA:674,1
DA:675,1
DA:676,1
DA:681,1
DA:684,1
DA:685,1
DA:686,1
DA:690,1
DA:693,1
DA:696,1
DA:699,1
DA:700,1
DA:704,1
DA:707,1
DA:708,1
DA:709,1
DA:712,1
DA:715,1
DA:716,1
DA:721,1
DA:724,1
DA:725,1
DA:726,1
DA:729,1
DA:731,1
DA:732,1
DA:737,1
DA:740,1
DA:741,1
DA:742,1
DA:745,1
DA:747,1
DA:748,1
DA:753,1
DA:756,1
DA:757,1
DA:758,1
DA:761,1
DA:764,1
DA:765,1
DA:770,1
DA:773,1
DA:774,1
DA:777,1
DA:780,1
DA:783,1
DA:784,1
DA:789,1
DA:792,1
DA:793,1
DA:796,1
DA:799,1
DA:800,1
DA:806,1
DA:809,1
DA:810,1
DA:813,1
DA:816,1
DA:817,1
DA:821,1
DA:823,1
DA:826,1
DA:827,1
DA:828,1
DA:829,1
DA:830,1
DA:831,1
DA:832,1
DA:833,1
DA:834,1
DA:835,1
DA:836,1
DA:837,1
DA:838,1
DA:839,1
DA:840,1
DA:841,1
DA:842,1
DA:843,1
DA:844,1
DA:845,1
DA:846,1
DA:849,1
DA:850,1
DA:851,1
DA:852,1
DA:853,1
DA:854,1
DA:855,1
DA:856,1
DA:857,1
DA:858,1
DA:859,1
DA:860,1
DA:861,1
DA:862,1
DA:863,1
DA:864,1
DA:865,1
DA:866,1
DA:867,1
DA:868,1
DA:869,1
DA:870,1
DA:871,1
DA:872,1
DA:873,1
DA:874,1
DA:875,1
DA:876,1
DA:877,1
DA:878,1
DA:879,1
DA:880,1
DA:881,1
DA:882,1
DA:883,1
DA:884,1
DA:886,1
DA:889,1
LF:577
LH:577
end_of_record
TN:
SF:/home/runner/work/AEB-stellantis-project/AEB-stellantis-project/tests/test_can_fault.c
FN:138,172,cat_A_invalid_frames
FN:186,267,cat_B_encode_extremes
FN:280,328,cat_C_state_corruption
FN:336,400,cat_D_persistence
FN:405,428,main
FN:82,136,cat_A_null_pointers
FNDA:1,cat_A_invalid_frames
FNDA:1,cat_B_encode_extremes
FNDA:1,cat_C_state_corruption
FNDA:1,cat_D_persistence
FNDA:1,main
FNDA:1,cat_A_null_pointers
FNF:6
FNH:6
BRDA:92,0,0,1
BRDA:92,0,1,0
BRDA:96,0,0,1
BRDA:96,0,1,0
BRDA:100,0,0,1
BRDA:100,0,1,0
BRDA:104,0,0,1
BRDA:104,0,1,0
BRDA:108,0,0,1
BRDA:108,0,1,0
BRDA:112,0,0,1
BRDA:112,0,1,0
BRDA:148,0,0,1
BRDA:148,0,1,0
BRDA:153,0,0,1
BRDA:153,0,1,0
BRDA:160,0,0,1
BRDA:160,0,1,0
BRDA:170,0,0,1
BRDA:170,0,1,0
BRDA:170,0,2,1
BRDA:170,0,3,0
BRDA:198,0,0,1
BRDA:198,0,1,0
BRDA:206,0,0,1
BRDA:206,0,1,0
BRDA:214,0,0,1
BRDA:214,0,1,0
BRDA:218,0,0,1
BRDA:218,0,1,0
BRDA:220,0,0,1
BRDA:220,0,1,0
BRDA:237,0,0,1
BRDA:237,0,1,0
BRDA:243,0,0,1
BRDA:243,0,1,0
BRDA:243,0,2,1
BRDA:243,0,3,0
BRDA:251,0,0,1
BRDA:251,0,1,0
BRDA:261,0,0,0
BRDA:261,0,1,1
BRDA:262,0,0,7
BRDA:262,0,1,1
BRDA:263,0,0,0
BRDA:263,0,1,7
BRDA:265,0,0,1
BRDA:265,0,1,0
BRDA:265,0,2,1
BRDA:265,0,3,0
BRDA:293,0,0,1
BRDA:293,0,1,0
BRDA:301,0,0,1
BRDA:301,0,1,0
BRDA:303,0,0,1
BRDA:303,0,1,0
BRDA:316,0,0,1
BRDA:316,0,1,0
BRDA:316,0,2,1
BRDA:316,0,3,0
BRDA:344,0,0,10
BRDA:344,0,1,1
BRDA:345,0,0,1
BRDA:345,0,1,0
BRDA:351,0,0,1
BRDA:351,0,1,0
BRDA:351,0,2,1
BRDA:351,0,3,0
BRDA:371,0,0,100
BRDA:371,0,1,1
BRDA:372,0,0,99
BRDA:372,0,1,1
BRDA:372,0,2,6
BRDA:372,0,3,93
BRDA:379,0,0,0
BRDA:379,0,1,100
BRDA:382,0,0,1
BRDA:382,0,1,0
BRDA:392,0,0,40
BRDA:392,0,1,1
BRDA:394,0,0,8
BRDA:394,0,1,32
BRDA:394,0,2,1
BRDA:394,0,3,7
BRDA:398,0,0,1
BRDA:398,0,1,0
BRDA:398,0,2,1
BRDA:398,0,3,0
BRF:88
BRH:52
DA:82,1
DA:85,1
DA:86,1
DA:88,1
DA:89,1
DA:92,1
DA:96,1
DA:100,1
DA:104,1
DA:108,1
DA:112,1
DA:116,1
DA:117,1
DA:118,1
DA:121,1
DA:122,1
DA:125,1
DA:126,1
DA:129,1
DA:130,1
DA:131,1
DA:134,1
DA:135,1
DA:136,1
DA:138,1
DA:141,1
DA:142,1
DA:146,1
DA:147,1
DA:148,1
DA:152,1
DA:153,1
DA:157,1
DA:158,1
DA:159,1
DA:160,1
DA:164,1
DA:165,1
DA:167,1
DA:168,1
DA:169,1
DA:170,1
DA:172,1
DA:186,1
DA:189,1
DA:193,1
DA:194,1
DA:195,1
DA:196,1
DA:197,1
DA:198,1
DA:202,1
DA:203,1
DA:204,1
DA:205,1
DA:206,1
DA:210,1
DA:211,1
DA:212,1
DA:213,1
DA:214,1
DA:217,1
DA:218,1
DA:219,1
DA:220,1
DA:223,0
DA:231,1
DA:232,1
DA:233,1
DA:234,1
DA:235,1
DA:236,1
DA:237,1
DA:240,1
DA:241,1
DA:243,1
DA:247,1
DA:248,1
DA:249,1
DA:250,1
DA:251,1
DA:258,1
DA:259,1
DA:260,1
DA:261,1
DA:262,8
DA:263,7
DA:265,1
DA:267,1
DA:280,1
DA:287,1
DA:288,1
DA:289,1
DA:290,1
DA:291,1
DA:292,1
DA:293,1
DA:297,1
DA:298,1
DA:299,1
DA:300,1
DA:301,1
DA:303,1
DA:310,1
DA:311,1
DA:312,1
DA:313,1
DA:314,1
DA:315,1
DA:316,1
DA:322,1
DA:323,1
DA:324,1
DA:325,1
DA:326,1
DA:328,1
DA:336,1
DA:342,1
DA:343,1
DA:344,11
DA:345,1
DA:348,1
DA:349,1
DA:350,1
DA:351,1
DA:366,1
DA:367,1
DA:368,1
DA:369,1
DA:370,1
DA:371,101
DA:372,100
DA:373,6
DA:375,100
DA:376,100
DA:377,100
DA:378,100
DA:379,100
DA:381,1
DA:382,1
DA:388,1
DA:389,1
DA:390,1
DA:391,1
DA:392,41
DA:393,40
DA:394,40
DA:395,1
DA:398,1
DA:400,1
DA:405,1
DA:407,1
DA:409,1
DA:410,1
DA:411,1
DA:413,1
DA:414,1
DA:416,1
DA:417,1
DA:419,1
DA:420,1
DA:422,1
DA:427,1
LF:163
LH:162
end_of_record
TN:
SF:/home/runner/work/AEB-stellantis-project/AEB-stellantis-project/tests/test_can_struct.c
FN:100,126,cat_E_coverage_gap_fillers
FN:130,194,main
FN:63,75,emit_brake_mode_for
FN:81,96,emit_ttc_raw_for
FNDA:1,cat_E_coverage_gap_fillers
FNDA:1,main
FNDA:8,emit_brake_mode_for
FNDA:5,emit_ttc_raw_for
FNF:4
FNH:4
BRDA:73,0,0,0
BRDA:73,0,1,8
BRDA:89,0,0,25
BRDA:89,0,1,5
BRDA:92,0,0,0
BRDA:92,0,1,5
BRDA:92,0,2,0
BRDA:92,0,3,0
BRDA:94,0,0,0
BRDA:94,0,1,5
BRDA:116,0,0,1
BRDA:116,0,1,0
BRDA:120,0,0,1
BRDA:120,0,1,0
BRDA:135,0,0,1
BRDA:135,0,1,0
BRDA:136,0,0,1
BRDA:136,0,1,0
BRDA:137,0,0,1
BRDA:137,0,1,0
BRDA:138,0,0,1
BRDA:138,0,1,0
BRDA:139,0,0,1
BRDA:139,0,1,0
BRDA:140,0,0,1
BRDA:140,0,1,0
BRDA:141,0,0,1
BRDA:141,0,1,0
BRDA:142,0,0,1
BRDA:142,0,1,0
BRDA:145,0,0,1
BRDA:145,0,1,0
BRDA:146,0,0,1
BRDA:146,0,1,0
BRDA:147,0,0,1
BRDA:147,0,1,0
BRDA:148,0,0,1
BRDA:148,0,1,0
BRDA:149,0,0,1
BRDA:149,0,1,0
BRDA:162,0,0,5
BRDA:162,0,1,1
BRDA:166,0,0,1
BRDA:166,0,1,0
BRDA:176,0,0,1
BRDA:176,0,1,0
BRDA:188,0,0,1
BRDA:188,0,1,0
BRDA:189,0,0,1
BRDA:189,0,1,0
BRDA:189,0,2,1
BRDA:189,0,3,0
BRF:52
BRH:27
DA:63,8
DA:66,8
DA:67,8
DA:69,8
DA:70,8
DA:71,8
DA:72,8
DA:73,8
DA:74,8
DA:81,5
DA:84,5
DA:86,5
DA:87,5
DA:88,5
DA:89,30
DA:90,25
DA:92,5
DA:93,5
DA:94,5
DA:95,5
DA:100,1
DA:103,1
DA:105,1
DA:106,1
DA:108,1
DA:109,1
DA:112,1
DA:113,1
DA:116,1
DA:119,1
DA:120,1
DA:121,1
DA:124,1
DA:125,1
DA:126,1
DA:130,1
DA:132,1
DA:134,1
DA:135,1
DA:136,1
DA:137,1
DA:138,1
DA:139,1
DA:140,1
DA:141,1
DA:142,1
DA:144,1
DA:145,1
DA:146,1
DA:147,1
DA:148,1
DA:149,1
DA:151,1
DA:152,1
DA:154,1
DA:157,1
DA:158,1
DA:159,1
DA:160,1
DA:161,1
DA:162,6
DA:163,5
DA:165,1
DA:166,1
DA:169,1
DA:172,1
DA:173,1
DA:174,1
DA:175,1
DA:176,1
DA:179,1
DA:182,1
DA:183,1
DA:184,1
DA:185,1
DA:186,1
DA:187,1
DA:188,1
DA:189,1
DA:192,1
DA:193,1
LF:81
LH:81
end_of_record
