TN:
SF:/home/runner/work/AEB-stellantis-project/AEB-stellantis-project/src/communication/aeb_can.c
FN:107,112,decode_unsigned
FN:118,157,compute_crc4
FN:167,191,can_init
FN:197,292,can_rx_process
FN:27,45,can_pack_signal
FN:298,318,can_check_timeout
FN:324,383,can_tx_brake_cmd
FN:389,443,can_tx_fsm_state
FN:449,476,can_tx_alert
FN:481,488,can_get_rx_data
FN:494,523,can_tx_uds_response
FN:50,68,can_unpack_signal
FN:531,537,can_clear_uds_request_pending
FN:77,105,encode_unsigned
FNDA:21,decode_unsigned
FNDA:173,compute_crc4
FNDA:83,can_init
FNDA:26,can_rx_process
FNDA:1060,can_pack_signal
FNDA:26,can_check_timeout
FNDA:186,can_tx_brake_cmd
FNDA:48,can_tx_fsm_state
FNDA:44,can_tx_alert
FNDA:18,can_get_rx_data
FNDA:5,can_tx_uds_response
FNDA:56,can_unpack_signal
FNDA:4,can_clear_uds_request_pending
FNDA:185,encode_unsigned
FNF:14
FNH:14
BRDA:34,0,0,5802
BRDA:34,0,1,1060
BRDA:57,0,0,617
BRDA:57,0,1,56
BRDA:87,0,0,177
BRDA:87,0,1,8
BRDA:91,0,0,175
BRDA:91,0,1,2
BRDA:91,0,2,173
BRDA:91,0,3,2
BRDA:93,0,0,2
BRDA:93,0,1,171
BRDA:123,0,0,519
BRDA:123,0,1,173
BRDA:128,0,0,2076
BRDA:128,0,1,519
BRDA:130,0,0,1152
BRDA:130,0,1,924
BRDA:142,0,0,2076
BRDA:142,0,1,519
BRDA:144,0,0,1024
BRDA:144,0,1,1052
BRDA:175,0,0,3
BRDA:175,0,1,80
BRDA:202,0,0,22
BRDA:202,0,1,4
BRDA:202,0,2,19
BRDA:202,0,3,3
BRDA:204,0,0,5
BRDA:204,0,1,14
BRDA:206,0,0,3
BRDA:206,0,1,2
BRDA:226,0,0,3
BRDA:226,0,1,11
BRDA:228,0,0,1
BRDA:228,0,1,2
BRDA:247,0,0,5
BRDA:247,0,1,6
BRDA:249,0,0,3
BRDA:249,0,1,2
BRDA:273,0,0,4
BRDA:273,0,1,2
BRDA:278,0,0,3
BRDA:278,0,1,1
BRDA:300,0,0,24
BRDA:300,0,1,2
BRDA:302,0,0,22
BRDA:302,0,1,2
BRDA:313,0,0,8
BRDA:313,0,1,16
BRDA:330,0,0,180
BRDA:330,0,1,6
BRDA:330,0,2,176
BRDA:330,0,3,4
BRDA:330,0,4,3
BRDA:330,0,5,173
BRDA:340,0,0,162
BRDA:340,0,1,11
BRDA:348,0,0,2
BRDA:348,0,1,5
BRDA:348,0,2,2
BRDA:348,0,3,119
BRDA:348,0,4,2
BRDA:348,0,5,39
BRDA:348,0,6,2
BRDA:348,0,7,2
BRDA:370,0,0,10
BRDA:370,0,1,163
BRDA:376,0,0,51
BRDA:376,0,1,122
BRDA:394,0,0,44
BRDA:394,0,1,4
BRDA:394,0,2,3
BRDA:394,0,3,41
BRDA:403,0,0,12
BRDA:403,0,1,29
BRDA:420,0,0,3
BRDA:420,0,1,3
BRDA:420,0,2,2
BRDA:420,0,3,2
BRDA:420,0,4,2
BRDA:431,0,0,2
BRDA:431,0,1,10
BRDA:453,0,0,2
BRDA:453,0,1,42
BRDA:469,0,0,9
BRDA:469,0,1,33
BRDA:484,0,0,16
BRDA:484,0,1,2
BRDA:484,0,2,14
BRDA:484,0,3,2
BRDA:498,0,0,2
BRDA:498,0,1,3
BRDA:516,0,0,2
BRDA:516,0,1,1
BRDA:533,0,0,2
BRDA:533,0,1,2
BRF:97
BRH:97
DA:27,1060
DA:32,1060
DA:34,6862
DA:36,5802
DA:37,5802
DA:38,5802
DA:39,5802
DA:42,5802
DA:43,5802
DA:45,1060
DA:50,56
DA:54,56
DA:55,56
DA:57,673
DA:59,617
DA:60,617
DA:61,617
DA:62,617
DA:64,617
DA:67,56
DA:77,185
DA:85,185
DA:87,185
DA:89,177
DA:91,177
DA:93,173
DA:95,2
DA:99,171
DA:104,185
DA:107,21
DA:111,21
DA:118,173
DA:120,173
DA:121,173
DA:123,692
DA:125,519
DA:127,519
DA:128,2595
DA:130,2076
DA:132,1152
DA:136,924
DA:138,2076
DA:141,519
DA:142,2595
DA:144,2076
DA:146,1024
DA:150,1052
DA:152,2076
DA:156,173
DA:167,83
DA:169,83
DA:172,83
DA:175,83
DA:177,3
DA:182,80
DA:183,80
DA:184,80
DA:185,80
DA:187,80
DA:190,83
DA:197,26
DA:202,26
DA:204,19
DA:206,5
DA:209,3
DA:210,3
DA:214,3
DA:215,3
DA:218,3
DA:219,3
DA:222,3
DA:223,3
DA:226,14
DA:228,3
DA:231,1
DA:232,1
DA:235,1
DA:236,1
DA:239,1
DA:240,1
DA:243,1
DA:244,1
DA:247,11
DA:249,5
DA:252,3
DA:253,3
DA:257,3
DA:258,3
DA:261,3
DA:262,3
DA:265,3
DA:266,3
DA:269,3
DA:270,3
DA:273,6
DA:278,4
DA:280,3
DA:281,3
DA:282,3
DA:283,3
DA:284,3
DA:292,26
DA:298,26
DA:300,26
DA:302,24
DA:304,22
DA:313,24
DA:315,8
DA:318,26
DA:324,186
DA:328,186
DA:330,186
DA:332,13
DA:336,173
DA:337,173
DA:340,173
DA:341,173
DA:344,173
DA:345,173
DA:348,173
DA:350,2
DA:351,5
DA:352,2
DA:353,119
DA:354,2
DA:355,39
DA:356,2
DA:357,2
DA:359,173
DA:362,173
DA:365,173
DA:366,173
DA:369,173
DA:370,173
DA:372,10
DA:376,173
DA:378,51
DA:382,186
DA:389,48
DA:392,48
DA:394,48
DA:396,7
DA:400,41
DA:403,41
DA:405,12
DA:407,12
DA:410,12
DA:413,12
DA:416,12
DA:419,12
DA:420,12
DA:422,3
DA:423,3
DA:424,2
DA:425,2
DA:426,2
DA:428,12
DA:429,12
DA:431,12
DA:433,2
DA:437,10
DA:442,48
DA:449,44
DA:451,44
DA:453,44
DA:455,2
DA:459,42
DA:461,42
DA:464,42
DA:467,42
DA:469,42
DA:471,9
DA:475,44
DA:481,18
DA:484,18
DA:486,14
DA:488,18
DA:494,5
DA:496,5
DA:498,5
DA:500,2
DA:507,3
DA:508,3
DA:509,3
DA:510,3
DA:511,3
DA:512,3
DA:513,3
DA:514,3
DA:516,3
DA:518,2
DA:522,5
DA:531,4
DA:533,4
DA:535,2
DA:537,4
LF:196
LH:196
end_of_record
