        -:    0:Source:src/decision/aeb_fsm.c
        -:    0:Graph:reports/vv_decision/coverage_mcdc/test_decision_mcdc-aeb_fsm.gcno
        -:    0:Data:reports/vv_decision/coverage_mcdc/test_decision_mcdc-aeb_fsm.gcda
        -:    0:Runs:1
        -:    1:/**
        -:    2: * @file aeb_fsm.c
        -:    3: * @brief Implementation of 7-state AEB Finite State Machine.
        -:    4: * @author Lourenço Jamba Mphili
        -:    5: * @requirements FR-FSM-001 to FR-FSM-006, FR-DEC-004 to FR-DEC-011
        -:    6: * @misra Fully compliant with MISRA C:2012
        -:    7: */
        -:    8:
        -:    9:#include "aeb_fsm.h"
        -:   10:#include "aeb_config.h"
        -:   11:#include "aeb_types.h"
        -:   12:#include <math.h>    /* isfinite() — Bug #3 guard in fsm_step entry */
        -:   13:#include <stddef.h>
        -:   14:
        -:   15:/* Steering override threshold (degrees) - FR-FSM-006 */
        -:   16:#ifndef STEERING_OVERRIDE_DEG
        -:   17:#define STEERING_OVERRIDE_DEG   5.0f
        -:   18:#endif
        -:   19:
        -:   20:/* FSM internal persistent memory (private to this module) */
        -:   21:static struct {
        -:   22:    float32_t warn_timer_s;       /**< Time spent in WARNING state */
        -:   23:    float32_t debounce_timer_s;   /**< Debounce timer for de-escalation */
        -:   24:    float32_t post_brake_timer_s; /**< Hold timer for POST_BRAKE state */
        -:   25:} m_fsm_mem = {0.0f, 0.0f, 0.0f};
        -:   26:
        -:   27:/**
        -:   28: * @brief Converts FSM state to deceleration target.
        -:   29: * @requirement FR-BRK-001, SRS Table 10
        -:   30: */
function state_to_decel_target called 1610 returned 100% blocks executed 100%
     1610:   31:static float32_t state_to_decel_target(fsm_state_e state)
        -:   32:{
     1610:   33:    float32_t decel = 0.0f;
        -:   34:
     1610:   35:    switch (state) {
branch  0 taken 8
branch  1 taken 2
branch  2 taken 23
branch  3 taken 1577
        8:   36:        case FSM_BRAKE_L1:
        8:   37:            decel = DECEL_L1;  /* 2.0f m/s² */
        8:   38:            break;
        2:   39:        case FSM_BRAKE_L2:
        2:   40:            decel = DECEL_L2;  /* 4.0f m/s² */
        2:   41:            break;
       23:   42:        case FSM_BRAKE_L3:
       23:   43:            decel = DECEL_L3;  /* 6.0f m/s² */
       23:   44:            break;
     1577:   45:        default:
     1577:   46:            decel = 0.0f;
     1577:   47:            break;
        -:   48:    }
        -:   49:
     1610:   50:    return decel;
        -:   51:}
        -:   52:
        -:   53:/**
        -:   54: * @brief Converts FSM state to alert level (0..2)
        -:   55: */
function state_to_alert_level called 1610 returned 100% blocks executed 100%
     1610:   56:static uint8_t state_to_alert_level(fsm_state_e state)
        -:   57:{
     1610:   58:    uint8_t alert = 0U;
        -:   59:
     1610:   60:    if ((state == FSM_WARNING) || (state == FSM_BRAKE_L1))
branch  0 taken 350 (fallthrough)
branch  1 taken 1260
branch  2 taken 8 (fallthrough)
branch  3 taken 342
condition outcomes covered 4/4
        -:   61:    {
     1268:   62:        alert = 1U;  /* Warning alert */
        -:   63:    }
      342:   64:    else if ((state == FSM_BRAKE_L2) || (state == FSM_BRAKE_L3))
branch  0 taken 340 (fallthrough)
branch  1 taken 2
branch  2 taken 23 (fallthrough)
branch  3 taken 317
condition outcomes covered 4/4
        -:   65:    {
       25:   66:        alert = 2U;  /* Emergency alert */
        -:   67:    }
        -:   68:    else
        -:   69:    {
      317:   70:        alert = 0U;  /* No alert */
        -:   71:    }
        -:   72:
     1610:   73:    return alert;
        -:   74:}
        -:   75:
        -:   76:/**
        -:   77: * @brief Evaluates desired state based on TTC, distance, and braking distance.
        -:   78: * @return Desired FSM state
        -:   79: * @requirement FR-DEC-004, FR-DEC-005
        -:   80: */
function evaluate_desired_state called 1617 returned 100% blocks executed 100%
     1617:   81:static fsm_state_e evaluate_desired_state(const perception_output_t * const perception,
        -:   82:                                           const ttc_output_t * const ttc_in)
        -:   83:{
     1617:   84:    fsm_state_e desired = FSM_STANDBY;
        -:   85:
        -:   86:    /* FR-DEC-004: No threat if not closing */
     1617:   87:    if (ttc_in->is_closing == 0U)
branch  0 taken 341 (fallthrough)
branch  1 taken 1276
condition outcomes covered 2/2
        -:   88:    {
      341:   89:        desired = FSM_STANDBY;
        -:   90:    }
        -:   91:    /* FR-DEC-005: Braking floor condition (highest priority) */
     1276:   92:    else if (ttc_in->d_brake >= perception->distance)
branch  0 taken 2 (fallthrough)
branch  1 taken 1274
condition outcomes covered 2/2
        -:   93:    {
        2:   94:        desired = FSM_BRAKE_L3;
        -:   95:    }
        -:   96:    /* Distance floors - per SRS Table 10 */
     1274:   97:    else if (perception->distance <= 5.0f)
branch  0 taken 3 (fallthrough)
branch  1 taken 1271
condition outcomes covered 2/2
        -:   98:    {
        3:   99:        desired = FSM_BRAKE_L3;
        -:  100:    }
     1271:  101:    else if (perception->distance <= 10.0f)
branch  0 taken 1 (fallthrough)
branch  1 taken 1270
condition outcomes covered 2/2
        -:  102:    {
        1:  103:        desired = FSM_BRAKE_L2;
        -:  104:    }
     1270:  105:    else if (perception->distance <= 20.0f)
branch  0 taken 27 (fallthrough)
branch  1 taken 1243
condition outcomes covered 2/2
        -:  106:    {
       27:  107:        desired = FSM_BRAKE_L1;
        -:  108:    }
        -:  109:    /* TTC-based evaluation - per SRS Table 10 */
     1243:  110:    else if (ttc_in->ttc <= TTC_BRAKE_L3)
branch  0 taken 3 (fallthrough)
branch  1 taken 1240
condition outcomes covered 2/2
        -:  111:    {
        3:  112:        desired = FSM_BRAKE_L3;
        -:  113:    }
     1240:  114:    else if (ttc_in->ttc <= TTC_BRAKE_L2)
branch  0 taken 3 (fallthrough)
branch  1 taken 1237
condition outcomes covered 2/2
        -:  115:    {
        3:  116:        desired = FSM_BRAKE_L2;
        -:  117:    }
     1237:  118:    else if (ttc_in->ttc <= TTC_BRAKE_L1)
branch  0 taken 1 (fallthrough)
branch  1 taken 1236
condition outcomes covered 2/2
        -:  119:    {
        1:  120:        desired = FSM_BRAKE_L1;
        -:  121:    }
     1236:  122:    else if (ttc_in->ttc <= TTC_WARNING)
branch  0 taken 1211 (fallthrough)
branch  1 taken 25
condition outcomes covered 2/2
        -:  123:    {
     1211:  124:        desired = FSM_WARNING;
        -:  125:    }
        -:  126:    else
        -:  127:    {
       25:  128:        desired = FSM_STANDBY;
        -:  129:    }
        -:  130:
     1617:  131:    return desired;
        -:  132:}
        -:  133:
function fsm_init called 33 returned 100% blocks executed 100%
       33:  134:void fsm_init(fsm_output_t * const fsm_out)
        -:  135:{
       33:  136:    if (fsm_out != NULL)
branch  0 taken 33 (fallthrough)
branch  1 taken 0
condition outcomes covered 1/2
condition  0 not covered (false)
        -:  137:    {
        -:  138:        /* FR-FSM-001: Initial state is STANDBY */
       33:  139:        fsm_out->fsm_state = (uint8_t)FSM_STANDBY;
       33:  140:        fsm_out->decel_target = 0.0f;
       33:  141:        fsm_out->brake_active = 0U;
       33:  142:        fsm_out->alert_level = 0U;
       33:  143:        fsm_out->warn_timer = 0.0f;
       33:  144:        fsm_out->state_timer = 0.0f;
        -:  145:
        -:  146:        /* Reset internal memory */
       33:  147:        m_fsm_mem.warn_timer_s = 0.0f;
       33:  148:        m_fsm_mem.debounce_timer_s = 0.0f;
       33:  149:        m_fsm_mem.post_brake_timer_s = 0.0f;
        -:  150:    }
       33:  151:}
        -:  152:
function fsm_step called 1623 returned 100% blocks executed 99%
     1623:  153:void fsm_step(float32_t delta_t_s,
        -:  154:              const perception_output_t * const perception,
        -:  155:              const driver_input_t * const driver,
        -:  156:              const ttc_output_t * const ttc_in,
        -:  157:              fsm_output_t * const fsm_out)
        -:  158:{
        -:  159:    fsm_state_e current_state;
        -:  160:    fsm_state_e desired_state;
        -:  161:    fsm_state_e new_state;
     1623:  162:    uint8_t driver_override = 0U;
     1623:  163:    uint8_t speed_out_of_range = 0U;
        -:  164:    uint8_t aeb_enabled_norm;
        -:  165:
        -:  166:    /* Defensive checks.
        -:  167:     * Bug #3: reject non-finite delta_t_s. IEEE 754 comparisons with NaN
        -:  168:     * are always false, so (delta_t_s <= 0.0f) alone lets NaN through.
        -:  169:     * A NaN delta_t would poison the warn_timer / debounce_timer
        -:  170:     * accumulators on the first `+= delta_t_s`, silently breaking
        -:  171:     * debounce, escalation, and POST_BRAKE timeout logic. */
     1623:  172:    if ((!isfinite(delta_t_s)) || (delta_t_s <= 0.0f) ||
branch  0 taken 1623 (fallthrough)
branch  1 taken 0
branch  2 taken 1621 (fallthrough)
branch  3 taken 2
branch  4 taken 1620 (fallthrough)
branch  5 taken 1
condition outcomes covered 11/12
condition  0 not covered (true)
     1620:  173:        (perception == NULL) || (driver == NULL) ||
branch  0 taken 1619 (fallthrough)
branch  1 taken 1
branch  2 taken 1618 (fallthrough)
branch  3 taken 1
     1618:  174:        (ttc_in == NULL) || (fsm_out == NULL))
branch  0 taken 1 (fallthrough)
branch  1 taken 1617
        -:  175:    {
        6:  176:        return;
        -:  177:    }
        -:  178:
        -:  179:    /* Bug #2 SEU hardening: normalise driver->aeb_enabled to a strict
        -:  180:     * Boolean at entry. A bit-flip that turns 1U into (say) 0xAA would
        -:  181:     * otherwise make (aeb_enabled == 0U) false and leave the FSM running
        -:  182:     * on corrupted state. Any non-zero bit pattern is treated as enabled;
        -:  183:     * any zero is treated as disabled. */
     1617:  184:    aeb_enabled_norm = (driver->aeb_enabled != 0U) ? 1U : 0U;
branch  0 taken 1616 (fallthrough)
branch  1 taken 1
condition outcomes covered 2/2
        -:  185:
     1617:  186:    current_state = (fsm_state_e)fsm_out->fsm_state;
        -:  187:
        -:  188:    /* Bug #4 SEU hardening: normalise out-of-enum fsm_state to the
        -:  189:     * fail-safe FSM_STANDBY. A bit-flip in RAM could corrupt the
        -:  190:     * persisted fsm_state byte (e.g. 1 -> 42), which would then be
        -:  191:     * inherited by new_state at the top of the transition logic and,
        -:  192:     * on iterations where desired_state resolves to STANDBY, would be
        -:  193:     * written back unchanged into fsm_out->fsm_state — and broadcast
        -:  194:     * via CAN/UDS to actuators and displays. STANDBY is the conservative
        -:  195:     * choice: zero braking demand, no alert. */
     1617:  196:    if ((uint8_t)current_state > (uint8_t)FSM_POST_BRAKE)
branch  0 taken 0 (fallthrough)
branch  1 taken 1617
condition outcomes covered 1/2
condition  0 not covered (true)
        -:  197:    {
    #####:  198:        current_state = FSM_STANDBY;
    #####:  199:        fsm_out->fsm_state = (uint8_t)FSM_STANDBY;
        -:  200:    }
        -:  201:
     1617:  202:    desired_state = evaluate_desired_state(perception, ttc_in);
call    0 returned 1617
        -:  203:
        -:  204:    /* ===== PRIORITY 1: Fault and Safety ===== */
     1617:  205:    if ((perception->fault_flag != 0U) || (aeb_enabled_norm == 0U))
branch  0 taken 1617 (fallthrough)
branch  1 taken 0
branch  2 taken 1 (fallthrough)
branch  3 taken 1616
condition outcomes covered 3/4
condition  0 not covered (true)
        -:  206:    {
        1:  207:        fsm_out->fsm_state = (uint8_t)FSM_OFF;
        1:  208:        fsm_out->brake_active = 0U;
        1:  209:        fsm_out->alert_level = 0U;
        1:  210:        fsm_out->decel_target = 0.0f;
        1:  211:        fsm_out->warn_timer = 0.0f;
        1:  212:        fsm_out->state_timer = 0.0f;
        1:  213:        m_fsm_mem.warn_timer_s = 0.0f;
        1:  214:        m_fsm_mem.debounce_timer_s = 0.0f;
        1:  215:        m_fsm_mem.post_brake_timer_s = 0.0f;
        1:  216:        return;
        -:  217:    }
        -:  218:
        -:  219:    /* ===== PRIORITY 2: Driver Override ===== */
        -:  220:    /* MISRA C:2012 Rule 10.3: the Boolean expression on the right-hand
        -:  221:     * side must be explicitly cast to the uint8_t essential type of
        -:  222:     * the lvalue. */
     4847:  223:    driver_override = (uint8_t)((driver->brake_pedal != 0U) ||
     3229:  224:                                (driver->steering_angle > STEERING_OVERRIDE_DEG) ||
branch  0 taken 1615 (fallthrough)
branch  1 taken 1
branch  2 taken 1613 (fallthrough)
branch  3 taken 2
condition outcomes covered 6/6
     1613:  225:                                (driver->steering_angle < -STEERING_OVERRIDE_DEG));
branch  0 taken 1 (fallthrough)
branch  1 taken 1612
        -:  226:
     1616:  227:    if ((driver_override != 0U) && (current_state != FSM_POST_BRAKE))
branch  0 taken 4 (fallthrough)
branch  1 taken 1612
branch  2 taken 2 (fallthrough)
branch  3 taken 2
condition outcomes covered 4/4
        -:  228:    {
        2:  229:        fsm_out->fsm_state = (uint8_t)FSM_STANDBY;
        2:  230:        fsm_out->brake_active = 0U;
        2:  231:        fsm_out->alert_level = 0U;
        2:  232:        fsm_out->decel_target = 0.0f;
        2:  233:        fsm_out->warn_timer = 0.0f;
        2:  234:        fsm_out->state_timer = 0.0f;
        2:  235:        m_fsm_mem.warn_timer_s = 0.0f;
        2:  236:        m_fsm_mem.debounce_timer_s = 0.0f;
        2:  237:        return;
        -:  238:    }
        -:  239:
        -:  240:    /* ===== PRIORITY 3: Speed Range Validation ===== */
        -:  241:    /* MISRA C:2012 Rule 10.3: explicit cast to uint8_t essential type. */
     3225:  242:    speed_out_of_range = (uint8_t)((perception->v_ego < V_EGO_MIN) ||
branch  0 taken 1611 (fallthrough)
branch  1 taken 3
condition outcomes covered 4/4
     1611:  243:                                   (perception->v_ego > V_EGO_MAX));
branch  0 taken 1 (fallthrough)
branch  1 taken 1610
        -:  244:
     1614:  245:    if (speed_out_of_range != 0U)
branch  0 taken 4 (fallthrough)
branch  1 taken 1610
condition outcomes covered 2/2
        -:  246:    {
        4:  247:        if ((perception->v_ego < 0.01f) && (current_state >= FSM_BRAKE_L1))
branch  0 taken 2 (fallthrough)
branch  1 taken 2
branch  2 taken 1 (fallthrough)
branch  3 taken 1
condition outcomes covered 4/4
        -:  248:        {
        1:  249:            fsm_out->fsm_state = (uint8_t)FSM_POST_BRAKE;
        1:  250:            m_fsm_mem.post_brake_timer_s = 0.0f;
        -:  251:        }
        -:  252:        else
        -:  253:        {
        3:  254:            fsm_out->fsm_state = (uint8_t)FSM_STANDBY;
        -:  255:        }
        4:  256:        fsm_out->brake_active = 0U;
        4:  257:        fsm_out->alert_level = 0U;
        4:  258:        fsm_out->decel_target = 0.0f;
        4:  259:        fsm_out->state_timer += delta_t_s;
        4:  260:        return;
        -:  261:    }
        -:  262:
        -:  263:    /* ===== PRIORITY 4: State Transition Logic ===== */
     1610:  264:    new_state = current_state;
        -:  265:
     1610:  266:    switch (current_state)
branch  0 taken 304
branch  1 taken 1252
branch  2 taken 26
branch  3 taken 28
        -:  267:    {
      304:  268:        case FSM_POST_BRAKE:
      304:  269:            m_fsm_mem.post_brake_timer_s += delta_t_s;
      304:  270:            if ((m_fsm_mem.post_brake_timer_s >= 2.0f) ||
branch  0 taken 303 (fallthrough)
branch  1 taken 1
condition outcomes covered 4/4
      303:  271:                (driver->accel_pedal != 0U))
branch  0 taken 1 (fallthrough)
branch  1 taken 302
        -:  272:            {
        2:  273:                new_state = FSM_STANDBY;
        2:  274:                m_fsm_mem.post_brake_timer_s = 0.0f;
        -:  275:            }
      304:  276:            break;
        -:  277:
     1252:  278:        case FSM_WARNING:
     1252:  279:            m_fsm_mem.warn_timer_s += delta_t_s;
     1252:  280:            if (desired_state == FSM_STANDBY)
branch  0 taken 50 (fallthrough)
branch  1 taken 1202
condition outcomes covered 2/2
        -:  281:            {
       50:  282:                m_fsm_mem.debounce_timer_s += delta_t_s;
       50:  283:                if (m_fsm_mem.debounce_timer_s >= 0.2f)
branch  0 taken 2 (fallthrough)
branch  1 taken 48
condition outcomes covered 2/2
        -:  284:                {
        2:  285:                    new_state = desired_state;
        2:  286:                    m_fsm_mem.warn_timer_s = 0.0f;
        2:  287:                    m_fsm_mem.debounce_timer_s = 0.0f;
        -:  288:                }
        -:  289:            }
     1202:  290:            else if ((desired_state == FSM_BRAKE_L1) ||
branch  0 taken 1200 (fallthrough)
branch  1 taken 2
branch  2 taken 1198 (fallthrough)
branch  3 taken 2
condition outcomes covered 6/6
     1198:  291:                     (desired_state == FSM_BRAKE_L2) ||
branch  0 taken 3 (fallthrough)
branch  1 taken 1195
        -:  292:                     (desired_state == FSM_BRAKE_L3))
        -:  293:            {
        7:  294:                if (m_fsm_mem.warn_timer_s >= 0.8f)
branch  0 taken 7 (fallthrough)
branch  1 taken 0
condition outcomes covered 1/2
condition  0 not covered (false)
        -:  295:                {
        7:  296:                    new_state = desired_state;
        7:  297:                    m_fsm_mem.debounce_timer_s = 0.0f;
        -:  298:                }
        -:  299:            }
        -:  300:            else
        -:  301:            {
        -:  302:                /* MISRA C:2012 Rule 15.7: terminal else clause.
        -:  303:                 * Reached when desired_state is WARNING (same as current)
        -:  304:                 * — no state change, no timer reset. */
        -:  305:            }
     1252:  306:            break;
        -:  307:
       26:  308:        case FSM_BRAKE_L1:
        -:  309:        case FSM_BRAKE_L2:
        -:  310:        case FSM_BRAKE_L3:
        -:  311:            /* D3: the former `if (perception->v_ego < 0.01f)` branch
        -:  312:             * that transitioned to FSM_POST_BRAKE was unreachable — it
        -:  313:             * is dominated by the Priority-3 speed guard above, which
        -:  314:             * fires on v_ego < V_EGO_MIN = 2.78 m/s before control
        -:  315:             * ever reaches this switch. Removed per V&V report Sec. 7.5
        -:  316:             * desvio D3 (MISRA C:2012 Rule 2.1). Low-speed exit into
        -:  317:             * POST_BRAKE is now handled exclusively by the speed guard. */
       26:  318:            if (desired_state > current_state)
branch  0 taken 1 (fallthrough)
branch  1 taken 25
condition outcomes covered 2/2
        -:  319:            {
        -:  320:                /* Escalation: immediate */
        1:  321:                new_state = desired_state;
        1:  322:                m_fsm_mem.debounce_timer_s = 0.0f;
        -:  323:            }
       25:  324:            else if (desired_state < current_state)
branch  0 taken 20 (fallthrough)
branch  1 taken 5
condition outcomes covered 2/2
        -:  325:            {
        -:  326:                /* De-escalation: requires 200ms debounce */
       20:  327:                m_fsm_mem.debounce_timer_s += delta_t_s;
       20:  328:                if (m_fsm_mem.debounce_timer_s >= 0.2f)
branch  0 taken 1 (fallthrough)
branch  1 taken 19
condition outcomes covered 2/2
        -:  329:                {
        1:  330:                    new_state = desired_state;
        1:  331:                    m_fsm_mem.debounce_timer_s = 0.0f;
        -:  332:                }
        -:  333:            }
        -:  334:            else
        -:  335:            {
        5:  336:                m_fsm_mem.debounce_timer_s = 0.0f;
        -:  337:            }
       26:  338:            break;
        -:  339:
       28:  340:        case FSM_STANDBY:
        -:  341:        default:
       28:  342:            m_fsm_mem.warn_timer_s = 0.0f;
       28:  343:            m_fsm_mem.debounce_timer_s = 0.0f;
        -:  344:            /* FR-DEC-011: STANDBY must go to WARNING first */
       28:  345:            if (desired_state == FSM_WARNING)
branch  0 taken 15 (fallthrough)
branch  1 taken 13
condition outcomes covered 2/2
        -:  346:            {
       15:  347:                new_state = FSM_WARNING;
        -:  348:            }
       13:  349:            else if ((desired_state == FSM_BRAKE_L1) ||
branch  0 taken 12 (fallthrough)
branch  1 taken 1
branch  2 taken 12 (fallthrough)
branch  3 taken 0
condition outcomes covered 5/6
condition  1 not covered (true)
       12:  350:                     (desired_state == FSM_BRAKE_L2) ||
branch  0 taken 1 (fallthrough)
branch  1 taken 11
        -:  351:                     (desired_state == FSM_BRAKE_L3))
        -:  352:            {
        -:  353:                /* Force pass through WARNING (FR-DEC-011) */
        2:  354:                new_state = FSM_WARNING;
        -:  355:            }
        -:  356:            else
        -:  357:            {
        -:  358:                /* MISRA C:2012 Rule 15.7: terminal else clause.
        -:  359:                 * Reached when desired_state is STANDBY or POST_BRAKE
        -:  360:                 * — no transition, stay in STANDBY. */
        -:  361:            }
       28:  362:            break;
        -:  363:    }
        -:  364:
        -:  365:    /* Update timers */
     1610:  366:    if (new_state != current_state)
branch  0 taken 30 (fallthrough)
branch  1 taken 1580
condition outcomes covered 2/2
        -:  367:    {
       30:  368:        fsm_out->state_timer = 0.0f;
        -:  369:    }
        -:  370:    else
        -:  371:    {
     1580:  372:        fsm_out->state_timer += delta_t_s;
        -:  373:    }
        -:  374:
        -:  375:    /* Write outputs */
     1610:  376:    fsm_out->fsm_state = (uint8_t)new_state;
     1610:  377:    fsm_out->warn_timer = m_fsm_mem.warn_timer_s;
     1610:  378:    fsm_out->brake_active = ((new_state >= FSM_BRAKE_L1) && (new_state <= FSM_BRAKE_L3)) ? 1U : 0U;
branch  0 taken 335 (fallthrough)
branch  1 taken 1275
branch  2 taken 33 (fallthrough)
branch  3 taken 302
condition outcomes covered 4/4
     1610:  379:    fsm_out->alert_level = state_to_alert_level(new_state);
call    0 returned 1610
     1610:  380:    fsm_out->decel_target = state_to_decel_target(new_state);
call    0 returned 1610
        -:  381:}
