<?xml version='1.0' encoding='utf-8'?>
<!DOCTYPE coverage SYSTEM 'http://cobertura.sourceforge.net/xml/coverage-04.dtd'>
<coverage line-rate="0.9783783783783784" branch-rate="0.9545454545454546" lines-covered="181" lines-valid="185" branches-covered="126" branches-valid="132" complexity="0.0" timestamp="1777845400" version="gcovr 8.6"><sources><source>/home/runner/work/AEB-stellantis-project/AEB-stellantis-project</source></sources><packages><package name="src.decision" line-rate="0.9783783783783784" branch-rate="0.9545454545454546" complexity="0.0"><classes><class name="aeb_fsm_c" filename="src/decision/aeb_fsm.c" line-rate="0.9878048780487805" branch-rate="0.9655172413793104" complexity="0.0"><methods><method name="state_to_decel_target" signature="" line-rate="1.0" branch-rate="1.0" complexity="0.0"><lines><line number="32" hits="1812" branch="false"/><line number="34" hits="1812" branch="false"/><line number="36" hits="1812" branch="true" condition-coverage="100% (4/4)"><conditions><condition number="0" type="jump" coverage="100%"/></conditions></line><line number="37" hits="8" branch="false"/><line number="38" hits="8" branch="false"/><line number="39" hits="8" branch="false"/><line number="40" hits="21" branch="false"/><line number="41" hits="21" branch="false"/><line number="42" hits="21" branch="false"/><line number="43" hits="43" branch="false"/><line number="44" hits="43" branch="false"/><line number="45" hits="43" branch="false"/><line number="46" hits="1740" branch="false"/><line number="47" hits="1740" branch="false"/><line number="48" hits="1740" branch="false"/><line number="51" hits="1812" branch="false"/></lines></method><method name="state_to_alert_level" signature="" line-rate="1.0" branch-rate="1.0" complexity="0.0"><lines><line number="57" hits="1812" branch="false"/><line number="59" hits="1812" branch="false"/><line number="61" hits="1812" branch="true" condition-coverage="100% (4/4)"><conditions><condition number="0" type="jump" coverage="100%"/></conditions></line><line number="63" hits="1431" branch="false"/><line number="65" hits="381" branch="true" condition-coverage="100% (4/4)"><conditions><condition number="0" type="jump" coverage="100%"/></conditions></line><line number="67" hits="64" branch="false"/><line number="71" hits="317" branch="false"/><line number="74" hits="1812" branch="false"/></lines></method><method name="evaluate_desired_state" signature="" line-rate="1.0" branch-rate="1.0" complexity="0.0"><lines><line number="82" hits="1823" branch="false"/><line number="85" hits="1823" branch="false"/><line number="88" hits="1823" branch="true" condition-coverage="100% (2/2)"><conditions><condition number="0" type="jump" coverage="100%"/></conditions></line><line number="90" hits="342" branch="false"/><line number="93" hits="1481" branch="true" condition-coverage="100% (2/2)"><conditions><condition number="0" type="jump" coverage="100%"/></conditions></line><line number="95" hits="4" branch="false"/><line number="98" hits="1477" branch="true" condition-coverage="100% (2/2)"><conditions><condition number="0" type="jump" coverage="100%"/></conditions></line><line number="100" hits="3" branch="false"/><line number="102" hits="1474" branch="true" condition-coverage="100% (2/2)"><conditions><condition number="0" type="jump" coverage="100%"/></conditions></line><line number="104" hits="101" branch="false"/><line number="106" hits="1373" branch="true" condition-coverage="100% (2/2)"><conditions><condition number="0" type="jump" coverage="100%"/></conditions></line><line number="108" hits="27" branch="false"/><line number="111" hits="1346" branch="true" condition-coverage="100% (2/2)"><conditions><condition number="0" type="jump" coverage="100%"/></conditions></line><line number="113" hits="104" branch="false"/><line number="115" hits="1242" branch="true" condition-coverage="100% (2/2)"><conditions><condition number="0" type="jump" coverage="100%"/></conditions></line><line number="117" hits="5" branch="false"/><line number="119" hits="1237" branch="true" condition-coverage="100% (2/2)"><conditions><condition number="0" type="jump" coverage="100%"/></conditions></line><line number="121" hits="1" branch="false"/><line number="123" hits="1236" branch="true" condition-coverage="100% (2/2)"><conditions><condition number="0" type="jump" coverage="100%"/></conditions></line><line number="125" hits="1211" branch="false"/><line number="129" hits="25" branch="false"/><line number="132" hits="1823" branch="false"/></lines></method><method name="fsm_init" signature="" line-rate="1.0" branch-rate="0.5" complexity="0.0"><lines><line number="135" hits="38" branch="false"/><line number="137" hits="38" branch="true" condition-coverage="50% (1/2)"><conditions><condition number="0" type="jump" coverage="50%"/></conditions></line><line number="140" hits="38" branch="false"/><line number="141" hits="38" branch="false"/><line number="142" hits="38" branch="false"/><line number="143" hits="38" branch="false"/><line number="144" hits="38" branch="false"/><line number="145" hits="38" branch="false"/><line number="148" hits="38" branch="false"/><line number="149" hits="38" branch="false"/><line number="150" hits="38" branch="false"/><line number="152" hits="38" branch="false"/></lines></method><method name="fsm_step" signature="" line-rate="0.9811320754716981" branch-rate="0.9642857142857143" complexity="0.0"><lines><line number="154" hits="1829" branch="false"/><line number="163" hits="1829" branch="false"/><line number="164" hits="1829" branch="false"/><line number="173" hits="1829" branch="true" condition-coverage="83% (5/6)"><conditions><condition number="0" type="jump" coverage="83%"/></conditions></line><line number="174" hits="1826" branch="true" condition-coverage="100% (4/4)"><conditions><condition number="0" type="jump" coverage="100%"/></conditions></line><line number="175" hits="1824" branch="true" condition-coverage="100% (2/2)"><conditions><condition number="0" type="jump" coverage="100%"/></conditions></line><line number="177" hits="6" branch="false"/><line number="187" hits="1823" branch="true" condition-coverage="100% (2/2)"><conditions><condition number="0" type="jump" coverage="100%"/></conditions></line><line number="189" hits="1823" branch="false"/><line number="199" hits="1823" branch="true" condition-coverage="50% (1/2)"><conditions><condition number="0" type="jump" coverage="50%"/></conditions></line><line number="201" hits="0" branch="false"/><line number="202" hits="0" branch="false"/><line number="205" hits="1823" branch="false"/><line number="208" hits="1823" branch="true" condition-coverage="100% (4/4)"><conditions><condition number="0" type="jump" coverage="100%"/></conditions></line><line number="210" hits="2" branch="false"/><line number="211" hits="2" branch="false"/><line number="212" hits="2" branch="false"/><line number="213" hits="2" branch="false"/><line number="214" hits="2" branch="false"/><line number="215" hits="2" branch="false"/><line number="216" hits="2" branch="false"/><line number="217" hits="2" branch="false"/><line number="218" hits="2" branch="false"/><line number="219" hits="2" branch="false"/><line number="223" hits="3640" branch="true" condition-coverage="100% (2/2)"><conditions><condition number="0" type="jump" coverage="100%"/></conditions></line><line number="224" hits="1819" branch="true" condition-coverage="100% (2/2)"><conditions><condition number="0" type="jump" coverage="100%"/></conditions></line><line number="225" hits="1817" branch="true" condition-coverage="100% (2/2)"><conditions><condition number="0" type="jump" coverage="100%"/></conditions></line><line number="227" hits="1821" branch="true" condition-coverage="100% (4/4)"><conditions><condition number="0" type="jump" coverage="100%"/></conditions></line><line number="229" hits="3" branch="false"/><line number="230" hits="3" branch="false"/><line number="231" hits="3" branch="false"/><line number="232" hits="3" branch="false"/><line number="233" hits="3" branch="false"/><line number="234" hits="3" branch="false"/><line number="235" hits="3" branch="false"/><line number="236" hits="3" branch="false"/><line number="237" hits="3" branch="false"/><line number="241" hits="3630" branch="true" condition-coverage="100% (2/2)"><conditions><condition number="0" type="jump" coverage="100%"/></conditions></line><line number="242" hits="1812" branch="true" condition-coverage="100% (2/2)"><conditions><condition number="0" type="jump" coverage="100%"/></conditions></line><line number="244" hits="1818" branch="true" condition-coverage="100% (2/2)"><conditions><condition number="0" type="jump" coverage="100%"/></conditions></line><line number="254" hits="7" branch="true" condition-coverage="100% (4/4)"><conditions><condition number="0" type="jump" coverage="100%"/></conditions></line><line number="259" hits="2" branch="false"/><line number="260" hits="2" branch="false"/><line number="261" hits="2" branch="false"/><line number="262" hits="2" branch="false"/><line number="263" hits="2" branch="false"/><line number="264" hits="2" branch="false"/><line number="265" hits="2" branch="false"/><line number="267" hits="5" branch="true" condition-coverage="75% (3/4)"><conditions><condition number="0" type="jump" coverage="75%"/></conditions></line><line number="275" hits="4" branch="false"/><line number="276" hits="4" branch="false"/><line number="277" hits="4" branch="false"/><line number="278" hits="4" branch="false"/><line number="279" hits="4" branch="false"/><line number="280" hits="4" branch="false"/><line number="291" hits="1812" branch="false"/><line number="293" hits="1812" branch="true" condition-coverage="100% (4/4)"><conditions><condition number="0" type="jump" coverage="100%"/></conditions></line><line number="295" hits="304" branch="false"/><line number="296" hits="304" branch="false"/><line number="297" hits="304" branch="true" condition-coverage="100% (2/2)"><conditions><condition number="0" type="jump" coverage="100%"/></conditions></line><line number="298" hits="303" branch="true" condition-coverage="100% (2/2)"><conditions><condition number="0" type="jump" coverage="100%"/></conditions></line><line number="300" hits="2" branch="false"/><line number="301" hits="2" branch="false"/><line number="303" hits="304" branch="false"/><line number="305" hits="1414" branch="false"/><line number="306" hits="1414" branch="false"/><line number="307" hits="1414" branch="true" condition-coverage="100% (2/2)"><conditions><condition number="0" type="jump" coverage="100%"/></conditions></line><line number="309" hits="50" branch="false"/><line number="310" hits="50" branch="true" condition-coverage="100% (2/2)"><conditions><condition number="0" type="jump" coverage="100%"/></conditions></line><line number="312" hits="2" branch="false"/><line number="313" hits="2" branch="false"/><line number="314" hits="2" branch="false"/><line number="317" hits="1364" branch="true" condition-coverage="100% (4/4)"><conditions><condition number="0" type="jump" coverage="100%"/></conditions></line><line number="318" hits="1279" branch="true" condition-coverage="100% (2/2)"><conditions><condition number="0" type="jump" coverage="100%"/></conditions></line><line number="321" hits="169" branch="true" condition-coverage="100% (2/2)"><conditions><condition number="0" type="jump" coverage="100%"/></conditions></line><line number="323" hits="9" branch="false"/><line number="324" hits="9" branch="false"/><line number="333" hits="1414" branch="false"/><line number="335" hits="63" branch="false"/><line number="345" hits="63" branch="true" condition-coverage="100% (2/2)"><conditions><condition number="0" type="jump" coverage="100%"/></conditions></line><line number="348" hits="2" branch="false"/><line number="349" hits="2" branch="false"/><line number="351" hits="61" branch="true" condition-coverage="100% (2/2)"><conditions><condition number="0" type="jump" coverage="100%"/></conditions></line><line number="354" hits="20" branch="false"/><line number="355" hits="20" branch="true" condition-coverage="100% (2/2)"><conditions><condition number="0" type="jump" coverage="100%"/></conditions></line><line number="357" hits="1" branch="false"/><line number="358" hits="1" branch="false"/><line number="363" hits="41" branch="false"/><line number="365" hits="63" branch="false"/><line number="367" hits="31" branch="false"/><line number="369" hits="31" branch="false"/><line number="370" hits="31" branch="false"/><line number="372" hits="31" branch="true" condition-coverage="100% (2/2)"><conditions><condition number="0" type="jump" coverage="100%"/></conditions></line><line number="374" hits="15" branch="false"/><line number="376" hits="16" branch="true" condition-coverage="100% (4/4)"><conditions><condition number="0" type="jump" coverage="100%"/></conditions></line><line number="377" hits="13" branch="true" condition-coverage="100% (2/2)"><conditions><condition number="0" type="jump" coverage="100%"/></conditions></line><line number="381" hits="5" branch="false"/><line number="389" hits="31" branch="false"/><line number="393" hits="1812" branch="true" condition-coverage="100% (2/2)"><conditions><condition number="0" type="jump" coverage="100%"/></conditions></line><line number="395" hits="36" branch="false"/><line number="399" hits="1776" branch="false"/><line number="403" hits="1812" branch="false"/><line number="404" hits="1812" branch="false"/><line number="405" hits="1812" branch="true" condition-coverage="100% (4/4)"><conditions><condition number="0" type="jump" coverage="100%"/></conditions></line><line number="406" hits="1812" branch="false"/><line number="407" hits="1812" branch="false"/></lines></method></methods><lines><line number="32" hits="1812" branch="false"/><line number="34" hits="1812" branch="false"/><line number="36" hits="1812" branch="true" condition-coverage="100% (4/4)"><conditions><condition number="0" type="jump" coverage="100%"/></conditions></line><line number="37" hits="8" branch="false"/><line number="38" hits="8" branch="false"/><line number="39" hits="8" branch="false"/><line number="40" hits="21" branch="false"/><line number="41" hits="21" branch="false"/><line number="42" hits="21" branch="false"/><line number="43" hits="43" branch="false"/><line number="44" hits="43" branch="false"/><line number="45" hits="43" branch="false"/><line number="46" hits="1740" branch="false"/><line number="47" hits="1740" branch="false"/><line number="48" hits="1740" branch="false"/><line number="51" hits="1812" branch="false"/><line number="57" hits="1812" branch="false"/><line number="59" hits="1812" branch="false"/><line number="61" hits="1812" branch="true" condition-coverage="100% (4/4)"><conditions><condition number="0" type="jump" coverage="100%"/></conditions></line><line number="63" hits="1431" branch="false"/><line number="65" hits="381" branch="true" condition-coverage="100% (4/4)"><conditions><condition number="0" type="jump" coverage="100%"/></conditions></line><line number="67" hits="64" branch="false"/><line number="71" hits="317" branch="false"/><line number="74" hits="1812" branch="false"/><line number="82" hits="1823" branch="false"/><line number="85" hits="1823" branch="false"/><line number="88" hits="1823" branch="true" condition-coverage="100% (2/2)"><conditions><condition number="0" type="jump" coverage="100%"/></conditions></line><line number="90" hits="342" branch="false"/><line number="93" hits="1481" branch="true" condition-coverage="100% (2/2)"><conditions><condition number="0" type="jump" coverage="100%"/></conditions></line><line number="95" hits="4" branch="false"/><line number="98" hits="1477" branch="true" condition-coverage="100% (2/2)"><conditions><condition number="0" type="jump" coverage="100%"/></conditions></line><line number="100" hits="3" branch="false"/><line number="102" hits="1474" branch="true" condition-coverage="100% (2/2)"><conditions><condition number="0" type="jump" coverage="100%"/></conditions></line><line number="104" hits="101" branch="false"/><line number="106" hits="1373" branch="true" condition-coverage="100% (2/2)"><conditions><condition number="0" type="jump" coverage="100%"/></conditions></line><line number="108" hits="27" branch="false"/><line number="111" hits="1346" branch="true" condition-coverage="100% (2/2)"><conditions><condition number="0" type="jump" coverage="100%"/></conditions></line><line number="113" hits="104" branch="false"/><line number="115" hits="1242" branch="true" condition-coverage="100% (2/2)"><conditions><condition number="0" type="jump" coverage="100%"/></conditions></line><line number="117" hits="5" branch="false"/><line number="119" hits="1237" branch="true" condition-coverage="100% (2/2)"><conditions><condition number="0" type="jump" coverage="100%"/></conditions></line><line number="121" hits="1" branch="false"/><line number="123" hits="1236" branch="true" condition-coverage="100% (2/2)"><conditions><condition number="0" type="jump" coverage="100%"/></conditions></line><line number="125" hits="1211" branch="false"/><line number="129" hits="25" branch="false"/><line number="132" hits="1823" branch="false"/><line number="135" hits="38" branch="false"/><line number="137" hits="38" branch="true" condition-coverage="50% (1/2)"><conditions><condition number="0" type="jump" coverage="50%"/></conditions></line><line number="140" hits="38" branch="false"/><line number="141" hits="38" branch="false"/><line number="142" hits="38" branch="false"/><line number="143" hits="38" branch="false"/><line number="144" hits="38" branch="false"/><line number="145" hits="38" branch="false"/><line number="148" hits="38" branch="false"/><line number="149" hits="38" branch="false"/><line number="150" hits="38" branch="false"/><line number="152" hits="38" branch="false"/><line number="154" hits="1829" branch="false"/><line number="163" hits="1829" branch="false"/><line number="164" hits="1829" branch="false"/><line number="173" hits="1829" branch="true" condition-coverage="83% (5/6)"><conditions><condition number="0" type="jump" coverage="83%"/></conditions></line><line number="174" hits="1826" branch="true" condition-coverage="100% (4/4)"><conditions><condition number="0" type="jump" coverage="100%"/></conditions></line><line number="175" hits="1824" branch="true" condition-coverage="100% (2/2)"><conditions><condition number="0" type="jump" coverage="100%"/></conditions></line><line number="177" hits="6" branch="false"/><line number="187" hits="1823" branch="true" condition-coverage="100% (2/2)"><conditions><condition number="0" type="jump" coverage="100%"/></conditions></line><line number="189" hits="1823" branch="false"/><line number="199" hits="1823" branch="true" condition-coverage="50% (1/2)"><conditions><condition number="0" type="jump" coverage="50%"/></conditions></line><line number="201" hits="0" branch="false"/><line number="202" hits="0" branch="false"/><line number="205" hits="1823" branch="false"/><line number="208" hits="1823" branch="true" condition-coverage="100% (4/4)"><conditions><condition number="0" type="jump" coverage="100%"/></conditions></line><line number="210" hits="2" branch="false"/><line number="211" hits="2" branch="false"/><line number="212" hits="2" branch="false"/><line number="213" hits="2" branch="false"/><line number="214" hits="2" branch="false"/><line number="215" hits="2" branch="false"/><line number="216" hits="2" branch="false"/><line number="217" hits="2" branch="false"/><line number="218" hits="2" branch="false"/><line number="219" hits="2" branch="false"/><line number="223" hits="3640" branch="true" condition-coverage="100% (2/2)"><conditions><condition number="0" type="jump" coverage="100%"/></conditions></line><line number="224" hits="1819" branch="true" condition-coverage="100% (2/2)"><conditions><condition number="0" type="jump" coverage="100%"/></conditions></line><line number="225" hits="1817" branch="true" condition-coverage="100% (2/2)"><conditions><condition number="0" type="jump" coverage="100%"/></conditions></line><line number="227" hits="1821" branch="true" condition-coverage="100% (4/4)"><conditions><condition number="0" type="jump" coverage="100%"/></conditions></line><line number="229" hits="3" branch="false"/><line number="230" hits="3" branch="false"/><line number="231" hits="3" branch="false"/><line number="232" hits="3" branch="false"/><line number="233" hits="3" branch="false"/><line number="234" hits="3" branch="false"/><line number="235" hits="3" branch="false"/><line number="236" hits="3" branch="false"/><line number="237" hits="3" branch="false"/><line number="241" hits="3630" branch="true" condition-coverage="100% (2/2)"><conditions><condition number="0" type="jump" coverage="100%"/></conditions></line><line number="242" hits="1812" branch="true" condition-coverage="100% (2/2)"><conditions><condition number="0" type="jump" coverage="100%"/></conditions></line><line number="244" hits="1818" branch="true" condition-coverage="100% (2/2)"><conditions><condition number="0" type="jump" coverage="100%"/></conditions></line><line number="254" hits="7" branch="true" condition-coverage="100% (4/4)"><conditions><condition number="0" type="jump" coverage="100%"/></conditions></line><line number="259" hits="2" branch="false"/><line number="260" hits="2" branch="false"/><line number="261" hits="2" branch="false"/><line number="262" hits="2" branch="false"/><line number="263" hits="2" branch="false"/><line number="264" hits="2" branch="false"/><line number="265" hits="2" branch="false"/><line number="267" hits="5" branch="true" condition-coverage="75% (3/4)"><conditions><condition number="0" type="jump" coverage="75%"/></conditions></line><line number="275" hits="4" branch="false"/><line number="276" hits="4" branch="false"/><line number="277" hits="4" branch="false"/><line number="278" hits="4" branch="false"/><line number="279" hits="4" branch="false"/><line number="280" hits="4" branch="false"/><line number="291" hits="1812" branch="false"/><line number="293" hits="1812" branch="true" condition-coverage="100% (4/4)"><conditions><condition number="0" type="jump" coverage="100%"/></conditions></line><line number="295" hits="304" branch="false"/><line number="296" hits="304" branch="false"/><line number="297" hits="304" branch="true" condition-coverage="100% (2/2)"><conditions><condition number="0" type="jump" coverage="100%"/></conditions></line><line number="298" hits="303" branch="true" condition-coverage="100% (2/2)"><conditions><condition number="0" type="jump" coverage="100%"/></conditions></line><line number="300" hits="2" branch="false"/><line number="301" hits="2" branch="false"/><line number="303" hits="304" branch="false"/><line number="305" hits="1414" branch="false"/><line number="306" hits="1414" branch="false"/><line number="307" hits="1414" branch="true" condition-coverage="100% (2/2)"><conditions><condition number="0" type="jump" coverage="100%"/></conditions></line><line number="309" hits="50" branch="false"/><line number="310" hits="50" branch="true" condition-coverage="100% (2/2)"><conditions><condition number="0" type="jump" coverage="100%"/></conditions></line><line number="312" hits="2" branch="false"/><line number="313" hits="2" branch="false"/><line number="314" hits="2" branch="false"/><line number="317" hits="1364" branch="true" condition-coverage="100% (4/4)"><conditions><condition number="0" type="jump" coverage="100%"/></conditions></line><line number="318" hits="1279" branch="true" condition-coverage="100% (2/2)"><conditions><condition number="0" type="jump" coverage="100%"/></conditions></line><line number="321" hits="169" branch="true" condition-coverage="100% (2/2)"><conditions><condition number="0" type="jump" coverage="100%"/></conditions></line><line number="323" hits="9" branch="false"/><line number="324" hits="9" branch="false"/><line number="333" hits="1414" branch="false"/><line number="335" hits="63" branch="false"/><line number="345" hits="63" branch="true" condition-coverage="100% (2/2)"><conditions><condition number="0" type="jump" coverage="100%"/></conditions></line><line number="348" hits="2" branch="false"/><line number="349" hits="2" branch="false"/><line number="351" hits="61" branch="true" condition-coverage="100% (2/2)"><conditions><condition number="0" type="jump" coverage="100%"/></conditions></line><line number="354" hits="20" branch="false"/><line number="355" hits="20" branch="true" condition-coverage="100% (2/2)"><conditions><condition number="0" type="jump" coverage="100%"/></conditions></line><line number="357" hits="1" branch="false"/><line number="358" hits="1" branch="false"/><line number="363" hits="41" branch="false"/><line number="365" hits="63" branch="false"/><line number="367" hits="31" branch="false"/><line number="369" hits="31" branch="false"/><line number="370" hits="31" branch="false"/><line number="372" hits="31" branch="true" condition-coverage="100% (2/2)"><conditions><condition number="0" type="jump" coverage="100%"/></conditions></line><line number="374" hits="15" branch="false"/><line number="376" hits="16" branch="true" condition-coverage="100% (4/4)"><conditions><condition number="0" type="jump" coverage="100%"/></conditions></line><line number="377" hits="13" branch="true" condition-coverage="100% (2/2)"><conditions><condition number="0" type="jump" coverage="100%"/></conditions></line><line number="381" hits="5" branch="false"/><line number="389" hits="31" branch="false"/><line number="393" hits="1812" branch="true" condition-coverage="100% (2/2)"><conditions><condition number="0" type="jump" coverage="100%"/></conditions></line><line number="395" hits="36" branch="false"/><line number="399" hits="1776" branch="false"/><line number="403" hits="1812" branch="false"/><line number="404" hits="1812" branch="false"/><line number="405" hits="1812" branch="true" condition-coverage="100% (4/4)"><conditions><condition number="0" type="jump" coverage="100%"/></conditions></line><line number="406" hits="1812" branch="false"/><line number="407" hits="1812" branch="false"/></lines></class><class name="aeb_ttc_c" filename="src/decision/aeb_ttc.c" line-rate="0.9047619047619048" branch-rate="0.875" complexity="0.0"><methods><method name="ttc_calc" signature="" line-rate="1.0" branch-rate="1.0" complexity="0.0"><lines><line number="14" hits="6" branch="false"/><line number="16" hits="6" branch="false"/><line number="19" hits="6" branch="true" condition-coverage="100% (2/2)"><conditions><condition number="0" type="jump" coverage="100%"/></conditions></line><line number="22" hits="4" branch="true" condition-coverage="100% (2/2)"><conditions><condition number="0" type="jump" coverage="100%"/></conditions></line><line number="24" hits="3" branch="false"/><line number="33" hits="3" branch="true" condition-coverage="100% (2/2)"><conditions><condition number="0" type="jump" coverage="100%"/></conditions></line><line number="35" hits="1" branch="false"/><line number="40" hits="6" branch="false"/></lines></method><method name="d_brake_calc" signature="" line-rate="0.7142857142857143" branch-rate="0.5" complexity="0.0"><lines><line number="43" hits="5" branch="false"/><line number="50" hits="5" branch="true" condition-coverage="50% (1/2)"><conditions><condition number="0" type="jump" coverage="50%"/></conditions></line><line number="52" hits="0" branch="false"/><line number="56" hits="5" branch="false"/><line number="64" hits="5" branch="true" condition-coverage="50% (1/2)"><conditions><condition number="0" type="jump" coverage="50%"/></conditions></line><line number="66" hits="0" branch="false"/><line number="69" hits="5" branch="false"/></lines></method><method name="ttc_process" signature="" line-rate="1.0" branch-rate="1.0" complexity="0.0"><lines><line number="72" hits="5" branch="false"/><line number="76" hits="5" branch="true" condition-coverage="100% (4/4)"><conditions><condition number="0" type="jump" coverage="100%"/></conditions></line><line number="78" hits="2" branch="false"/><line number="83" hits="3" branch="true" condition-coverage="100% (2/2)"><conditions><condition number="0" type="jump" coverage="100%"/></conditions></line><line number="86" hits="3" branch="false"/><line number="87" hits="3" branch="false"/></lines></method></methods><lines><line number="14" hits="6" branch="false"/><line number="16" hits="6" branch="false"/><line number="19" hits="6" branch="true" condition-coverage="100% (2/2)"><conditions><condition number="0" type="jump" coverage="100%"/></conditions></line><line number="22" hits="4" branch="true" condition-coverage="100% (2/2)"><conditions><condition number="0" type="jump" coverage="100%"/></conditions></line><line number="24" hits="3" branch="false"/><line number="33" hits="3" branch="true" condition-coverage="100% (2/2)"><conditions><condition number="0" type="jump" coverage="100%"/></conditions></line><line number="35" hits="1" branch="false"/><line number="40" hits="6" branch="false"/><line number="43" hits="5" branch="false"/><line number="50" hits="5" branch="true" condition-coverage="50% (1/2)"><conditions><condition number="0" type="jump" coverage="50%"/></conditions></line><line number="52" hits="0" branch="false"/><line number="56" hits="5" branch="false"/><line number="64" hits="5" branch="true" condition-coverage="50% (1/2)"><conditions><condition number="0" type="jump" coverage="50%"/></conditions></line><line number="66" hits="0" branch="false"/><line number="69" hits="5" branch="false"/><line number="72" hits="5" branch="false"/><line number="76" hits="5" branch="true" condition-coverage="100% (4/4)"><conditions><condition number="0" type="jump" coverage="100%"/></conditions></line><line number="78" hits="2" branch="false"/><line number="83" hits="3" branch="true" condition-coverage="100% (2/2)"><conditions><condition number="0" type="jump" coverage="100%"/></conditions></line><line number="86" hits="3" branch="false"/><line number="87" hits="3" branch="false"/></lines></class></classes></package></packages></coverage>