<?xml version='1.0' encoding='utf-8'?>
<!DOCTYPE coverage SYSTEM 'http://cobertura.sourceforge.net/xml/coverage-04.dtd'>
<coverage line-rate="0.9776536312849162" branch-rate="0.9609375" lines-covered="175" lines-valid="179" branches-covered="123" branches-valid="128" complexity="0.0" timestamp="1777063149" version="gcovr 8.6"><sources><source>/home/runner/work/AEB-stellantis-project/AEB-stellantis-project</source></sources><packages><package name="src.decision" line-rate="0.9776536312849162" branch-rate="0.9609375" complexity="0.0"><classes><class name="aeb_fsm_c" filename="src/decision/aeb_fsm.c" line-rate="0.9873417721518988" branch-rate="0.9732142857142857" complexity="0.0"><methods><method name="state_to_decel_target" signature="" line-rate="1.0" branch-rate="1.0" complexity="0.0"><lines><line number="31" hits="1711" branch="false"/><line number="33" hits="1711" branch="false"/><line number="35" hits="1711" branch="true" condition-coverage="100% (4/4)"><conditions><condition number="0" type="jump" coverage="100%"/></conditions></line><line number="36" hits="8" branch="false"/><line number="37" hits="8" branch="false"/><line number="38" hits="8" branch="false"/><line number="39" hits="2" branch="false"/><line number="40" hits="2" branch="false"/><line number="41" hits="2" branch="false"/><line number="42" hits="42" branch="false"/><line number="43" hits="42" branch="false"/><line number="44" hits="42" branch="false"/><line number="45" hits="1659" branch="false"/><line number="46" hits="1659" branch="false"/><line number="47" hits="1659" branch="false"/><line number="50" hits="1711" branch="false"/></lines></method><method name="state_to_alert_level" signature="" line-rate="1.0" branch-rate="1.0" complexity="0.0"><lines><line number="56" hits="1711" branch="false"/><line number="58" hits="1711" branch="false"/><line number="60" hits="1711" branch="true" condition-coverage="100% (4/4)"><conditions><condition number="0" type="jump" coverage="100%"/></conditions></line><line number="62" hits="1350" branch="false"/><line number="64" hits="361" branch="true" condition-coverage="100% (4/4)"><conditions><condition number="0" type="jump" coverage="100%"/></conditions></line><line number="66" hits="44" branch="false"/><line number="70" hits="317" branch="false"/><line number="73" hits="1711" branch="false"/></lines></method><method name="evaluate_desired_state" signature="" line-rate="1.0" branch-rate="1.0" complexity="0.0"><lines><line number="81" hits="1720" branch="false"/><line number="84" hits="1720" branch="false"/><line number="87" hits="1720" branch="true" condition-coverage="100% (2/2)"><conditions><condition number="0" type="jump" coverage="100%"/></conditions></line><line number="89" hits="341" branch="false"/><line number="92" hits="1379" branch="true" condition-coverage="100% (2/2)"><conditions><condition number="0" type="jump" coverage="100%"/></conditions></line><line number="94" hits="2" branch="false"/><line number="97" hits="1377" branch="true" condition-coverage="100% (2/2)"><conditions><condition number="0" type="jump" coverage="100%"/></conditions></line><line number="99" hits="3" branch="false"/><line number="101" hits="1374" branch="true" condition-coverage="100% (2/2)"><conditions><condition number="0" type="jump" coverage="100%"/></conditions></line><line number="103" hits="1" branch="false"/><line number="105" hits="1373" branch="true" condition-coverage="100% (2/2)"><conditions><condition number="0" type="jump" coverage="100%"/></conditions></line><line number="107" hits="27" branch="false"/><line number="110" hits="1346" branch="true" condition-coverage="100% (2/2)"><conditions><condition number="0" type="jump" coverage="100%"/></conditions></line><line number="112" hits="104" branch="false"/><line number="114" hits="1242" branch="true" condition-coverage="100% (2/2)"><conditions><condition number="0" type="jump" coverage="100%"/></conditions></line><line number="116" hits="5" branch="false"/><line number="118" hits="1237" branch="true" condition-coverage="100% (2/2)"><conditions><condition number="0" type="jump" coverage="100%"/></conditions></line><line number="120" hits="1" branch="false"/><line number="122" hits="1236" branch="true" condition-coverage="100% (2/2)"><conditions><condition number="0" type="jump" coverage="100%"/></conditions></line><line number="124" hits="1211" branch="false"/><line number="128" hits="25" branch="false"/><line number="131" hits="1720" branch="false"/></lines></method><method name="fsm_init" signature="" line-rate="1.0" branch-rate="0.5" complexity="0.0"><lines><line number="134" hits="36" branch="false"/><line number="136" hits="36" branch="true" condition-coverage="50% (1/2)"><conditions><condition number="0" type="jump" coverage="50%"/></conditions></line><line number="139" hits="36" branch="false"/><line number="140" hits="36" branch="false"/><line number="141" hits="36" branch="false"/><line number="142" hits="36" branch="false"/><line number="143" hits="36" branch="false"/><line number="144" hits="36" branch="false"/><line number="147" hits="36" branch="false"/><line number="148" hits="36" branch="false"/><line number="149" hits="36" branch="false"/><line number="151" hits="36" branch="false"/></lines></method><method name="fsm_step" signature="" line-rate="0.98" branch-rate="0.975" complexity="0.0"><lines><line number="153" hits="1726" branch="false"/><line number="162" hits="1726" branch="false"/><line number="163" hits="1726" branch="false"/><line number="172" hits="1726" branch="true" condition-coverage="83% (5/6)"><conditions><condition number="0" type="jump" coverage="83%"/></conditions></line><line number="173" hits="1723" branch="true" condition-coverage="100% (4/4)"><conditions><condition number="0" type="jump" coverage="100%"/></conditions></line><line number="174" hits="1721" branch="true" condition-coverage="100% (2/2)"><conditions><condition number="0" type="jump" coverage="100%"/></conditions></line><line number="176" hits="6" branch="false"/><line number="184" hits="1720" branch="true" condition-coverage="100% (2/2)"><conditions><condition number="0" type="jump" coverage="100%"/></conditions></line><line number="186" hits="1720" branch="false"/><line number="196" hits="1720" branch="true" condition-coverage="50% (1/2)"><conditions><condition number="0" type="jump" coverage="50%"/></conditions></line><line number="198" hits="0" branch="false"/><line number="199" hits="0" branch="false"/><line number="202" hits="1720" branch="false"/><line number="205" hits="1720" branch="true" condition-coverage="100% (4/4)"><conditions><condition number="0" type="jump" coverage="100%"/></conditions></line><line number="207" hits="2" branch="false"/><line number="208" hits="2" branch="false"/><line number="209" hits="2" branch="false"/><line number="210" hits="2" branch="false"/><line number="211" hits="2" branch="false"/><line number="212" hits="2" branch="false"/><line number="213" hits="2" branch="false"/><line number="214" hits="2" branch="false"/><line number="215" hits="2" branch="false"/><line number="216" hits="2" branch="false"/><line number="223" hits="5152" branch="false"/><line number="224" hits="3432" branch="true" condition-coverage="100% (4/4)"><conditions><condition number="0" type="jump" coverage="100%"/></conditions></line><line number="225" hits="1714" branch="true" condition-coverage="100% (2/2)"><conditions><condition number="0" type="jump" coverage="100%"/></conditions></line><line number="227" hits="1718" branch="true" condition-coverage="100% (4/4)"><conditions><condition number="0" type="jump" coverage="100%"/></conditions></line><line number="229" hits="3" branch="false"/><line number="230" hits="3" branch="false"/><line number="231" hits="3" branch="false"/><line number="232" hits="3" branch="false"/><line number="233" hits="3" branch="false"/><line number="234" hits="3" branch="false"/><line number="235" hits="3" branch="false"/><line number="236" hits="3" branch="false"/><line number="237" hits="3" branch="false"/><line number="242" hits="3427" branch="true" condition-coverage="100% (2/2)"><conditions><condition number="0" type="jump" coverage="100%"/></conditions></line><line number="243" hits="1712" branch="true" condition-coverage="100% (2/2)"><conditions><condition number="0" type="jump" coverage="100%"/></conditions></line><line number="245" hits="1715" branch="true" condition-coverage="100% (2/2)"><conditions><condition number="0" type="jump" coverage="100%"/></conditions></line><line number="247" hits="4" branch="true" condition-coverage="100% (4/4)"><conditions><condition number="0" type="jump" coverage="100%"/></conditions></line><line number="249" hits="1" branch="false"/><line number="250" hits="1" branch="false"/><line number="254" hits="3" branch="false"/><line number="256" hits="4" branch="false"/><line number="257" hits="4" branch="false"/><line number="258" hits="4" branch="false"/><line number="259" hits="4" branch="false"/><line number="260" hits="4" branch="false"/><line number="264" hits="1711" branch="false"/><line number="266" hits="1711" branch="true" condition-coverage="100% (4/4)"><conditions><condition number="0" type="jump" coverage="100%"/></conditions></line><line number="268" hits="304" branch="false"/><line number="269" hits="304" branch="false"/><line number="270" hits="304" branch="true" condition-coverage="100% (2/2)"><conditions><condition number="0" type="jump" coverage="100%"/></conditions></line><line number="271" hits="303" branch="true" condition-coverage="100% (2/2)"><conditions><condition number="0" type="jump" coverage="100%"/></conditions></line><line number="273" hits="2" branch="false"/><line number="274" hits="2" branch="false"/><line number="276" hits="304" branch="false"/><line number="278" hits="1333" branch="false"/><line number="279" hits="1333" branch="false"/><line number="280" hits="1333" branch="true" condition-coverage="100% (2/2)"><conditions><condition number="0" type="jump" coverage="100%"/></conditions></line><line number="282" hits="50" branch="false"/><line number="283" hits="50" branch="true" condition-coverage="100% (2/2)"><conditions><condition number="0" type="jump" coverage="100%"/></conditions></line><line number="285" hits="2" branch="false"/><line number="286" hits="2" branch="false"/><line number="287" hits="2" branch="false"/><line number="290" hits="1283" branch="true" condition-coverage="100% (4/4)"><conditions><condition number="0" type="jump" coverage="100%"/></conditions></line><line number="291" hits="1279" branch="true" condition-coverage="100% (2/2)"><conditions><condition number="0" type="jump" coverage="100%"/></conditions></line><line number="294" hits="88" branch="true" condition-coverage="100% (2/2)"><conditions><condition number="0" type="jump" coverage="100%"/></conditions></line><line number="296" hits="8" branch="false"/><line number="297" hits="8" branch="false"/><line number="306" hits="1333" branch="false"/><line number="308" hits="44" branch="false"/><line number="318" hits="44" branch="true" condition-coverage="100% (2/2)"><conditions><condition number="0" type="jump" coverage="100%"/></conditions></line><line number="321" hits="1" branch="false"/><line number="322" hits="1" branch="false"/><line number="324" hits="43" branch="true" condition-coverage="100% (2/2)"><conditions><condition number="0" type="jump" coverage="100%"/></conditions></line><line number="327" hits="20" branch="false"/><line number="328" hits="20" branch="true" condition-coverage="100% (2/2)"><conditions><condition number="0" type="jump" coverage="100%"/></conditions></line><line number="330" hits="1" branch="false"/><line number="331" hits="1" branch="false"/><line number="336" hits="23" branch="false"/><line number="338" hits="44" branch="false"/><line number="340" hits="30" branch="false"/><line number="342" hits="30" branch="false"/><line number="343" hits="30" branch="false"/><line number="345" hits="30" branch="true" condition-coverage="100% (2/2)"><conditions><condition number="0" type="jump" coverage="100%"/></conditions></line><line number="347" hits="15" branch="false"/><line number="349" hits="15" branch="true" condition-coverage="100% (4/4)"><conditions><condition number="0" type="jump" coverage="100%"/></conditions></line><line number="350" hits="13" branch="true" condition-coverage="100% (2/2)"><conditions><condition number="0" type="jump" coverage="100%"/></conditions></line><line number="354" hits="4" branch="false"/><line number="362" hits="30" branch="false"/><line number="366" hits="1711" branch="true" condition-coverage="100% (2/2)"><conditions><condition number="0" type="jump" coverage="100%"/></conditions></line><line number="368" hits="33" branch="false"/><line number="372" hits="1678" branch="false"/><line number="376" hits="1711" branch="false"/><line number="377" hits="1711" branch="false"/><line number="378" hits="1711" branch="true" condition-coverage="100% (4/4)"><conditions><condition number="0" type="jump" coverage="100%"/></conditions></line><line number="379" hits="1711" branch="false"/><line number="380" hits="1711" branch="false"/></lines></method></methods><lines><line number="31" hits="1711" branch="false"/><line number="33" hits="1711" branch="false"/><line number="35" hits="1711" branch="true" condition-coverage="100% (4/4)"><conditions><condition number="0" type="jump" coverage="100%"/></conditions></line><line number="36" hits="8" branch="false"/><line number="37" hits="8" branch="false"/><line number="38" hits="8" branch="false"/><line number="39" hits="2" branch="false"/><line number="40" hits="2" branch="false"/><line number="41" hits="2" branch="false"/><line number="42" hits="42" branch="false"/><line number="43" hits="42" branch="false"/><line number="44" hits="42" branch="false"/><line number="45" hits="1659" branch="false"/><line number="46" hits="1659" branch="false"/><line number="47" hits="1659" branch="false"/><line number="50" hits="1711" branch="false"/><line number="56" hits="1711" branch="false"/><line number="58" hits="1711" branch="false"/><line number="60" hits="1711" branch="true" condition-coverage="100% (4/4)"><conditions><condition number="0" type="jump" coverage="100%"/></conditions></line><line number="62" hits="1350" branch="false"/><line number="64" hits="361" branch="true" condition-coverage="100% (4/4)"><conditions><condition number="0" type="jump" coverage="100%"/></conditions></line><line number="66" hits="44" branch="false"/><line number="70" hits="317" branch="false"/><line number="73" hits="1711" branch="false"/><line number="81" hits="1720" branch="false"/><line number="84" hits="1720" branch="false"/><line number="87" hits="1720" branch="true" condition-coverage="100% (2/2)"><conditions><condition number="0" type="jump" coverage="100%"/></conditions></line><line number="89" hits="341" branch="false"/><line number="92" hits="1379" branch="true" condition-coverage="100% (2/2)"><conditions><condition number="0" type="jump" coverage="100%"/></conditions></line><line number="94" hits="2" branch="false"/><line number="97" hits="1377" branch="true" condition-coverage="100% (2/2)"><conditions><condition number="0" type="jump" coverage="100%"/></conditions></line><line number="99" hits="3" branch="false"/><line number="101" hits="1374" branch="true" condition-coverage="100% (2/2)"><conditions><condition number="0" type="jump" coverage="100%"/></conditions></line><line number="103" hits="1" branch="false"/><line number="105" hits="1373" branch="true" condition-coverage="100% (2/2)"><conditions><condition number="0" type="jump" coverage="100%"/></conditions></line><line number="107" hits="27" branch="false"/><line number="110" hits="1346" branch="true" condition-coverage="100% (2/2)"><conditions><condition number="0" type="jump" coverage="100%"/></conditions></line><line number="112" hits="104" branch="false"/><line number="114" hits="1242" branch="true" condition-coverage="100% (2/2)"><conditions><condition number="0" type="jump" coverage="100%"/></conditions></line><line number="116" hits="5" branch="false"/><line number="118" hits="1237" branch="true" condition-coverage="100% (2/2)"><conditions><condition number="0" type="jump" coverage="100%"/></conditions></line><line number="120" hits="1" branch="false"/><line number="122" hits="1236" branch="true" condition-coverage="100% (2/2)"><conditions><condition number="0" type="jump" coverage="100%"/></conditions></line><line number="124" hits="1211" branch="false"/><line number="128" hits="25" branch="false"/><line number="131" hits="1720" branch="false"/><line number="134" hits="36" branch="false"/><line number="136" hits="36" branch="true" condition-coverage="50% (1/2)"><conditions><condition number="0" type="jump" coverage="50%"/></conditions></line><line number="139" hits="36" branch="false"/><line number="140" hits="36" branch="false"/><line number="141" hits="36" branch="false"/><line number="142" hits="36" branch="false"/><line number="143" hits="36" branch="false"/><line number="144" hits="36" branch="false"/><line number="147" hits="36" branch="false"/><line number="148" hits="36" branch="false"/><line number="149" hits="36" branch="false"/><line number="151" hits="36" branch="false"/><line number="153" hits="1726" branch="false"/><line number="162" hits="1726" branch="false"/><line number="163" hits="1726" branch="false"/><line number="172" hits="1726" branch="true" condition-coverage="83% (5/6)"><conditions><condition number="0" type="jump" coverage="83%"/></conditions></line><line number="173" hits="1723" branch="true" condition-coverage="100% (4/4)"><conditions><condition number="0" type="jump" coverage="100%"/></conditions></line><line number="174" hits="1721" branch="true" condition-coverage="100% (2/2)"><conditions><condition number="0" type="jump" coverage="100%"/></conditions></line><line number="176" hits="6" branch="false"/><line number="184" hits="1720" branch="true" condition-coverage="100% (2/2)"><conditions><condition number="0" type="jump" coverage="100%"/></conditions></line><line number="186" hits="1720" branch="false"/><line number="196" hits="1720" branch="true" condition-coverage="50% (1/2)"><conditions><condition number="0" type="jump" coverage="50%"/></conditions></line><line number="198" hits="0" branch="false"/><line number="199" hits="0" branch="false"/><line number="202" hits="1720" branch="false"/><line number="205" hits="1720" branch="true" condition-coverage="100% (4/4)"><conditions><condition number="0" type="jump" coverage="100%"/></conditions></line><line number="207" hits="2" branch="false"/><line number="208" hits="2" branch="false"/><line number="209" hits="2" branch="false"/><line number="210" hits="2" branch="false"/><line number="211" hits="2" branch="false"/><line number="212" hits="2" branch="false"/><line number="213" hits="2" branch="false"/><line number="214" hits="2" branch="false"/><line number="215" hits="2" branch="false"/><line number="216" hits="2" branch="false"/><line number="223" hits="5152" branch="false"/><line number="224" hits="3432" branch="true" condition-coverage="100% (4/4)"><conditions><condition number="0" type="jump" coverage="100%"/></conditions></line><line number="225" hits="1714" branch="true" condition-coverage="100% (2/2)"><conditions><condition number="0" type="jump" coverage="100%"/></conditions></line><line number="227" hits="1718" branch="true" condition-coverage="100% (4/4)"><conditions><condition number="0" type="jump" coverage="100%"/></conditions></line><line number="229" hits="3" branch="false"/><line number="230" hits="3" branch="false"/><line number="231" hits="3" branch="false"/><line number="232" hits="3" branch="false"/><line number="233" hits="3" branch="false"/><line number="234" hits="3" branch="false"/><line number="235" hits="3" branch="false"/><line number="236" hits="3" branch="false"/><line number="237" hits="3" branch="false"/><line number="242" hits="3427" branch="true" condition-coverage="100% (2/2)"><conditions><condition number="0" type="jump" coverage="100%"/></conditions></line><line number="243" hits="1712" branch="true" condition-coverage="100% (2/2)"><conditions><condition number="0" type="jump" coverage="100%"/></conditions></line><line number="245" hits="1715" branch="true" condition-coverage="100% (2/2)"><conditions><condition number="0" type="jump" coverage="100%"/></conditions></line><line number="247" hits="4" branch="true" condition-coverage="100% (4/4)"><conditions><condition number="0" type="jump" coverage="100%"/></conditions></line><line number="249" hits="1" branch="false"/><line number="250" hits="1" branch="false"/><line number="254" hits="3" branch="false"/><line number="256" hits="4" branch="false"/><line number="257" hits="4" branch="false"/><line number="258" hits="4" branch="false"/><line number="259" hits="4" branch="false"/><line number="260" hits="4" branch="false"/><line number="264" hits="1711" branch="false"/><line number="266" hits="1711" branch="true" condition-coverage="100% (4/4)"><conditions><condition number="0" type="jump" coverage="100%"/></conditions></line><line number="268" hits="304" branch="false"/><line number="269" hits="304" branch="false"/><line number="270" hits="304" branch="true" condition-coverage="100% (2/2)"><conditions><condition number="0" type="jump" coverage="100%"/></conditions></line><line number="271" hits="303" branch="true" condition-coverage="100% (2/2)"><conditions><condition number="0" type="jump" coverage="100%"/></conditions></line><line number="273" hits="2" branch="false"/><line number="274" hits="2" branch="false"/><line number="276" hits="304" branch="false"/><line number="278" hits="1333" branch="false"/><line number="279" hits="1333" branch="false"/><line number="280" hits="1333" branch="true" condition-coverage="100% (2/2)"><conditions><condition number="0" type="jump" coverage="100%"/></conditions></line><line number="282" hits="50" branch="false"/><line number="283" hits="50" branch="true" condition-coverage="100% (2/2)"><conditions><condition number="0" type="jump" coverage="100%"/></conditions></line><line number="285" hits="2" branch="false"/><line number="286" hits="2" branch="false"/><line number="287" hits="2" branch="false"/><line number="290" hits="1283" branch="true" condition-coverage="100% (4/4)"><conditions><condition number="0" type="jump" coverage="100%"/></conditions></line><line number="291" hits="1279" branch="true" condition-coverage="100% (2/2)"><conditions><condition number="0" type="jump" coverage="100%"/></conditions></line><line number="294" hits="88" branch="true" condition-coverage="100% (2/2)"><conditions><condition number="0" type="jump" coverage="100%"/></conditions></line><line number="296" hits="8" branch="false"/><line number="297" hits="8" branch="false"/><line number="306" hits="1333" branch="false"/><line number="308" hits="44" branch="false"/><line number="318" hits="44" branch="true" condition-coverage="100% (2/2)"><conditions><condition number="0" type="jump" coverage="100%"/></conditions></line><line number="321" hits="1" branch="false"/><line number="322" hits="1" branch="false"/><line number="324" hits="43" branch="true" condition-coverage="100% (2/2)"><conditions><condition number="0" type="jump" coverage="100%"/></conditions></line><line number="327" hits="20" branch="false"/><line number="328" hits="20" branch="true" condition-coverage="100% (2/2)"><conditions><condition number="0" type="jump" coverage="100%"/></conditions></line><line number="330" hits="1" branch="false"/><line number="331" hits="1" branch="false"/><line number="336" hits="23" branch="false"/><line number="338" hits="44" branch="false"/><line number="340" hits="30" branch="false"/><line number="342" hits="30" branch="false"/><line number="343" hits="30" branch="false"/><line number="345" hits="30" branch="true" condition-coverage="100% (2/2)"><conditions><condition number="0" type="jump" coverage="100%"/></conditions></line><line number="347" hits="15" branch="false"/><line number="349" hits="15" branch="true" condition-coverage="100% (4/4)"><conditions><condition number="0" type="jump" coverage="100%"/></conditions></line><line number="350" hits="13" branch="true" condition-coverage="100% (2/2)"><conditions><condition number="0" type="jump" coverage="100%"/></conditions></line><line number="354" hits="4" branch="false"/><line number="362" hits="30" branch="false"/><line number="366" hits="1711" branch="true" condition-coverage="100% (2/2)"><conditions><condition number="0" type="jump" coverage="100%"/></conditions></line><line number="368" hits="33" branch="false"/><line number="372" hits="1678" branch="false"/><line number="376" hits="1711" branch="false"/><line number="377" hits="1711" branch="false"/><line number="378" hits="1711" branch="true" condition-coverage="100% (4/4)"><conditions><condition number="0" type="jump" coverage="100%"/></conditions></line><line number="379" hits="1711" branch="false"/><line number="380" hits="1711" branch="false"/></lines></class><class name="aeb_ttc_c" filename="src/decision/aeb_ttc.c" line-rate="0.9047619047619048" branch-rate="0.875" complexity="0.0"><methods><method name="ttc_calc" signature="" line-rate="1.0" branch-rate="1.0" complexity="0.0"><lines><line number="14" hits="6" branch="false"/><line number="16" hits="6" branch="false"/><line number="19" hits="6" branch="true" condition-coverage="100% (2/2)"><conditions><condition number="0" type="jump" coverage="100%"/></conditions></line><line number="22" hits="4" branch="true" condition-coverage="100% (2/2)"><conditions><condition number="0" type="jump" coverage="100%"/></conditions></line><line number="24" hits="3" branch="false"/><line number="33" hits="3" branch="true" condition-coverage="100% (2/2)"><conditions><condition number="0" type="jump" coverage="100%"/></conditions></line><line number="35" hits="1" branch="false"/><line number="40" hits="6" branch="false"/></lines></method><method name="d_brake_calc" signature="" line-rate="0.7142857142857143" branch-rate="0.5" complexity="0.0"><lines><line number="43" hits="5" branch="false"/><line number="50" hits="5" branch="true" condition-coverage="50% (1/2)"><conditions><condition number="0" type="jump" coverage="50%"/></conditions></line><line number="52" hits="0" branch="false"/><line number="56" hits="5" branch="false"/><line number="64" hits="5" branch="true" condition-coverage="50% (1/2)"><conditions><condition number="0" type="jump" coverage="50%"/></conditions></line><line number="66" hits="0" branch="false"/><line number="69" hits="5" branch="false"/></lines></method><method name="ttc_process" signature="" line-rate="1.0" branch-rate="1.0" complexity="0.0"><lines><line number="72" hits="5" branch="false"/><line number="76" hits="5" branch="true" condition-coverage="100% (4/4)"><conditions><condition number="0" type="jump" coverage="100%"/></conditions></line><line number="78" hits="2" branch="false"/><line number="83" hits="3" branch="true" condition-coverage="100% (2/2)"><conditions><condition number="0" type="jump" coverage="100%"/></conditions></line><line number="86" hits="3" branch="false"/><line number="87" hits="3" branch="false"/></lines></method></methods><lines><line number="14" hits="6" branch="false"/><line number="16" hits="6" branch="false"/><line number="19" hits="6" branch="true" condition-coverage="100% (2/2)"><conditions><condition number="0" type="jump" coverage="100%"/></conditions></line><line number="22" hits="4" branch="true" condition-coverage="100% (2/2)"><conditions><condition number="0" type="jump" coverage="100%"/></conditions></line><line number="24" hits="3" branch="false"/><line number="33" hits="3" branch="true" condition-coverage="100% (2/2)"><conditions><condition number="0" type="jump" coverage="100%"/></conditions></line><line number="35" hits="1" branch="false"/><line number="40" hits="6" branch="false"/><line number="43" hits="5" branch="false"/><line number="50" hits="5" branch="true" condition-coverage="50% (1/2)"><conditions><condition number="0" type="jump" coverage="50%"/></conditions></line><line number="52" hits="0" branch="false"/><line number="56" hits="5" branch="false"/><line number="64" hits="5" branch="true" condition-coverage="50% (1/2)"><conditions><condition number="0" type="jump" coverage="50%"/></conditions></line><line number="66" hits="0" branch="false"/><line number="69" hits="5" branch="false"/><line number="72" hits="5" branch="false"/><line number="76" hits="5" branch="true" condition-coverage="100% (4/4)"><conditions><condition number="0" type="jump" coverage="100%"/></conditions></line><line number="78" hits="2" branch="false"/><line number="83" hits="3" branch="true" condition-coverage="100% (2/2)"><conditions><condition number="0" type="jump" coverage="100%"/></conditions></line><line number="86" hits="3" branch="false"/><line number="87" hits="3" branch="false"/></lines></class></classes></package></packages></coverage>