TN:
SF:/home/runner/work/AEB-stellantis-project/AEB-stellantis-project/src/communication/aeb_uds.c
FN:159,167,uds_handle_clear_dtc
FN:177,219,uds_handle_routine_ctrl
FN:225,231,uds_init
FN:233,253,uds_monitor_faults
FN:255,297,uds_process_request
FN:29,39,uds_clear_response
FN:299,318,uds_get_output
FN:44,51,uds_send_negative
FN:67,149,uds_handle_read_did
FNDA:3,uds_handle_clear_dtc
FNDA:106,uds_handle_routine_ctrl
FNDA:47,uds_init
FNDA:10,uds_monitor_faults
FNDA:139,uds_process_request
FNDA:139,uds_clear_response
FNDA:20,uds_get_output
FNDA:23,uds_send_negative
FNDA:26,uds_handle_read_did
FNF:9
FNH:9
BRDA:79,0,0,13
BRDA:79,0,1,2
BRDA:79,0,2,10
BRDA:79,0,3,1
BRDA:87,0,0,8
BRDA:87,0,1,5
BRDA:88,0,0,6
BRDA:88,0,1,2
BRDA:89,0,0,3
BRDA:89,0,1,3
BRDA:121,0,0,6
BRDA:121,0,1,4
BRDA:122,0,0,4
BRDA:122,0,1,2
BRDA:123,0,0,2
BRDA:123,0,1,2
BRDA:186,0,0,105
BRDA:186,0,1,1
BRDA:188,0,0,52
BRDA:188,0,1,53
BRDA:197,0,0,52
BRDA:197,0,1,1
BRDA:239,0,0,6
BRDA:239,0,1,4
BRDA:244,0,0,4
BRDA:244,0,1,6
BRDA:249,0,0,3
BRDA:249,0,1,7
BRDA:265,0,0,137
BRDA:265,0,1,2
BRDA:267,0,0,26
BRDA:267,0,1,3
BRDA:267,0,2,106
BRDA:267,0,3,2
BRDA:311,0,0,6
BRDA:311,0,1,14
BRDA:312,0,0,5
BRDA:312,0,1,15
BRDA:313,0,0,4
BRDA:313,0,1,16
BRDA:315,0,0,17
BRDA:315,0,1,3
BRDA:317,0,0,9
BRDA:317,0,1,11
BRF:44
BRH:44
DA:29,139
DA:31,139
DA:32,139
DA:33,139
DA:34,139
DA:35,139
DA:36,139
DA:37,139
DA:38,139
DA:39,139
DA:44,23
DA:48,23
DA:49,23
DA:50,23
DA:51,23
DA:67,26
DA:74,26
DA:76,26
DA:77,26
DA:79,26
DA:81,13
DA:87,13
DA:88,8
DA:89,6
DA:91,10
DA:94,10
DA:97,3
DA:99,3
DA:100,3
DA:101,3
DA:102,3
DA:103,3
DA:104,3
DA:107,2
DA:109,2
DA:110,2
DA:111,2
DA:112,2
DA:113,2
DA:116,10
DA:121,10
DA:122,6
DA:123,4
DA:125,8
DA:128,8
DA:131,2
DA:133,2
DA:134,2
DA:135,2
DA:136,2
DA:137,2
DA:138,2
DA:141,1
DA:143,1
DA:146,1
DA:149,26
DA:159,3
DA:162,3
DA:163,3
DA:164,3
DA:166,3
DA:167,3
DA:177,106
DA:183,106
DA:184,106
DA:186,106
DA:188,105
DA:190,52
DA:192,52
DA:193,52
DA:194,52
DA:195,52
DA:197,53
DA:199,52
DA:201,52
DA:202,52
DA:203,52
DA:204,52
DA:208,1
DA:215,1
DA:219,106
DA:225,47
DA:227,47
DA:228,47
DA:229,47
DA:230,47
DA:231,47
DA:233,10
DA:239,10
DA:241,6
DA:244,10
DA:246,4
DA:249,10
DA:251,3
DA:253,10
DA:255,139
DA:262,139
DA:265,139
DA:267,137
DA:269,26
DA:271,26
DA:273,26
DA:276,3
DA:278,3
DA:279,3
DA:282,106
DA:284,106
DA:285,106
DA:288,2
DA:290,2
DA:291,2
DA:293,2
DA:297,139
DA:299,20
DA:311,20
DA:312,20
DA:313,20
DA:315,20
DA:316,20
DA:317,20
DA:318,20
LF:121
LH:121
end_of_record
