TN:
SF:/home/runner/work/AEB-stellantis-project/AEB-stellantis-project/src/communication/aeb_uds.c
FN:131,139,uds_handle_clear_dtc
FN:149,191,uds_handle_routine_ctrl
FN:197,203,uds_init
FN:205,225,uds_monitor_faults
FN:227,269,uds_process_request
FN:271,288,uds_get_output
FN:28,38,uds_clear_response
FN:43,50,uds_send_negative
FN:66,121,uds_handle_read_did
FNDA:2,uds_handle_clear_dtc
FNDA:6,uds_handle_routine_ctrl
FNDA:23,uds_init
FNDA:9,uds_monitor_faults
FNDA:19,uds_process_request
FNDA:15,uds_get_output
FNDA:19,uds_clear_response
FNDA:4,uds_send_negative
FNDA:8,uds_handle_read_did
FNF:9
FNH:9
BRDA:78,0,0,3
BRDA:78,0,1,2
BRDA:78,0,2,2
BRDA:78,0,3,1
BRDA:158,0,0,5
BRDA:158,0,1,1
BRDA:160,0,0,2
BRDA:160,0,1,3
BRDA:169,0,0,2
BRDA:169,0,1,1
BRDA:211,0,0,5
BRDA:211,0,1,4
BRDA:216,0,0,4
BRDA:216,0,1,5
BRDA:221,0,0,3
BRDA:221,0,1,6
BRDA:237,0,0,17
BRDA:237,0,1,2
BRDA:239,0,0,8
BRDA:239,0,1,2
BRDA:239,0,2,6
BRDA:239,0,3,1
BRDA:280,0,0,7
BRDA:280,0,1,8
BRF:24
BRH:24
DA:28,19
DA:30,19
DA:31,19
DA:32,19
DA:33,19
DA:34,19
DA:35,19
DA:36,19
DA:37,19
DA:38,19
DA:43,4
DA:47,4
DA:48,4
DA:49,4
DA:50,4
DA:66,8
DA:73,8
DA:75,8
DA:76,8
DA:78,8
DA:80,3
DA:82,3
DA:84,3
DA:85,3
DA:86,3
DA:87,3
DA:88,3
DA:89,3
DA:92,2
DA:94,2
DA:95,2
DA:96,2
DA:97,2
DA:98,2
DA:101,2
DA:103,2
DA:105,2
DA:106,2
DA:107,2
DA:108,2
DA:109,2
DA:110,2
DA:113,1
DA:115,1
DA:118,1
DA:121,8
DA:131,2
DA:134,2
DA:135,2
DA:136,2
DA:138,2
DA:139,2
DA:149,6
DA:155,6
DA:156,6
DA:158,6
DA:160,5
DA:162,2
DA:164,2
DA:165,2
DA:166,2
DA:167,2
DA:169,3
DA:171,2
DA:173,2
DA:174,2
DA:175,2
DA:176,2
DA:180,1
DA:187,1
DA:191,6
DA:197,23
DA:199,23
DA:200,23
DA:201,23
DA:202,23
DA:203,23
DA:205,9
DA:211,9
DA:213,5
DA:216,9
DA:218,4
DA:221,9
DA:223,3
DA:225,9
DA:227,19
DA:234,19
DA:237,19
DA:239,17
DA:241,8
DA:243,8
DA:245,8
DA:248,2
DA:250,2
DA:251,2
DA:254,6
DA:256,6
DA:257,6
DA:260,1
DA:262,1
DA:263,1
DA:265,1
DA:269,19
DA:271,15
DA:275,15
DA:277,15
DA:278,15
DA:280,15
DA:282,7
DA:286,8
DA:288,15
LF:111
LH:111
end_of_record
TN:
SF:/home/runner/work/AEB-stellantis-project/AEB-stellantis-project/tests/test_uds.c
FN:102,120,test_read_did_ttc
FN:123,135,test_read_did_fsm_state
FN:138,154,test_read_did_brake_pressure
FN:157,169,test_read_did_unsupported
FN:176,196,test_clear_dtc
FN:203,218,test_routine_disable_aeb
FN:221,238,test_routine_enable_aeb
FN:241,252,test_routine_invalid_value
FN:255,266,test_routine_unsupported_rid
FN:273,281,test_dtc_sensor_fault
FN:284,291,test_dtc_crc_error
FN:294,301,test_dtc_actuator_fault
FN:304,313,test_dtc_latch_persists
FN:316,323,test_dtc_multiple_faults
FN:330,340,test_unsupported_sid
FN:343,351,test_empty_request
FN:358,372,test_ttc_zero
FN:375,389,test_ttc_max
FN:392,406,test_brake_pressure_max
FN:409,420,test_fsm_state_post_brake
FN:423,453,test_enable_disable_cycle
FN:456,473,test_dtc_clear_then_refault
FN:479,528,main
FN:71,80,reset
FN:87,95,test_init_defaults
FNDA:1,test_read_did_ttc
FNDA:1,test_read_did_fsm_state
FNDA:1,test_read_did_brake_pressure
FNDA:1,test_read_did_unsupported
FNDA:1,test_clear_dtc
FNDA:1,test_routine_disable_aeb
FNDA:1,test_routine_enable_aeb
FNDA:1,test_routine_invalid_value
FNDA:1,test_routine_unsupported_rid
FNDA:1,test_dtc_sensor_fault
FNDA:1,test_dtc_crc_error
FNDA:1,test_dtc_actuator_fault
FNDA:1,test_dtc_latch_persists
FNDA:1,test_dtc_multiple_faults
FNDA:1,test_unsupported_sid
FNDA:1,test_empty_request
FNDA:1,test_ttc_zero
FNDA:1,test_ttc_max
FNDA:1,test_brake_pressure_max
FNDA:1,test_fsm_state_post_brake
FNDA:1,test_enable_disable_cycle
FNDA:1,test_dtc_clear_then_refault
FNDA:1,main
FNDA:23,reset
FNDA:1,test_init_defaults
FNF:25
FNH:25
BRDA:92,0,0,0
BRDA:92,0,1,1
BRDA:92,0,2,0
BRDA:92,0,3,0
BRDA:93,0,0,0
BRDA:93,0,1,1
BRDA:93,0,2,0
BRDA:93,0,3,0
BRDA:94,0,0,0
BRDA:94,0,1,1
BRDA:94,0,2,0
BRDA:94,0,3,0
BRDA:114,0,0,0
BRDA:114,0,1,1
BRDA:114,0,2,0
BRDA:114,0,3,0
BRDA:115,0,0,0
BRDA:115,0,1,1
BRDA:115,0,2,0
BRDA:115,0,3,0
BRDA:116,0,0,0
BRDA:116,0,1,1
BRDA:116,0,2,0
BRDA:116,0,3,0
BRDA:119,0,0,0
BRDA:119,0,1,1
BRDA:119,0,2,0
BRDA:119,0,3,0
BRDA:133,0,0,0
BRDA:133,0,1,1
BRDA:133,0,2,0
BRDA:133,0,3,0
BRDA:134,0,0,0
BRDA:134,0,1,1
BRDA:134,0,2,0
BRDA:134,0,3,0
BRDA:150,0,0,0
BRDA:150,0,1,1
BRDA:150,0,2,0
BRDA:150,0,3,0
BRDA:153,0,0,0
BRDA:153,0,1,1
BRDA:153,0,2,0
BRDA:153,0,3,0
BRDA:166,0,0,0
BRDA:166,0,1,1
BRDA:166,0,2,0
BRDA:166,0,3,0
BRDA:167,0,0,0
BRDA:167,0,1,1
BRDA:167,0,2,0
BRDA:167,0,3,0
BRDA:168,0,0,0
BRDA:168,0,1,1
BRDA:168,0,2,0
BRDA:168,0,3,0
BRDA:183,0,0,0
BRDA:183,0,1,1
BRDA:183,0,2,0
BRDA:183,0,3,0
BRDA:184,0,0,0
BRDA:184,0,1,1
BRDA:184,0,2,0
BRDA:184,0,3,0
BRDA:190,0,0,0
BRDA:190,0,1,1
BRDA:190,0,2,0
BRDA:190,0,3,0
BRDA:194,0,0,0
BRDA:194,0,1,1
BRDA:194,0,2,0
BRDA:194,0,3,0
BRDA:195,0,0,0
BRDA:195,0,1,1
BRDA:195,0,2,0
BRDA:195,0,3,0
BRDA:213,0,0,0
BRDA:213,0,1,1
BRDA:213,0,2,0
BRDA:213,0,3,0
BRDA:214,0,0,0
BRDA:214,0,1,1
BRDA:214,0,2,0
BRDA:214,0,3,0
BRDA:217,0,0,0
BRDA:217,0,1,1
BRDA:217,0,2,0
BRDA:217,0,3,0
BRDA:233,0,0,0
BRDA:233,0,1,1
BRDA:233,0,2,0
BRDA:233,0,3,0
BRDA:234,0,0,0
BRDA:234,0,1,1
BRDA:234,0,2,0
BRDA:234,0,3,0
BRDA:237,0,0,0
BRDA:237,0,1,1
BRDA:237,0,2,0
BRDA:237,0,3,0
BRDA:251,0,0,0
BRDA:251,0,1,1
BRDA:251,0,2,0
BRDA:251,0,3,0
BRDA:265,0,0,0
BRDA:265,0,1,1
BRDA:265,0,2,0
BRDA:265,0,3,0
BRDA:279,0,0,0
BRDA:279,0,1,1
BRDA:279,0,2,0
BRDA:279,0,3,0
BRDA:280,0,0,0
BRDA:280,0,1,1
BRDA:280,0,2,0
BRDA:280,0,3,0
BRDA:290,0,0,0
BRDA:290,0,1,1
BRDA:290,0,2,0
BRDA:290,0,3,0
BRDA:300,0,0,0
BRDA:300,0,1,1
BRDA:300,0,2,0
BRDA:300,0,3,0
BRDA:311,0,0,0
BRDA:311,0,1,1
BRDA:311,0,2,0
BRDA:311,0,3,0
BRDA:312,0,0,0
BRDA:312,0,1,1
BRDA:312,0,2,0
BRDA:312,0,3,0
BRDA:322,0,0,0
BRDA:322,0,1,1
BRDA:322,0,2,0
BRDA:322,0,3,0
BRDA:337,0,0,0
BRDA:337,0,1,1
BRDA:337,0,2,0
BRDA:337,0,3,0
BRDA:338,0,0,0
BRDA:338,0,1,1
BRDA:338,0,2,0
BRDA:338,0,3,0
BRDA:339,0,0,0
BRDA:339,0,1,1
BRDA:339,0,2,0
BRDA:339,0,3,0
BRDA:350,0,0,0
BRDA:350,0,1,1
BRDA:350,0,2,0
BRDA:350,0,3,0
BRDA:371,0,0,0
BRDA:371,0,1,1
BRDA:371,0,2,0
BRDA:371,0,3,0
BRDA:388,0,0,0
BRDA:388,0,1,1
BRDA:388,0,2,0
BRDA:388,0,3,0
BRDA:405,0,0,0
BRDA:405,0,1,1
BRDA:405,0,2,0
BRDA:405,0,3,0
BRDA:419,0,0,0
BRDA:419,0,1,1
BRDA:419,0,2,0
BRDA:419,0,3,0
BRDA:435,0,0,0
BRDA:435,0,1,1
BRDA:435,0,2,0
BRDA:435,0,3,0
BRDA:442,0,0,0
BRDA:442,0,1,1
BRDA:442,0,2,0
BRDA:442,0,3,0
BRDA:452,0,0,0
BRDA:452,0,1,1
BRDA:452,0,2,0
BRDA:452,0,3,0
BRDA:466,0,0,0
BRDA:466,0,1,1
BRDA:466,0,2,0
BRDA:466,0,3,0
BRDA:471,0,0,0
BRDA:471,0,1,1
BRDA:471,0,2,0
BRDA:471,0,3,0
BRDA:472,0,0,0
BRDA:472,0,1,1
BRDA:472,0,2,0
BRDA:472,0,3,0
BRF:192
BRH:48
DA:71,23
DA:73,23
DA:74,23
DA:75,23
DA:76,23
DA:77,23
DA:78,23
DA:79,23
DA:80,23
DA:87,1
DA:89,1
DA:90,1
DA:92,1
DA:93,1
DA:94,1
DA:95,1
DA:102,1
DA:106,1
DA:107,1
DA:108,1
DA:109,1
DA:110,1
DA:112,1
DA:114,1
DA:115,1
DA:116,1
DA:118,1
DA:119,1
DA:120,1
DA:123,1
DA:125,1
DA:126,1
DA:127,1
DA:128,1
DA:129,1
DA:131,1
DA:133,1
DA:134,1
DA:135,1
DA:138,1
DA:142,1
DA:143,1
DA:144,1
DA:145,1
DA:146,1
DA:148,1
DA:150,1
DA:152,1
DA:153,1
DA:154,1
DA:157,1
DA:159,1
DA:160,1
DA:161,1
DA:162,1
DA:164,1
DA:166,1
DA:167,1
DA:168,1
DA:169,1
DA:176,1
DA:178,1
DA:181,1
DA:182,1
DA:183,1
DA:184,1
DA:187,1
DA:188,1
DA:190,1
DA:193,1
DA:194,1
DA:195,1
DA:196,1
DA:203,1
DA:205,1
DA:206,1
DA:207,1
DA:208,1
DA:209,1
DA:211,1
DA:213,1
DA:214,1
DA:216,1
DA:217,1
DA:218,1
DA:221,1
DA:223,1
DA:224,1
DA:226,1
DA:227,1
DA:228,1
DA:229,1
DA:231,1
DA:233,1
DA:234,1
DA:236,1
DA:237,1
DA:238,1
DA:241,1
DA:243,1
DA:244,1
DA:245,1
DA:246,1
DA:247,1
DA:249,1
DA:251,1
DA:252,1
DA:255,1
DA:257,1
DA:258,1
DA:259,1
DA:260,1
DA:261,1
DA:263,1
DA:265,1
DA:266,1
DA:273,1
DA:275,1
DA:276,1
DA:277,1
DA:279,1
DA:280,1
DA:281,1
DA:284,1
DA:286,1
DA:287,1
DA:288,1
DA:290,1
DA:291,1
DA:294,1
DA:296,1
DA:297,1
DA:298,1
DA:300,1
DA:301,1
DA:304,1
DA:306,1
DA:307,1
DA:308,1
DA:310,1
DA:311,1
DA:312,1
DA:313,1
DA:316,1
DA:318,1
DA:319,1
DA:320,1
DA:322,1
DA:323,1
DA:330,1
DA:332,1
DA:333,1
DA:335,1
DA:337,1
DA:338,1
DA:339,1
DA:340,1
DA:343,1
DA:345,1
DA:346,1
DA:348,1
DA:350,1
DA:351,1
DA:358,1
DA:362,1
DA:363,1
DA:364,1
DA:365,1
DA:366,1
DA:368,1
DA:370,1
DA:371,1
DA:372,1
DA:375,1
DA:379,1
DA:380,1
DA:381,1
DA:382,1
DA:383,1
DA:385,1
DA:387,1
DA:388,1
DA:389,1
DA:392,1
DA:396,1
DA:397,1
DA:398,1
DA:399,1
DA:400,1
DA:402,1
DA:404,1
DA:405,1
DA:406,1
DA:409,1
DA:411,1
DA:412,1
DA:413,1
DA:414,1
DA:415,1
DA:417,1
DA:419,1
DA:420,1
DA:423,1
DA:425,1
DA:428,1
DA:429,1
DA:430,1
DA:431,1
DA:432,1
DA:434,1
DA:435,1
DA:438,1
DA:439,1
DA:441,1
DA:442,1
DA:445,1
DA:446,1
DA:447,1
DA:448,1
DA:449,1
DA:451,1
DA:452,1
DA:453,1
DA:456,1
DA:458,1
DA:460,1
DA:462,1
DA:463,1
DA:465,1
DA:466,1
DA:468,1
DA:470,1
DA:471,1
DA:472,1
DA:473,1
DA:479,1
DA:481,1
DA:482,1
DA:483,1
DA:486,1
DA:489,1
DA:490,1
DA:491,1
DA:492,1
DA:495,1
DA:498,1
DA:499,1
DA:500,1
DA:501,1
DA:504,1
DA:505,1
DA:506,1
DA:507,1
DA:508,1
DA:511,1
DA:512,1
DA:515,1
DA:516,1
DA:517,1
DA:518,1
DA:519,1
DA:520,1
DA:522,1
DA:523,1
DA:525,1
DA:527,1
LF:266
LH:266
end_of_record
