TN:
SF:/home/runner/work/AEB-stellantis-project/AEB-stellantis-project/src/communication/aeb_uds.c
FN:159,167,uds_handle_clear_dtc
FN:177,219,uds_handle_routine_ctrl
FN:225,231,uds_init
FN:233,253,uds_monitor_faults
FN:255,297,uds_process_request
FN:29,39,uds_clear_response
FN:299,318,uds_get_output
FN:44,51,uds_send_negative
FN:67,149,uds_handle_read_did
FNDA:2,uds_handle_clear_dtc
FNDA:6,uds_handle_routine_ctrl
FNDA:23,uds_init
FNDA:9,uds_monitor_faults
FNDA:19,uds_process_request
FNDA:19,uds_clear_response
FNDA:15,uds_get_output
FNDA:4,uds_send_negative
FNDA:8,uds_handle_read_did
FNF:9
FNH:9
BRDA:79,0,0,3
BRDA:79,0,1,2
BRDA:79,0,2,2
BRDA:79,0,3,1
BRDA:87,0,0,3
BRDA:87,0,1,0
BRDA:88,0,0,3
BRDA:88,0,1,0
BRDA:89,0,0,0
BRDA:89,0,1,3
BRDA:121,0,0,2
BRDA:121,0,1,0
BRDA:122,0,0,2
BRDA:122,0,1,0
BRDA:123,0,0,0
BRDA:123,0,1,2
BRDA:186,0,0,5
BRDA:186,0,1,1
BRDA:188,0,0,2
BRDA:188,0,1,3
BRDA:197,0,0,2
BRDA:197,0,1,1
BRDA:239,0,0,5
BRDA:239,0,1,4
BRDA:244,0,0,4
BRDA:244,0,1,5
BRDA:249,0,0,3
BRDA:249,0,1,6
BRDA:265,0,0,17
BRDA:265,0,1,2
BRDA:267,0,0,8
BRDA:267,0,1,2
BRDA:267,0,2,6
BRDA:267,0,3,1
BRDA:311,0,0,4
BRDA:311,0,1,11
BRDA:312,0,0,4
BRDA:312,0,1,11
BRDA:313,0,0,3
BRDA:313,0,1,12
BRDA:315,0,0,12
BRDA:315,0,1,3
BRDA:317,0,0,7
BRDA:317,0,1,8
BRF:44
BRH:38
DA:29,19
DA:31,19
DA:32,19
DA:33,19
DA:34,19
DA:35,19
DA:36,19
DA:37,19
DA:38,19
DA:39,19
DA:44,4
DA:48,4
DA:49,4
DA:50,4
DA:51,4
DA:67,8
DA:74,8
DA:76,8
DA:77,8
DA:79,8
DA:81,3
DA:87,3
DA:88,3
DA:89,3
DA:91,0
DA:94,0
DA:97,3
DA:99,3
DA:100,3
DA:101,3
DA:102,3
DA:103,3
DA:104,3
DA:107,2
DA:109,2
DA:110,2
DA:111,2
DA:112,2
DA:113,2
DA:116,2
DA:121,2
DA:122,2
DA:123,2
DA:125,0
DA:128,0
DA:131,2
DA:133,2
DA:134,2
DA:135,2
DA:136,2
DA:137,2
DA:138,2
DA:141,1
DA:143,1
DA:146,1
DA:149,8
DA:159,2
DA:162,2
DA:163,2
DA:164,2
DA:166,2
DA:167,2
DA:177,6
DA:183,6
DA:184,6
DA:186,6
DA:188,5
DA:190,2
DA:192,2
DA:193,2
DA:194,2
DA:195,2
DA:197,3
DA:199,2
DA:201,2
DA:202,2
DA:203,2
DA:204,2
DA:208,1
DA:215,1
DA:219,6
DA:225,23
DA:227,23
DA:228,23
DA:229,23
DA:230,23
DA:231,23
DA:233,9
DA:239,9
DA:241,5
DA:244,9
DA:246,4
DA:249,9
DA:251,3
DA:253,9
DA:255,19
DA:262,19
DA:265,19
DA:267,17
DA:269,8
DA:271,8
DA:273,8
DA:276,2
DA:278,2
DA:279,2
DA:282,6
DA:284,6
DA:285,6
DA:288,1
DA:290,1
DA:291,1
DA:293,1
DA:297,19
DA:299,15
DA:311,15
DA:312,15
DA:313,15
DA:315,15
DA:316,15
DA:317,15
DA:318,15
LF:121
LH:117
end_of_record
