TN:
SF:/home/runner/work/AEB-stellantis-project/AEB-stellantis-project/src/communication/aeb_uds.c
FN:159,167,uds_handle_clear_dtc
FN:177,219,uds_handle_routine_ctrl
FN:225,231,uds_init
FN:233,253,uds_monitor_faults
FN:255,297,uds_process_request
FN:29,39,uds_clear_response
FN:299,318,uds_get_output
FN:44,51,uds_send_negative
FN:67,149,uds_handle_read_did
FNDA:3,uds_handle_clear_dtc
FNDA:106,uds_handle_routine_ctrl
FNDA:47,uds_init
FNDA:10,uds_monitor_faults
FNDA:139,uds_process_request
FNDA:139,uds_clear_response
FNDA:20,uds_get_output
FNDA:23,uds_send_negative
FNDA:26,uds_handle_read_did
FNF:9
FNH:9
BRDA:79,0,0,13
BRDA:79,0,1,2
BRDA:79,0,2,10
BRDA:79,0,3,1
BRDA:87,0,0,8
BRDA:87,0,1,5
BRDA:88,0,0,6
BRDA:88,0,1,2
BRDA:89,0,0,3
BRDA:89,0,1,3
BRDA:121,0,0,6
BRDA:121,0,1,4
BRDA:122,0,0,4
BRDA:122,0,1,2
BRDA:123,0,0,2
BRDA:123,0,1,2
BRDA:186,0,0,105
BRDA:186,0,1,1
BRDA:188,0,0,52
BRDA:188,0,1,53
BRDA:197,0,0,52
BRDA:197,0,1,1
BRDA:239,0,0,6
BRDA:239,0,1,4
BRDA:244,0,0,4
BRDA:244,0,1,6
BRDA:249,0,0,3
BRDA:249,0,1,7
BRDA:265,0,0,137
BRDA:265,0,1,2
BRDA:267,0,0,26
BRDA:267,0,1,3
BRDA:267,0,2,106
BRDA:267,0,3,2
BRDA:311,0,0,6
BRDA:311,0,1,14
BRDA:312,0,0,5
BRDA:312,0,1,15
BRDA:313,0,0,4
BRDA:313,0,1,16
BRDA:315,0,0,17
BRDA:315,0,1,3
BRDA:317,0,0,9
BRDA:317,0,1,11
BRF:44
BRH:44
DA:29,139
DA:31,139
DA:32,139
DA:33,139
DA:34,139
DA:35,139
DA:36,139
DA:37,139
DA:38,139
DA:39,139
DA:44,23
DA:48,23
DA:49,23
DA:50,23
DA:51,23
DA:67,26
DA:74,26
DA:76,26
DA:77,26
DA:79,26
DA:81,13
DA:87,13
DA:88,8
DA:89,6
DA:91,10
DA:94,10
DA:97,3
DA:99,3
DA:100,3
DA:101,3
DA:102,3
DA:103,3
DA:104,3
DA:107,2
DA:109,2
DA:110,2
DA:111,2
DA:112,2
DA:113,2
DA:116,10
DA:121,10
DA:122,6
DA:123,4
DA:125,8
DA:128,8
DA:131,2
DA:133,2
DA:134,2
DA:135,2
DA:136,2
DA:137,2
DA:138,2
DA:141,1
DA:143,1
DA:146,1
DA:149,26
DA:159,3
DA:162,3
DA:163,3
DA:164,3
DA:166,3
DA:167,3
DA:177,106
DA:183,106
DA:184,106
DA:186,106
DA:188,105
DA:190,52
DA:192,52
DA:193,52
DA:194,52
DA:195,52
DA:197,53
DA:199,52
DA:201,52
DA:202,52
DA:203,52
DA:204,52
DA:208,1
DA:215,1
DA:219,106
DA:225,47
DA:227,47
DA:228,47
DA:229,47
DA:230,47
DA:231,47
DA:233,10
DA:239,10
DA:241,6
DA:244,10
DA:246,4
DA:249,10
DA:251,3
DA:253,10
DA:255,139
DA:262,139
DA:265,139
DA:267,137
DA:269,26
DA:271,26
DA:273,26
DA:276,3
DA:278,3
DA:279,3
DA:282,106
DA:284,106
DA:285,106
DA:288,2
DA:290,2
DA:291,2
DA:293,2
DA:297,139
DA:299,20
DA:311,20
DA:312,20
DA:313,20
DA:315,20
DA:316,20
DA:317,20
DA:318,20
LF:121
LH:121
end_of_record
TN:
SF:/home/runner/work/AEB-stellantis-project/AEB-stellantis-project/tests/test_uds.c
FN:103,121,test_read_did_ttc
FN:124,136,test_read_did_fsm_state
FN:139,155,test_read_did_brake_pressure
FN:158,170,test_read_did_unsupported
FN:177,197,test_clear_dtc
FN:204,219,test_routine_disable_aeb
FN:222,239,test_routine_enable_aeb
FN:242,253,test_routine_invalid_value
FN:256,267,test_routine_unsupported_rid
FN:274,282,test_dtc_sensor_fault
FN:285,292,test_dtc_crc_error
FN:295,302,test_dtc_actuator_fault
FN:305,314,test_dtc_latch_persists
FN:317,324,test_dtc_multiple_faults
FN:331,341,test_unsupported_sid
FN:344,352,test_empty_request
FN:359,373,test_ttc_zero
FN:376,390,test_ttc_max
FN:393,407,test_brake_pressure_max
FN:410,421,test_fsm_state_post_brake
FN:424,454,test_enable_disable_cycle
FN:457,474,test_dtc_clear_then_refault
FN:479,492,test_read_did_ttc_inf
FN:497,509,test_read_did_ttc_nan
FN:514,526,test_read_did_ttc_negative
FN:531,543,test_read_did_ttc_overflow
FN:548,560,test_read_did_brake_pressure_inf
FN:565,577,test_read_did_brake_pressure_nan
FN:582,594,test_read_did_brake_pressure_negative
FN:599,612,test_read_did_brake_pressure_overflow
FN:618,679,main
FN:72,81,reset
FN:88,96,test_init_defaults
FNDA:1,test_read_did_ttc
FNDA:1,test_read_did_fsm_state
FNDA:1,test_read_did_brake_pressure
FNDA:1,test_read_did_unsupported
FNDA:1,test_clear_dtc
FNDA:1,test_routine_disable_aeb
FNDA:1,test_routine_enable_aeb
FNDA:1,test_routine_invalid_value
FNDA:1,test_routine_unsupported_rid
FNDA:1,test_dtc_sensor_fault
FNDA:1,test_dtc_crc_error
FNDA:1,test_dtc_actuator_fault
FNDA:1,test_dtc_latch_persists
FNDA:1,test_dtc_multiple_faults
FNDA:1,test_unsupported_sid
FNDA:1,test_empty_request
FNDA:1,test_ttc_zero
FNDA:1,test_ttc_max
FNDA:1,test_brake_pressure_max
FNDA:1,test_fsm_state_post_brake
FNDA:1,test_enable_disable_cycle
FNDA:1,test_dtc_clear_then_refault
FNDA:1,test_read_did_ttc_inf
FNDA:1,test_read_did_ttc_nan
FNDA:1,test_read_did_ttc_negative
FNDA:1,test_read_did_ttc_overflow
FNDA:1,test_read_did_brake_pressure_inf
FNDA:1,test_read_did_brake_pressure_nan
FNDA:1,test_read_did_brake_pressure_negative
FNDA:1,test_read_did_brake_pressure_overflow
FNDA:1,main
FNDA:31,reset
FNDA:1,test_init_defaults
FNF:33
FNH:33
BRDA:93,0,0,0
BRDA:93,0,1,1
BRDA:93,0,2,0
BRDA:93,0,3,0
BRDA:94,0,0,0
BRDA:94,0,1,1
BRDA:94,0,2,0
BRDA:94,0,3,0
BRDA:95,0,0,0
BRDA:95,0,1,1
BRDA:95,0,2,0
BRDA:95,0,3,0
BRDA:115,0,0,0
BRDA:115,0,1,1
BRDA:115,0,2,0
BRDA:115,0,3,0
BRDA:116,0,0,0
BRDA:116,0,1,1
BRDA:116,0,2,0
BRDA:116,0,3,0
BRDA:117,0,0,0
BRDA:117,0,1,1
BRDA:117,0,2,0
BRDA:117,0,3,0
BRDA:120,0,0,0
BRDA:120,0,1,1
BRDA:120,0,2,0
BRDA:120,0,3,0
BRDA:134,0,0,0
BRDA:134,0,1,1
BRDA:134,0,2,0
BRDA:134,0,3,0
BRDA:135,0,0,0
BRDA:135,0,1,1
BRDA:135,0,2,0
BRDA:135,0,3,0
BRDA:151,0,0,0
BRDA:151,0,1,1
BRDA:151,0,2,0
BRDA:151,0,3,0
BRDA:154,0,0,0
BRDA:154,0,1,1
BRDA:154,0,2,0
BRDA:154,0,3,0
BRDA:167,0,0,0
BRDA:167,0,1,1
BRDA:167,0,2,0
BRDA:167,0,3,0
BRDA:168,0,0,0
BRDA:168,0,1,1
BRDA:168,0,2,0
BRDA:168,0,3,0
BRDA:169,0,0,0
BRDA:169,0,1,1
BRDA:169,0,2,0
BRDA:169,0,3,0
BRDA:184,0,0,0
BRDA:184,0,1,1
BRDA:184,0,2,0
BRDA:184,0,3,0
BRDA:185,0,0,0
BRDA:185,0,1,1
BRDA:185,0,2,0
BRDA:185,0,3,0
BRDA:191,0,0,0
BRDA:191,0,1,1
BRDA:191,0,2,0
BRDA:191,0,3,0
BRDA:195,0,0,0
BRDA:195,0,1,1
BRDA:195,0,2,0
BRDA:195,0,3,0
BRDA:196,0,0,0
BRDA:196,0,1,1
BRDA:196,0,2,0
BRDA:196,0,3,0
BRDA:214,0,0,0
BRDA:214,0,1,1
BRDA:214,0,2,0
BRDA:214,0,3,0
BRDA:215,0,0,0
BRDA:215,0,1,1
BRDA:215,0,2,0
BRDA:215,0,3,0
BRDA:218,0,0,0
BRDA:218,0,1,1
BRDA:218,0,2,0
BRDA:218,0,3,0
BRDA:234,0,0,0
BRDA:234,0,1,1
BRDA:234,0,2,0
BRDA:234,0,3,0
BRDA:235,0,0,0
BRDA:235,0,1,1
BRDA:235,0,2,0
BRDA:235,0,3,0
BRDA:238,0,0,0
BRDA:238,0,1,1
BRDA:238,0,2,0
BRDA:238,0,3,0
BRDA:252,0,0,0
BRDA:252,0,1,1
BRDA:252,0,2,0
BRDA:252,0,3,0
BRDA:266,0,0,0
BRDA:266,0,1,1
BRDA:266,0,2,0
BRDA:266,0,3,0
BRDA:280,0,0,0
BRDA:280,0,1,1
BRDA:280,0,2,0
BRDA:280,0,3,0
BRDA:281,0,0,0
BRDA:281,0,1,1
BRDA:281,0,2,0
BRDA:281,0,3,0
BRDA:291,0,0,0
BRDA:291,0,1,1
BRDA:291,0,2,0
BRDA:291,0,3,0
BRDA:301,0,0,0
BRDA:301,0,1,1
BRDA:301,0,2,0
BRDA:301,0,3,0
BRDA:312,0,0,0
BRDA:312,0,1,1
BRDA:312,0,2,0
BRDA:312,0,3,0
BRDA:313,0,0,0
BRDA:313,0,1,1
BRDA:313,0,2,0
BRDA:313,0,3,0
BRDA:323,0,0,0
BRDA:323,0,1,1
BRDA:323,0,2,0
BRDA:323,0,3,0
BRDA:338,0,0,0
BRDA:338,0,1,1
BRDA:338,0,2,0
BRDA:338,0,3,0
BRDA:339,0,0,0
BRDA:339,0,1,1
BRDA:339,0,2,0
BRDA:339,0,3,0
BRDA:340,0,0,0
BRDA:340,0,1,1
BRDA:340,0,2,0
BRDA:340,0,3,0
BRDA:351,0,0,0
BRDA:351,0,1,1
BRDA:351,0,2,0
BRDA:351,0,3,0
BRDA:372,0,0,0
BRDA:372,0,1,1
BRDA:372,0,2,0
BRDA:372,0,3,0
BRDA:389,0,0,0
BRDA:389,0,1,1
BRDA:389,0,2,0
BRDA:389,0,3,0
BRDA:406,0,0,0
BRDA:406,0,1,1
BRDA:406,0,2,0
BRDA:406,0,3,0
BRDA:420,0,0,0
BRDA:420,0,1,1
BRDA:420,0,2,0
BRDA:420,0,3,0
BRDA:436,0,0,0
BRDA:436,0,1,1
BRDA:436,0,2,0
BRDA:436,0,3,0
BRDA:443,0,0,0
BRDA:443,0,1,1
BRDA:443,0,2,0
BRDA:443,0,3,0
BRDA:453,0,0,0
BRDA:453,0,1,1
BRDA:453,0,2,0
BRDA:453,0,3,0
BRDA:467,0,0,0
BRDA:467,0,1,1
BRDA:467,0,2,0
BRDA:467,0,3,0
BRDA:472,0,0,0
BRDA:472,0,1,1
BRDA:472,0,2,0
BRDA:472,0,3,0
BRDA:473,0,0,0
BRDA:473,0,1,1
BRDA:473,0,2,0
BRDA:473,0,3,0
BRDA:490,0,0,0
BRDA:490,0,1,1
BRDA:490,0,2,0
BRDA:490,0,3,0
BRDA:491,0,0,0
BRDA:491,0,1,1
BRDA:491,0,2,0
BRDA:491,0,3,0
BRDA:507,0,0,0
BRDA:507,0,1,1
BRDA:507,0,2,0
BRDA:507,0,3,0
BRDA:508,0,0,0
BRDA:508,0,1,1
BRDA:508,0,2,0
BRDA:508,0,3,0
BRDA:524,0,0,0
BRDA:524,0,1,1
BRDA:524,0,2,0
BRDA:524,0,3,0
BRDA:525,0,0,0
BRDA:525,0,1,1
BRDA:525,0,2,0
BRDA:525,0,3,0
BRDA:541,0,0,0
BRDA:541,0,1,1
BRDA:541,0,2,0
BRDA:541,0,3,0
BRDA:542,0,0,0
BRDA:542,0,1,1
BRDA:542,0,2,0
BRDA:542,0,3,0
BRDA:558,0,0,0
BRDA:558,0,1,1
BRDA:558,0,2,0
BRDA:558,0,3,0
BRDA:559,0,0,0
BRDA:559,0,1,1
BRDA:559,0,2,0
BRDA:559,0,3,0
BRDA:575,0,0,0
BRDA:575,0,1,1
BRDA:575,0,2,0
BRDA:575,0,3,0
BRDA:576,0,0,0
BRDA:576,0,1,1
BRDA:576,0,2,0
BRDA:576,0,3,0
BRDA:592,0,0,0
BRDA:592,0,1,1
BRDA:592,0,2,0
BRDA:592,0,3,0
BRDA:593,0,0,0
BRDA:593,0,1,1
BRDA:593,0,2,0
BRDA:593,0,3,0
BRDA:610,0,0,0
BRDA:610,0,1,1
BRDA:610,0,2,0
BRDA:610,0,3,0
BRDA:611,0,0,0
BRDA:611,0,1,1
BRDA:611,0,2,0
BRDA:611,0,3,0
BRF:256
BRH:64
DA:72,31
DA:74,31
DA:75,31
DA:76,31
DA:77,31
DA:78,31
DA:79,31
DA:80,31
DA:81,31
DA:88,1
DA:90,1
DA:91,1
DA:93,1
DA:94,1
DA:95,1
DA:96,1
DA:103,1
DA:107,1
DA:108,1
DA:109,1
DA:110,1
DA:111,1
DA:113,1
DA:115,1
DA:116,1
DA:117,1
DA:119,1
DA:120,1
DA:121,1
DA:124,1
DA:126,1
DA:127,1
DA:128,1
DA:129,1
DA:130,1
DA:132,1
DA:134,1
DA:135,1
DA:136,1
DA:139,1
DA:143,1
DA:144,1
DA:145,1
DA:146,1
DA:147,1
DA:149,1
DA:151,1
DA:153,1
DA:154,1
DA:155,1
DA:158,1
DA:160,1
DA:161,1
DA:162,1
DA:163,1
DA:165,1
DA:167,1
DA:168,1
DA:169,1
DA:170,1
DA:177,1
DA:179,1
DA:182,1
DA:183,1
DA:184,1
DA:185,1
DA:188,1
DA:189,1
DA:191,1
DA:194,1
DA:195,1
DA:196,1
DA:197,1
DA:204,1
DA:206,1
DA:207,1
DA:208,1
DA:209,1
DA:210,1
DA:212,1
DA:214,1
DA:215,1
DA:217,1
DA:218,1
DA:219,1
DA:222,1
DA:224,1
DA:225,1
DA:227,1
DA:228,1
DA:229,1
DA:230,1
DA:232,1
DA:234,1
DA:235,1
DA:237,1
DA:238,1
DA:239,1
DA:242,1
DA:244,1
DA:245,1
DA:246,1
DA:247,1
DA:248,1
DA:250,1
DA:252,1
DA:253,1
DA:256,1
DA:258,1
DA:259,1
DA:260,1
DA:261,1
DA:262,1
DA:264,1
DA:266,1
DA:267,1
DA:274,1
DA:276,1
DA:277,1
DA:278,1
DA:280,1
DA:281,1
DA:282,1
DA:285,1
DA:287,1
DA:288,1
DA:289,1
DA:291,1
DA:292,1
DA:295,1
DA:297,1
DA:298,1
DA:299,1
DA:301,1
DA:302,1
DA:305,1
DA:307,1
DA:308,1
DA:309,1
DA:311,1
DA:312,1
DA:313,1
DA:314,1
DA:317,1
DA:319,1
DA:320,1
DA:321,1
DA:323,1
DA:324,1
DA:331,1
DA:333,1
DA:334,1
DA:336,1
DA:338,1
DA:339,1
DA:340,1
DA:341,1
DA:344,1
DA:346,1
DA:347,1
DA:349,1
DA:351,1
DA:352,1
DA:359,1
DA:363,1
DA:364,1
DA:365,1
DA:366,1
DA:367,1
DA:369,1
DA:371,1
DA:372,1
DA:373,1
DA:376,1
DA:380,1
DA:381,1
DA:382,1
DA:383,1
DA:384,1
DA:386,1
DA:388,1
DA:389,1
DA:390,1
DA:393,1
DA:397,1
DA:398,1
DA:399,1
DA:400,1
DA:401,1
DA:403,1
DA:405,1
DA:406,1
DA:407,1
DA:410,1
DA:412,1
DA:413,1
DA:414,1
DA:415,1
DA:416,1
DA:418,1
DA:420,1
DA:421,1
DA:424,1
DA:426,1
DA:429,1
DA:430,1
DA:431,1
DA:432,1
DA:433,1
DA:435,1
DA:436,1
DA:439,1
DA:440,1
DA:442,1
DA:443,1
DA:446,1
DA:447,1
DA:448,1
DA:449,1
DA:450,1
DA:452,1
DA:453,1
DA:454,1
DA:457,1
DA:459,1
DA:461,1
DA:463,1
DA:464,1
DA:466,1
DA:467,1
DA:469,1
DA:471,1
DA:472,1
DA:473,1
DA:474,1
DA:479,1
DA:481,1
DA:482,1
DA:483,1
DA:484,1
DA:485,1
DA:487,1
DA:490,1
DA:491,1
DA:492,1
DA:497,1
DA:499,1
DA:500,1
DA:501,1
DA:502,1
DA:503,1
DA:505,1
DA:507,1
DA:508,1
DA:509,1
DA:514,1
DA:516,1
DA:517,1
DA:518,1
DA:519,1
DA:520,1
DA:522,1
DA:524,1
DA:525,1
DA:526,1
DA:531,1
DA:533,1
DA:534,1
DA:535,1
DA:536,1
DA:537,1
DA:539,1
DA:541,1
DA:542,1
DA:543,1
DA:548,1
DA:550,1
DA:551,1
DA:552,1
DA:553,1
DA:554,1
DA:556,1
DA:558,1
DA:559,1
DA:560,1
DA:565,1
DA:567,1
DA:568,1
DA:569,1
DA:570,1
DA:571,1
DA:573,1
DA:575,1
DA:576,1
DA:577,1
DA:582,1
DA:584,1
DA:585,1
DA:586,1
DA:587,1
DA:588,1
DA:590,1
DA:592,1
DA:593,1
DA:594,1
DA:599,1
DA:601,1
DA:602,1
DA:603,1
DA:604,1
DA:605,1
DA:607,1
DA:610,1
DA:611,1
DA:612,1
DA:618,1
DA:620,1
DA:621,1
DA:622,1
DA:625,1
DA:628,1
DA:629,1
DA:630,1
DA:631,1
DA:634,1
DA:637,1
DA:638,1
DA:639,1
DA:640,1
DA:643,1
DA:644,1
DA:645,1
DA:646,1
DA:647,1
DA:650,1
DA:651,1
DA:654,1
DA:655,1
DA:656,1
DA:657,1
DA:658,1
DA:659,1
DA:662,1
DA:663,1
DA:664,1
DA:665,1
DA:668,1
DA:669,1
DA:670,1
DA:671,1
DA:673,1
DA:674,1
DA:676,1
DA:678,1
LF:354
LH:354
end_of_record
TN:
SF:/home/runner/work/AEB-stellantis-project/AEB-stellantis-project/tests/test_uds_fault.c
FN:110,121,fault_a1_ttc_nan
FN:124,135,fault_a2_ttc_pos_inf
FN:138,149,fault_a3_ttc_neg_inf
FN:152,163,fault_a4_brake_nan
FN:166,177,fault_a5_brake_pos_inf
FN:184,195,fault_b1_ttc_negative
FN:198,209,fault_b2_ttc_overflow
FN:212,223,fault_b3_ttc_float_max
FN:226,237,fault_b4_brake_negative
FN:240,251,fault_b5_brake_overflow
FN:264,272,fault_c1_aeb_enabled_corrupted
FN:284,295,fault_c2_dtc_flags_corrupted
FN:304,311,fault_c3_single_dtc_corrupted
FN:318,328,fault_d1_clear_while_active
FN:331,349,fault_d2_rapid_toggle
FN:352,363,fault_d3_unknown_sid_does_not_spoof
FN:369,406,main
FN:71,80,fault_reset
FN:93,103,resp_is_failsafe_or_negative
FNDA:1,fault_a1_ttc_nan
FNDA:1,fault_a2_ttc_pos_inf
FNDA:1,fault_a3_ttc_neg_inf
FNDA:1,fault_a4_brake_nan
FNDA:1,fault_a5_brake_pos_inf
FNDA:1,fault_b1_ttc_negative
FNDA:1,fault_b2_ttc_overflow
FNDA:1,fault_b3_ttc_float_max
FNDA:1,fault_b4_brake_negative
FNDA:1,fault_b5_brake_overflow
FNDA:1,fault_c1_aeb_enabled_corrupted
FNDA:1,fault_c2_dtc_flags_corrupted
FNDA:1,fault_c3_single_dtc_corrupted
FNDA:1,fault_d1_clear_while_active
FNDA:1,fault_d2_rapid_toggle
FNDA:1,fault_d3_unknown_sid_does_not_spoof
FNDA:1,main
FNDA:16,fault_reset
FNDA:10,resp_is_failsafe_or_negative
FNF:19
FNH:19
BRDA:95,0,0,10
BRDA:95,0,1,0
BRDA:98,0,0,-
BRDA:98,0,1,-
BRDA:100,0,0,-
BRDA:100,0,1,-
BRDA:100,0,2,-
BRDA:100,0,3,-
BRDA:120,0,0,1
BRDA:120,0,1,0
BRDA:134,0,0,1
BRDA:134,0,1,0
BRDA:148,0,0,1
BRDA:148,0,1,0
BRDA:162,0,0,1
BRDA:162,0,1,0
BRDA:176,0,0,1
BRDA:176,0,1,0
BRDA:194,0,0,1
BRDA:194,0,1,0
BRDA:208,0,0,1
BRDA:208,0,1,0
BRDA:222,0,0,1
BRDA:222,0,1,0
BRDA:236,0,0,1
BRDA:236,0,1,0
BRDA:250,0,0,1
BRDA:250,0,1,0
BRDA:270,0,0,1
BRDA:270,0,1,0
BRDA:270,0,2,1
BRDA:270,0,3,0
BRDA:292,0,0,1
BRDA:292,0,1,0
BRDA:293,0,0,1
BRDA:293,0,1,0
BRDA:293,0,2,1
BRDA:293,0,3,0
BRDA:310,0,0,1
BRDA:310,0,1,0
BRDA:327,0,0,1
BRDA:327,0,1,0
BRDA:336,0,0,100
BRDA:336,0,1,1
BRDA:345,0,0,1
BRDA:345,0,1,0
BRDA:345,0,2,1
BRDA:345,0,3,0
BRDA:348,0,0,1
BRDA:348,0,1,0
BRDA:361,0,0,1
BRDA:361,0,1,0
BRF:52
BRH:24
DA:71,16
DA:73,16
DA:74,16
DA:75,16
DA:76,16
DA:77,16
DA:78,16
DA:79,16
DA:80,16
DA:93,10
DA:95,10
DA:96,10
DA:98,0
DA:100,0
DA:102,0
DA:110,1
DA:112,1
DA:113,1
DA:114,1
DA:115,1
DA:116,1
DA:118,1
DA:120,1
DA:121,1
DA:124,1
DA:126,1
DA:127,1
DA:128,1
DA:129,1
DA:130,1
DA:132,1
DA:134,1
DA:135,1
DA:138,1
DA:140,1
DA:141,1
DA:142,1
DA:143,1
DA:144,1
DA:146,1
DA:148,1
DA:149,1
DA:152,1
DA:154,1
DA:155,1
DA:156,1
DA:157,1
DA:158,1
DA:160,1
DA:162,1
DA:163,1
DA:166,1
DA:168,1
DA:169,1
DA:170,1
DA:171,1
DA:172,1
DA:174,1
DA:176,1
DA:177,1
DA:184,1
DA:186,1
DA:187,1
DA:188,1
DA:189,1
DA:190,1
DA:192,1
DA:194,1
DA:195,1
DA:198,1
DA:200,1
DA:201,1
DA:202,1
DA:203,1
DA:204,1
DA:206,1
DA:208,1
DA:209,1
DA:212,1
DA:214,1
DA:215,1
DA:216,1
DA:217,1
DA:218,1
DA:220,1
DA:222,1
DA:223,1
DA:226,1
DA:228,1
DA:229,1
DA:230,1
DA:231,1
DA:232,1
DA:234,1
DA:236,1
DA:237,1
DA:240,1
DA:242,1
DA:243,1
DA:244,1
DA:245,1
DA:246,1
DA:248,1
DA:250,1
DA:251,1
DA:264,1
DA:266,1
DA:267,1
DA:268,1
DA:270,1
DA:272,1
DA:284,1
DA:286,1
DA:287,1
DA:288,1
DA:289,1
DA:290,1
DA:292,1
DA:293,1
DA:295,1
DA:304,1
DA:306,1
DA:307,1
DA:308,1
DA:310,1
DA:311,1
DA:318,1
DA:320,1
DA:321,1
DA:323,1
DA:324,1
DA:326,1
DA:327,1
DA:328,1
DA:331,1
DA:334,1
DA:336,101
DA:337,100
DA:338,100
DA:339,100
DA:340,100
DA:341,100
DA:344,1
DA:345,1
DA:348,1
DA:349,1
DA:352,1
DA:354,1
DA:355,1
DA:356,1
DA:357,1
DA:359,1
DA:361,1
DA:363,1
DA:369,1
DA:371,1
DA:372,1
DA:373,1
DA:374,1
DA:376,1
DA:377,1
DA:378,1
DA:379,1
DA:380,1
DA:381,1
DA:383,1
DA:384,1
DA:385,1
DA:386,1
DA:387,1
DA:388,1
DA:390,1
DA:391,1
DA:392,1
DA:393,1
DA:395,1
DA:396,1
DA:397,1
DA:398,1
DA:400,1
DA:401,1
DA:403,1
DA:405,1
LF:183
LH:180
end_of_record
