        -:    0:Source:/home/runner/work/AEB-stellantis-project/AEB-stellantis-project/src/communication/aeb_uds.c
        -:    0:Graph:aeb_uds.gcno
        -:    0:Data:aeb_uds.gcda
        -:    0:Runs:2
        -:    1:/**
        -:    2: * @file aeb_uds.c
        -:    3: * @brief UDS Diagnostics server — C translation of Simulink UDS_Server.
        -:    4: *
        -:    5: * Direct translation of the MATLAB Function block (chart_117):
        -:    6: *   - Persistent variables  ->  uds_state_t struct members.
        -:    7: *   - Immediate DTC latch (DD-UDS-01).
        -:    8: *   - Scaled integer encoding for DIDs (DD-UDS-03 encoding).
        -:    9: *   - Persistent aeb_enabled across cycles (DD-UDS-02).
        -:   10: *   - Negative response 0x7F for unsupported SID/DID (DD-UDS-03).
        -:   11: *
        -:   12: * @req FR-UDS-001..005, FR-COD-001, FR-COD-003
        -:   13: *
        -:   14: * @version 1.0
        -:   15: * @date 2026-04
        -:   16: */
        -:   17:
        -:   18:#include "aeb_uds.h"
        -:   19:#include "aeb_config.h"
        -:   20:#include <math.h>   /* isfinite() — Bug #1 defensive clamping */
        -:   21:
        -:   22:/* ===================================================================
        -:   23: * Static helpers
        -:   24: * =================================================================== */
        -:   25:
        -:   26:/**
        -:   27: * @brief Zero-initialise a UDS response.
        -:   28: */
function uds_clear_response called 139 returned 100% blocks executed 100%
      139:   29:static void uds_clear_response(uds_response_t *response)
        -:   30:{
      139:   31:    response->response_sid  = 0U;
      139:   32:    response->did_high_resp = 0U;
      139:   33:    response->did_low_resp  = 0U;
      139:   34:    response->data1         = 0U;
      139:   35:    response->data2         = 0U;
      139:   36:    response->data3         = 0U;
      139:   37:    response->data4         = 0U;
      139:   38:    response->data5         = 0U;
      139:   39:}
        -:   40:
        -:   41:/**
        -:   42: * @brief Build a negative response (SID 0x7F).
        -:   43: */
function uds_send_negative called 23 returned 100% blocks executed 100%
       23:   44:static void uds_send_negative(uds_response_t *response,
        -:   45:                              uint8_t original_sid,
        -:   46:                              uint8_t nrc)
        -:   47:{
       23:   48:    response->response_sid  = UDS_SID_NEGATIVE_RESP;
       23:   49:    response->did_high_resp = original_sid;
       23:   50:    response->did_low_resp  = nrc;
       23:   51:}
        -:   52:
        -:   53:/* ===================================================================
        -:   54: * SID 0x22 — ReadDataByIdentifier
        -:   55: * =================================================================== */
        -:   56:
        -:   57:/**
        -:   58: * @brief Handle SID 0x22.
        -:   59: *
        -:   60: * DIDs supported:
        -:   61: *   0xF100 — TTC  (scaled x100, little-endian uint16).
        -:   62: *   0xF101 — FSM state (raw uint8 in data1).
        -:   63: *   0xF102 — Brake pressure (scaled x10, little-endian uint16).
        -:   64: *
        -:   65: * @req FR-UDS-001
        -:   66: */
function uds_handle_read_did called 26 returned 100% blocks executed 100%
       26:   67:static void uds_handle_read_did(const uds_request_t *request,
        -:   68:                                uds_response_t *response,
        -:   69:                                const fsm_output_t *fsm_out,
        -:   70:                                const pid_output_t *pid_out,
        -:   71:                                const ttc_output_t *ttc_out)
        -:   72:{
        -:   73:    uint16_t requested_id;
       26:   74:    uint16_t scaled_val = 0U;
        -:   75:
       26:   76:    requested_id = ((uint16_t)request->did_high * 256U)
       26:   77:                 + (uint16_t)request->did_low;
        -:   78:
       26:   79:    switch (requested_id)
branch  0 taken 13
branch  1 taken 2
branch  2 taken 10
branch  3 taken 1
        -:   80:    {
       13:   81:        case UDS_DID_TTC_VAL:           /* 0xF100 */
        -:   82:        {
        -:   83:            /* Bug #1 fix: validate float before cast to uint16_t.
        -:   84:             * C11 §6.3.1.4: float->int cast is UB if out of range.
        -:   85:             * Guards NaN, +/-Inf, negatives, and values exceeding
        -:   86:             * UINT16_MAX after the x100 scaling (i.e. > 655.35). */
       13:   87:            if (!isfinite(ttc_out->ttc) ||
branch  0 taken 8 (fallthrough)
branch  1 taken 5
condition outcomes covered 6/6
        8:   88:                (ttc_out->ttc < 0.0f)   ||
branch  0 taken 6 (fallthrough)
branch  1 taken 2
        6:   89:                (ttc_out->ttc > 655.35f))
branch  0 taken 3 (fallthrough)
branch  1 taken 3
        -:   90:            {
       10:   91:                uds_send_negative(response,
call    0 returned 10
        -:   92:                                  UDS_SID_READ_DID,
        -:   93:                                  UDS_NRC_REQUEST_OOR);
       10:   94:                break;
        -:   95:            }
        -:   96:
        3:   97:            scaled_val = (uint16_t)(ttc_out->ttc * 100.0f);
        -:   98:
        3:   99:            response->response_sid  = UDS_SID_READ_DID_RESP;
        3:  100:            response->did_high_resp = request->did_high;
        3:  101:            response->did_low_resp  = request->did_low;
        3:  102:            response->data1         = (uint8_t)(scaled_val & 0x00FFU);
        3:  103:            response->data2         = (uint8_t)((scaled_val >> 8U) & 0x00FFU);
        3:  104:            break;
        -:  105:        }
        -:  106:
        2:  107:        case UDS_DID_FSM_STATE_VAL:     /* 0xF101 */
        -:  108:        {
        2:  109:            response->response_sid  = UDS_SID_READ_DID_RESP;
        2:  110:            response->did_high_resp = request->did_high;
        2:  111:            response->did_low_resp  = request->did_low;
        2:  112:            response->data1         = fsm_out->fsm_state;
        2:  113:            break;
        -:  114:        }
        -:  115:
       10:  116:        case UDS_DID_BRAKE_PRESS_VAL:   /* 0xF102 */
        -:  117:        {
        -:  118:            /* Bug #1 fix: validate float before cast to uint16_t.
        -:  119:             * Guards NaN, +/-Inf, negatives, and values exceeding
        -:  120:             * UINT16_MAX after the x10 scaling (i.e. > 6553.5). */
       10:  121:            if (!isfinite(pid_out->brake_pct) ||
branch  0 taken 6 (fallthrough)
branch  1 taken 4
condition outcomes covered 6/6
        6:  122:                (pid_out->brake_pct < 0.0f)   ||
branch  0 taken 4 (fallthrough)
branch  1 taken 2
        4:  123:                (pid_out->brake_pct > 6553.5f))
branch  0 taken 2 (fallthrough)
branch  1 taken 2
        -:  124:            {
        8:  125:                uds_send_negative(response,
call    0 returned 8
        -:  126:                                  UDS_SID_READ_DID,
        -:  127:                                  UDS_NRC_REQUEST_OOR);
        8:  128:                break;
        -:  129:            }
        -:  130:
        2:  131:            scaled_val = (uint16_t)(pid_out->brake_pct * 10.0f);
        -:  132:
        2:  133:            response->response_sid  = UDS_SID_READ_DID_RESP;
        2:  134:            response->did_high_resp = request->did_high;
        2:  135:            response->did_low_resp  = request->did_low;
        2:  136:            response->data1         = (uint8_t)(scaled_val & 0x00FFU);
        2:  137:            response->data2         = (uint8_t)((scaled_val >> 8U) & 0x00FFU);
        2:  138:            break;
        -:  139:        }
        -:  140:
        1:  141:        default:    /* DID not supported — NRC 0x31 */
        -:  142:        {
        1:  143:            uds_send_negative(response,
call    0 returned 1
        -:  144:                              UDS_SID_READ_DID,
        -:  145:                              UDS_NRC_REQUEST_OOR);
        1:  146:            break;
        -:  147:        }
        -:  148:    }
       26:  149:}
        -:  150:
        -:  151:/* ===================================================================
        -:  152: * SID 0x14 — ClearDiagnosticInformation
        -:  153: * =================================================================== */
        -:  154:
        -:  155:/**
        -:  156: * @brief Handle SID 0x14 — reset all stored DTCs.
        -:  157: * @req FR-UDS-003
        -:  158: */
function uds_handle_clear_dtc called 3 returned 100% blocks executed 100%
        3:  159:static void uds_handle_clear_dtc(uds_state_t *state,
        -:  160:                                 uds_response_t *response)
        -:  161:{
        3:  162:    state->dtc_sensor   = 0U;
        3:  163:    state->dtc_crc      = 0U;
        3:  164:    state->dtc_actuator = 0U;
        -:  165:
        3:  166:    response->response_sid = UDS_SID_CLEAR_DTC_RESP;
        3:  167:}
        -:  168:
        -:  169:/* ===================================================================
        -:  170: * SID 0x31 — RoutineControl
        -:  171: * =================================================================== */
        -:  172:
        -:  173:/**
        -:  174: * @brief Handle SID 0x31, routine 0x0301 — AEB enable/disable.
        -:  175: * @req FR-UDS-004
        -:  176: */
function uds_handle_routine_ctrl called 106 returned 100% blocks executed 100%
      106:  177:static void uds_handle_routine_ctrl(uds_state_t *state,
        -:  178:                                    const uds_request_t *request,
        -:  179:                                    uds_response_t *response)
        -:  180:{
        -:  181:    uint16_t routine_id;
        -:  182:
      106:  183:    routine_id = ((uint16_t)request->did_high * 256U)
      106:  184:               + (uint16_t)request->did_low;
        -:  185:
      106:  186:    if (routine_id == UDS_RID_AEB_CTRL)     /* 0x0301 */
branch  0 taken 105 (fallthrough)
branch  1 taken 1
condition outcomes covered 2/2
        -:  187:    {
      105:  188:        if (request->value == 0U)           /* Disable */
branch  0 taken 52 (fallthrough)
branch  1 taken 53
condition outcomes covered 2/2
        -:  189:        {
       52:  190:            state->aeb_enabled = 0U;
        -:  191:
       52:  192:            response->response_sid  = UDS_SID_ROUTINE_CTRL_RESP;
       52:  193:            response->did_high_resp = request->did_high;
       52:  194:            response->did_low_resp  = request->did_low;
       52:  195:            response->data1         = 0U;
        -:  196:        }
       53:  197:        else if (request->value == 1U)      /* Enable */
branch  0 taken 52 (fallthrough)
branch  1 taken 1
condition outcomes covered 2/2
        -:  198:        {
       52:  199:            state->aeb_enabled = 1U;
        -:  200:
       52:  201:            response->response_sid  = UDS_SID_ROUTINE_CTRL_RESP;
       52:  202:            response->did_high_resp = request->did_high;
       52:  203:            response->did_low_resp  = request->did_low;
       52:  204:            response->data1         = 1U;
        -:  205:        }
        -:  206:        else                                /* Invalid value */
        -:  207:        {
        1:  208:            uds_send_negative(response,
call    0 returned 1
        -:  209:                              UDS_SID_ROUTINE_CTRL,
        -:  210:                              UDS_NRC_REQUEST_OOR);
        -:  211:        }
        -:  212:    }
        -:  213:    else                                    /* Routine not supported */
        -:  214:    {
        1:  215:        uds_send_negative(response,
call    0 returned 1
        -:  216:                          UDS_SID_ROUTINE_CTRL,
        -:  217:                          UDS_NRC_REQUEST_OOR);
        -:  218:    }
      106:  219:}
        -:  220:
        -:  221:/* ===================================================================
        -:  222: * Public API
        -:  223: * =================================================================== */
        -:  224:
function uds_init called 47 returned 100% blocks executed 100%
       47:  225:void uds_init(uds_state_t *state)
        -:  226:{
       47:  227:    state->aeb_enabled  = 1U;
       47:  228:    state->dtc_sensor   = 0U;
       47:  229:    state->dtc_crc      = 0U;
       47:  230:    state->dtc_actuator = 0U;
       47:  231:}
        -:  232:
function uds_monitor_faults called 10 returned 100% blocks executed 100%
       10:  233:void uds_monitor_faults(uds_state_t *state,
        -:  234:                        uint8_t sensor_fault,
        -:  235:                        uint8_t crc_error,
        -:  236:                        uint8_t actuator_fault)
        -:  237:{
        -:  238:    /* DD-UDS-01: immediate latch, no debounce. */
       10:  239:    if (sensor_fault != 0U)
branch  0 taken 6 (fallthrough)
branch  1 taken 4
condition outcomes covered 2/2
        -:  240:    {
        6:  241:        state->dtc_sensor = 1U;
        -:  242:    }
        -:  243:
       10:  244:    if (crc_error != 0U)
branch  0 taken 4 (fallthrough)
branch  1 taken 6
condition outcomes covered 2/2
        -:  245:    {
        4:  246:        state->dtc_crc = 1U;
        -:  247:    }
        -:  248:
       10:  249:    if (actuator_fault != 0U)
branch  0 taken 3 (fallthrough)
branch  1 taken 7
condition outcomes covered 2/2
        -:  250:    {
        3:  251:        state->dtc_actuator = 1U;
        -:  252:    }
       10:  253:}
        -:  254:
function uds_process_request called 139 returned 100% blocks executed 100%
      139:  255:void uds_process_request(uds_state_t *state,
        -:  256:                         const uds_request_t *request,
        -:  257:                         uds_response_t *response,
        -:  258:                         const fsm_output_t *fsm_out,
        -:  259:                         const pid_output_t *pid_out,
        -:  260:                         const ttc_output_t *ttc_out)
        -:  261:{
      139:  262:    uds_clear_response(response);
call    0 returned 139
        -:  263:
        -:  264:    /* Only process if sid is valid (sid != 0) — single exit point (Rule 15.5) */
      139:  265:    if (request->sid != 0U)
branch  0 taken 137 (fallthrough)
branch  1 taken 2
condition outcomes covered 2/2
        -:  266:    {
      137:  267:        switch (request->sid)
branch  0 taken 26
branch  1 taken 3
branch  2 taken 106
branch  3 taken 2
        -:  268:        {
       26:  269:            case UDS_SID_READ_DID:          /* 0x22 */
        -:  270:            {
       26:  271:                uds_handle_read_did(request, response,
call    0 returned 26
        -:  272:                                    fsm_out, pid_out, ttc_out);
       26:  273:                break;
        -:  274:            }
        -:  275:
        3:  276:            case UDS_SID_CLEAR_DTC:         /* 0x14 */
        -:  277:            {
        3:  278:                uds_handle_clear_dtc(state, response);
call    0 returned 3
        3:  279:                break;
        -:  280:            }
        -:  281:
      106:  282:            case UDS_SID_ROUTINE_CTRL:      /* 0x31 */
        -:  283:            {
      106:  284:                uds_handle_routine_ctrl(state, request, response);
call    0 returned 106
      106:  285:                break;
        -:  286:            }
        -:  287:
        2:  288:            default:                        /* NRC 0x11 */
        -:  289:            {
        2:  290:                uds_send_negative(response,
        2:  291:                                  request->sid,
call    0 returned 2
        -:  292:                                  UDS_NRC_SERVICE_NOT_SUPP);
        2:  293:                break;
        -:  294:            }
        -:  295:        }
        -:  296:    }
      139:  297:}
        -:  298:
function uds_get_output called 20 returned 100% blocks executed 100%
       20:  299:void uds_get_output(const uds_state_t *state, uds_output_t *output)
        -:  300:{
        -:  301:    /* Bugs #2 and #3 fix: Boolean normalisation against SEU (single-event upset).
        -:  302:     * Each flag is specified as Boolean (0 or 1), but a bit-flip from EMI,
        -:  303:     * voltage glitch, or cosmic radiation may corrupt the raw byte to values
        -:  304:     * like 0xAA or 0xFF. Without normalisation:
        -:  305:     *   - aeb_enabled could be propagated as a non-Boolean, mis-read by
        -:  306:     *     consumers using "== 1U" vs implicit truthiness tests.
        -:  307:     *   - dtc_count (uint8_t sum of three flags) could overflow/wrap
        -:  308:     *     (e.g. 3*0xFF = 0x2FD -> 0xFD), producing a nonsensical count.
        -:  309:     * Normalising each flag via (x != 0U) ? 1U : 0U bounds the sum to [0..3]
        -:  310:     * and delivers deterministic Boolean semantics to downstream consumers. */
       20:  311:    uint8_t s = (state->dtc_sensor   != 0U) ? 1U : 0U;
branch  0 taken 6 (fallthrough)
branch  1 taken 14
condition outcomes covered 2/2
       20:  312:    uint8_t c = (state->dtc_crc      != 0U) ? 1U : 0U;
branch  0 taken 5 (fallthrough)
branch  1 taken 15
condition outcomes covered 2/2
       20:  313:    uint8_t a = (state->dtc_actuator != 0U) ? 1U : 0U;
branch  0 taken 4 (fallthrough)
branch  1 taken 16
condition outcomes covered 2/2
        -:  314:
       20:  315:    output->aeb_enabled = (state->aeb_enabled != 0U) ? 1U : 0U;
branch  0 taken 17 (fallthrough)
branch  1 taken 3
condition outcomes covered 2/2
       20:  316:    output->dtc_count   = (uint8_t)(s + c + a);                /* <= 3 */
       20:  317:    output->fault_lamp  = (output->dtc_count > 0U) ? 1U : 0U;
branch  0 taken 9 (fallthrough)
branch  1 taken 11
condition outcomes covered 2/2
       20:  318:}
